#
# A fatal error has been detected by the Java Runtime Environment:
#
#  SIGSEGV (0xb) at pc=0x00000001066f1214, pid=51629, tid=259
#
# JRE version: OpenJDK Runtime Environment Homebrew (19.0) (build 19)
# Java VM: OpenJDK 64-Bit Server VM Homebrew (19, mixed mode, sharing, tiered, compressed oops, compressed class ptrs, g1 gc, bsd-aarch64)
# Problematic frame:
# V  [libjvm.dylib+0x79d214]  _ZL10SR_handleriP9__siginfoP17__darwin_ucontext+0x54
#
# No core dump will be written. Core dumps have been disabled. To enable core dumping, try "ulimit -c unlimited" before starting Java again
#
# If you would like to submit a bug report, please visit:
#   https://github.com/Homebrew/homebrew-core/issues
#

---------------  S U M M A R Y ------------

Command Line: -javaagent:/Users/ngan.dang/.m2/repository/org/aspectj/aspectjweaver/1.9.9.1/aspectjweaver-1.9.9.1.jar /Users/ngan.dang/Testing/mini-app-center/target/surefire/surefirebooter-20221025171800565_3.jar /Users/ngan.dang/Testing/mini-app-center/target/surefire 2022-10-25T17-18-00_179-jvmRun1 surefire-20221025171800565_1tmp surefire_0-20221025171800565_2tmp

Host: "Macmini9,1" arm64, 8 cores, 16G, Darwin 21.6.0, macOS 12.5.1 (21G83)
Time: Tue Oct 25 17:23:06 2022 +07 elapsed time: 306.243753 seconds (0d 0h 5m 6s)

---------------  T H R E A D  ---------------

Current thread is native thread

Stack: [0x000000016a80c000,0x000000016b008000],  sp=0x000000016b0047c0,  free space=8161k
Native frames: (J=compiled Java code, j=interpreted, Vv=VM code, C=native code)
V  [libjvm.dylib+0x79d214]  _ZL10SR_handleriP9__siginfoP17__darwin_ucontext+0x54
C  [libsystem_platform.dylib+0x44a4]  _sigtramp+0x38
C  [libsystem_kernel.dylib+0x1d20]  mach_msg+0x4c
C  [CoreFoundation+0x852c0]  __CFRunLoopServiceMachPort+0x174
C  [CoreFoundation+0x83770]  __CFRunLoopRun+0x49c
C  [CoreFoundation+0x82b34]  CFRunLoopRunSpecific+0x258
C  [libjli.dylib+0xb094]  CreateExecutionEnvironment+0x190
C  [libjli.dylib+0x7794]  JLI_Launch+0x4b8
C  [java+0x3bc4]  main+0x188
C  0x0000000104f8508c


siginfo: si_signo: 11 (SIGSEGV), si_code: 2 (SEGV_ACCERR), si_addr: 0x0000000000000280

Registers:
 x0=0x0000000000000000  x1=0x0000000000000000  x2=0x0000000000000000  x3=0x000000016b004840
 x4=0x000000016b0048a8  x5=0xd221d91d08f3f0b2  x6=0x0000000000000000  x7=0x0000600003804000
 x8=0x0000000104ff8660  x9=0x0000000203525b20 x10=0xa31de484951500c8 x11=0x000000b2f4b05608
x12=0x0000000000002bb0 x13=0x00000000016e3600 x14=0x0000000000000000 x15=0x0000000000000000
x16=0x00000001aa5c30fc x17=0x00000002046eb690 x18=0x0000000000000000 x19=0xd221d91d08f3f0b2
x20=0x000000016b0048a8 x21=0x000000016b004840 x22=0x0000000000000001 x23=0x000000016b004e60
x24=0x0000000007000806 x25=0x0000000000000000 x26=0x0000000007000806 x27=0x0000000000001203
x28=0x0000000000001203  fp=0x000000016b004800  lr=0x00000001066f1214  sp=0x000000016b0047c0
pc=0x00000001066f1214 cpsr=0x0000000000001000

Top of Stack: (sp=0x000000016b0047c0)
0x000000016b0047c0:   0000000000000000 0000069800000000
0x000000016b0047d0:   0000000007000806 000000016b004e60
0x000000016b0047e0:   0000000000000c00 0000000203526000
0x000000016b0047f0:   000000016b0048a8 d221d91d08f3f0b2
0x000000016b004800:   000000016b004830 00000001aa5df4a4
0x000000016b004810:   0000000000000c00 0000000000001203
0x000000016b004820:   00000000ffffffff 0000000000000000
0x000000016b004830:   000000016b004ce0 2d708001aa58ad20
0x000000016b004840:   000000000000001f 0000cb5b00000000
0x000000016b004850:   0000001f000001f6 00000001aa58a8b0
0x000000016b004860:   0000000000000000 0000000000000000
0x000000016b004870:   0000000000000000 0000000000000000
0x000000016b004880:   0000000000000000 0000000000000000
0x000000016b004890:   0000000000000000 0000000000000000
0x000000016b0048a0:   0000000000000000 0000000400000000
0x000000016b0048b0:   000000016b004840 0000000000000000
0x000000016b0048c0:   0000000000000000 0000000000000000
0x000000016b0048d0:   0000000000000330 000000016b0048e0
0x000000016b0048e0:   0000000202b91220 0000000056000080
0x000000016b0048f0:   0000000010004005 0000000007000806
0x000000016b004900:   0000000000000000 0000000000000c00
0x000000016b004910:   0000000000001203 00000000ffffffff
0x000000016b004920:   0000000000000000 0000600003804000
0x000000016b004930:   00000000fffffbbf 00000000a362a5c8
0x000000016b004940:   a31de484951500c8 000000b2f4b05608
0x000000016b004950:   0000000000002bb0 00000000016e3600
0x000000016b004960:   0000000000000000 0000000000000000
0x000000016b004970:   ffffffffffffffe1 0000000203d2fe68
0x000000016b004980:   0000000000000000 0000000000000000
0x000000016b004990:   00000000ffffffff 0000000000001203
0x000000016b0049a0:   0000000000000c00 000000016b004e60
0x000000016b0049b0:   0000000007000806 0000000000000000 

Instructions: (pc=0x00000001066f1214)
0x00000001066f1114:   52800848 b9002fe8 10000528 d503201f
0x00000001066f1124:   f90013e8 910083e8 91002102 52800020
0x00000001066f1134:   d2800001 94052a02 b9402be8 1280d309
0x00000001066f1144:   0a090108 b9002be8 b941a260 910083e1
0x00000001066f1154:   d2800002 94052a3c 3100041f 54000280
0x00000001066f1164:   b941a274 51000688 7100791f 54000168
0x00000001066f1174:   52800200 52800121 52800002 97e66609
0x00000001066f1184:   b0001d48 91140108 f8347900 3dc00be0
0x00000001066f1194:   3d800000 b941a274 52800000 b0001d48
0x00000001066f11a4:   911e8508 52800029 3834c909 a9447bfd
0x00000001066f11b4:   a9434ff4 910143ff d65f03c0 d10143ff
0x00000001066f11c4:   a9015ff8 a90257f6 a9034ff4 a9047bfd
0x00000001066f11d4:   910103fd aa0203f4 aa0103f5 94052825
0x00000001066f11e4:   b9400016 5280d308 b9000fe8 910033e1
0x00000001066f11f4:   52800040 d2800002 940529d1 9402791c
0x00000001066f1204:   aa0003e8 d2800000 34000048 9402791e
0x00000001066f1214:   f9414008 b40007e8 f9412417 aa1703f3
0x00000001066f1224:   b841ce68 7100051f 54000701 a98252f5
0x00000001066f1234:   aa1303e0 52800021 52800042 97fc8b7c
0x00000001066f1244:   34000620 7100081f 540004a1 b9000bff
0x00000001066f1254:   52800034 910023e2 52800020 d2800001
0x00000001066f1264:   940529b7 d00018e8 b941a108 51000509
0x00000001066f1274:   1ac92289 7100811f 12800008 5a89c108
0x00000001066f1284:   b9400be9 0a090108 b9000be8 b0001d40
0x00000001066f1294:   911c0000 52800021 97fe49db b0000ef4
0x00000001066f12a4:   91306e94 910023e0 940529f0 aa1303e0
0x00000001066f12b4:   52800061 52800002 97fc8b5d 7100081f
0x00000001066f12c4:   54ffff20 34000180 aa1403e0 5280cd61
0x00000001066f12d4:   97eb76d9 97fc8f25 17fffff3 b0000ee0
0x00000001066f12e4:   91306c00 5280ce41 97eb76d3 97fc8f1f
0x00000001066f12f4:   14000005 b0001d40 911c0000 52800021
0x00000001066f1304:   97fe49c1 a9007eff 940527da b9000016 



---------------  P R O C E S S  ---------------

VM state: not at safepoint (normal execution)

VM Mutex/Monitor currently owned by a thread: None

Heap address: 0x0000000700000000, size: 4096 MB, Compressed Oops mode: Zero based, Oop shift amount: 3

CDS archive(s) mapped at: [0x0000000800000000-0x0000000800c44000-0x0000000800c44000), size 12861440, SharedBaseAddress: 0x0000000800000000, ArchiveRelocationMode: 0.
Compressed class space mapped at: 0x0000000801000000-0x0000000841000000, reserved size: 1073741824
Narrow klass base: 0x0000000800000000, Narrow klass shift: 0, Narrow klass range: 0x100000000

GC Precious Log:
<Skipped>

Heap:
 garbage-first heap   total 419840K, used 216236K [0x0000000700000000, 0x0000000800000000)
  region size 2048K, 49 young (100352K), 9 survivors (18432K)
 Metaspace       used 54209K, committed 54592K, reserved 1114112K
  class space    used 5898K, committed 6080K, reserved 1048576K

Heap Regions: E=young(eden), S=young(survivor), O=old, HS=humongous(starts), HC=humongous(continues), CS=collection set, F=free, OA=open archive, CA=closed archive, TAMS=top-at-mark-start (previous, next)
|   0|0x0000000700000000, 0x0000000700200000, 0x0000000700200000|100%| O|  |TAMS 0x0000000700200000, 0x0000000700000000| Untracked 
|   1|0x0000000700200000, 0x0000000700400000, 0x0000000700400000|100%| O|  |TAMS 0x0000000700400000, 0x0000000700200000| Untracked 
|   2|0x0000000700400000, 0x0000000700600000, 0x0000000700600000|100%| O|  |TAMS 0x0000000700600000, 0x0000000700400000| Untracked 
|   3|0x0000000700600000, 0x0000000700800000, 0x0000000700800000|100%| O|  |TAMS 0x0000000700800000, 0x0000000700600000| Untracked 
|   4|0x0000000700800000, 0x0000000700a00000, 0x0000000700a00000|100%| O|  |TAMS 0x0000000700a00000, 0x0000000700800000| Untracked 
|   5|0x0000000700a00000, 0x0000000700c00000, 0x0000000700c00000|100%| O|  |TAMS 0x0000000700c00000, 0x0000000700a00000| Untracked 
|   6|0x0000000700c00000, 0x0000000700e00000, 0x0000000700e00000|100%| O|  |TAMS 0x0000000700e00000, 0x0000000700c00000| Untracked 
|   7|0x0000000700e00000, 0x0000000701000000, 0x0000000701000000|100%| O|  |TAMS 0x0000000701000000, 0x0000000700e00000| Untracked 
|   8|0x0000000701000000, 0x0000000701200000, 0x0000000701200000|100%| O|  |TAMS 0x0000000701200000, 0x0000000701000000| Untracked 
|   9|0x0000000701200000, 0x0000000701400000, 0x0000000701400000|100%| O|  |TAMS 0x0000000701400000, 0x0000000701200000| Untracked 
|  10|0x0000000701400000, 0x0000000701600000, 0x0000000701600000|100%| O|  |TAMS 0x0000000701600000, 0x0000000701400000| Untracked 
|  11|0x0000000701600000, 0x0000000701800000, 0x0000000701800000|100%| O|  |TAMS 0x0000000701800000, 0x0000000701600000| Untracked 
|  12|0x0000000701800000, 0x0000000701a00000, 0x0000000701a00000|100%| O|  |TAMS 0x0000000701a00000, 0x0000000701800000| Untracked 
|  13|0x0000000701a00000, 0x0000000701c00000, 0x0000000701c00000|100%| O|  |TAMS 0x0000000701a00000, 0x0000000701a00000| Untracked 
|  14|0x0000000701c00000, 0x0000000701e00000, 0x0000000701e00000|100%| O|  |TAMS 0x0000000701e00000, 0x0000000701c00000| Untracked 
|  15|0x0000000701e00000, 0x0000000702000000, 0x0000000702000000|100%| O|  |TAMS 0x0000000702000000, 0x0000000701e00000| Untracked 
|  16|0x0000000702000000, 0x0000000702200000, 0x0000000702200000|100%| O|  |TAMS 0x0000000702200000, 0x0000000702000000| Untracked 
|  17|0x0000000702200000, 0x0000000702400000, 0x0000000702400000|100%| O|  |TAMS 0x0000000702400000, 0x0000000702200000| Untracked 
|  18|0x0000000702400000, 0x0000000702600000, 0x0000000702600000|100%| O|  |TAMS 0x0000000702600000, 0x0000000702400000| Untracked 
|  19|0x0000000702600000, 0x0000000702800000, 0x0000000702800000|100%| O|  |TAMS 0x0000000702800000, 0x0000000702600000| Untracked 
|  20|0x0000000702800000, 0x0000000702a00000, 0x0000000702a00000|100%| O|  |TAMS 0x0000000702a00000, 0x0000000702800000| Untracked 
|  21|0x0000000702a00000, 0x0000000702c00000, 0x0000000702c00000|100%| O|  |TAMS 0x0000000702c00000, 0x0000000702a00000| Untracked 
|  22|0x0000000702c00000, 0x0000000702e00000, 0x0000000702e00000|100%| O|  |TAMS 0x0000000702c00000, 0x0000000702c00000| Untracked 
|  23|0x0000000702e00000, 0x0000000703000000, 0x0000000703000000|100%| O|  |TAMS 0x0000000702e00000, 0x0000000702e00000| Untracked 
|  24|0x0000000703000000, 0x0000000703200000, 0x0000000703200000|100%| O|  |TAMS 0x0000000703000000, 0x0000000703000000| Untracked 
|  25|0x0000000703200000, 0x0000000703400000, 0x0000000703400000|100%| O|  |TAMS 0x0000000703200000, 0x0000000703200000| Untracked 
|  26|0x0000000703400000, 0x0000000703600000, 0x0000000703600000|100%| O|  |TAMS 0x0000000703400000, 0x0000000703400000| Untracked 
|  27|0x0000000703600000, 0x0000000703800000, 0x0000000703800000|100%| O|  |TAMS 0x0000000703600000, 0x0000000703600000| Untracked 
|  28|0x0000000703800000, 0x0000000703a00000, 0x0000000703a00000|100%| O|  |TAMS 0x0000000703a00000, 0x0000000703800000| Untracked 
|  29|0x0000000703a00000, 0x0000000703c00000, 0x0000000703c00000|100%| O|  |TAMS 0x0000000703c00000, 0x0000000703a00000| Untracked 
|  30|0x0000000703c00000, 0x0000000703e00000, 0x0000000703e00000|100%| O|  |TAMS 0x0000000703c00000, 0x0000000703c00000| Untracked 
|  31|0x0000000703e00000, 0x0000000704000000, 0x0000000704000000|100%|HS|  |TAMS 0x0000000703e00000, 0x0000000703e00000| Complete 
|  32|0x0000000704000000, 0x0000000704200000, 0x0000000704200000|100%|HC|  |TAMS 0x0000000704000000, 0x0000000704000000| Complete 
|  33|0x0000000704200000, 0x0000000704400000, 0x0000000704400000|100%|HC|  |TAMS 0x0000000704200000, 0x0000000704200000| Complete 
|  34|0x0000000704400000, 0x0000000704600000, 0x0000000704600000|100%| O|  |TAMS 0x0000000704400000, 0x0000000704400000| Untracked 
|  35|0x0000000704600000, 0x0000000704800000, 0x0000000704800000|100%| O|  |TAMS 0x0000000704600000, 0x0000000704600000| Untracked 
|  36|0x0000000704800000, 0x0000000704a00000, 0x0000000704a00000|100%| O|  |TAMS 0x0000000704800000, 0x0000000704800000| Untracked 
|  37|0x0000000704a00000, 0x0000000704c00000, 0x0000000704c00000|100%| O|  |TAMS 0x0000000704a00000, 0x0000000704a00000| Untracked 
|  38|0x0000000704c00000, 0x0000000704e00000, 0x0000000704e00000|100%| O|  |TAMS 0x0000000704c00000, 0x0000000704c00000| Untracked 
|  39|0x0000000704e00000, 0x0000000705000000, 0x0000000705000000|100%| O|  |TAMS 0x0000000704e00000, 0x0000000704e00000| Untracked 
|  40|0x0000000705000000, 0x0000000705200000, 0x0000000705200000|100%| O|  |TAMS 0x0000000705000000, 0x0000000705000000| Untracked 
|  41|0x0000000705200000, 0x00000007053e4200, 0x0000000705400000| 94%| O|  |TAMS 0x0000000705200000, 0x0000000705200000| Untracked 
|  42|0x0000000705400000, 0x0000000705600000, 0x0000000705600000|100%|HS|  |TAMS 0x0000000705400000, 0x0000000705400000| Complete 
|  43|0x0000000705600000, 0x0000000705800000, 0x0000000705800000|100%|HC|  |TAMS 0x0000000705600000, 0x0000000705600000| Complete 
|  44|0x0000000705800000, 0x0000000705a00000, 0x0000000705a00000|100%|HC|  |TAMS 0x0000000705800000, 0x0000000705800000| Complete 
|  45|0x0000000705a00000, 0x0000000705c00000, 0x0000000705c00000|100%|HS|  |TAMS 0x0000000705a00000, 0x0000000705a00000| Complete 
|  46|0x0000000705c00000, 0x0000000705e00000, 0x0000000705e00000|100%|HC|  |TAMS 0x0000000705c00000, 0x0000000705c00000| Complete 
|  47|0x0000000705e00000, 0x0000000706000000, 0x0000000706000000|100%|HC|  |TAMS 0x0000000705e00000, 0x0000000705e00000| Complete 
|  48|0x0000000706000000, 0x0000000706200000, 0x0000000706200000|100%|HS|  |TAMS 0x0000000706000000, 0x0000000706000000| Complete 
|  49|0x0000000706200000, 0x0000000706400000, 0x0000000706400000|100%|HC|  |TAMS 0x0000000706200000, 0x0000000706200000| Complete 
|  50|0x0000000706400000, 0x0000000706600000, 0x0000000706600000|100%|HC|  |TAMS 0x0000000706400000, 0x0000000706400000| Complete 
|  51|0x0000000706600000, 0x0000000706800000, 0x0000000706800000|100%|HS|  |TAMS 0x0000000706600000, 0x0000000706600000| Complete 
|  52|0x0000000706800000, 0x0000000706a00000, 0x0000000706a00000|100%|HC|  |TAMS 0x0000000706800000, 0x0000000706800000| Complete 
|  53|0x0000000706a00000, 0x0000000706c00000, 0x0000000706c00000|100%|HC|  |TAMS 0x0000000706a00000, 0x0000000706a00000| Complete 
|  54|0x0000000706c00000, 0x0000000706e00000, 0x0000000706e00000|100%|HS|  |TAMS 0x0000000706c00000, 0x0000000706c00000| Complete 
|  55|0x0000000706e00000, 0x0000000707000000, 0x0000000707000000|100%|HC|  |TAMS 0x0000000706e00000, 0x0000000706e00000| Complete 
|  56|0x0000000707000000, 0x0000000707200000, 0x0000000707200000|100%|HC|  |TAMS 0x0000000707000000, 0x0000000707000000| Complete 
|  57|0x0000000707200000, 0x0000000707200000, 0x0000000707400000|  0%| F|  |TAMS 0x0000000707200000, 0x0000000707200000| Untracked 
|  58|0x0000000707400000, 0x0000000707400000, 0x0000000707600000|  0%| F|  |TAMS 0x0000000707400000, 0x0000000707400000| Untracked 
|  59|0x0000000707600000, 0x0000000707600000, 0x0000000707800000|  0%| F|  |TAMS 0x0000000707600000, 0x0000000707600000| Untracked 
|  60|0x0000000707800000, 0x0000000707800000, 0x0000000707a00000|  0%| F|  |TAMS 0x0000000707800000, 0x0000000707800000| Untracked 
|  61|0x0000000707a00000, 0x0000000707a00000, 0x0000000707c00000|  0%| F|  |TAMS 0x0000000707a00000, 0x0000000707a00000| Untracked 
|  62|0x0000000707c00000, 0x0000000707c00000, 0x0000000707e00000|  0%| F|  |TAMS 0x0000000707c00000, 0x0000000707c00000| Untracked 
|  63|0x0000000707e00000, 0x0000000707e00000, 0x0000000708000000|  0%| F|  |TAMS 0x0000000707e00000, 0x0000000707e00000| Untracked 
|  64|0x0000000708000000, 0x0000000708000000, 0x0000000708200000|  0%| F|  |TAMS 0x0000000708000000, 0x0000000708000000| Untracked 
|  65|0x0000000708200000, 0x0000000708200000, 0x0000000708400000|  0%| F|  |TAMS 0x0000000708200000, 0x0000000708200000| Untracked 
|  66|0x0000000708400000, 0x0000000708400000, 0x0000000708600000|  0%| F|  |TAMS 0x0000000708400000, 0x0000000708400000| Untracked 
|  67|0x0000000708600000, 0x0000000708600000, 0x0000000708800000|  0%| F|  |TAMS 0x0000000708600000, 0x0000000708600000| Untracked 
|  68|0x0000000708800000, 0x0000000708800000, 0x0000000708a00000|  0%| F|  |TAMS 0x0000000708800000, 0x0000000708800000| Untracked 
|  69|0x0000000708a00000, 0x0000000708a00000, 0x0000000708c00000|  0%| F|  |TAMS 0x0000000708a00000, 0x0000000708a00000| Untracked 
|  70|0x0000000708c00000, 0x0000000708c00000, 0x0000000708e00000|  0%| F|  |TAMS 0x0000000708c00000, 0x0000000708c00000| Untracked 
|  71|0x0000000708e00000, 0x0000000708e00000, 0x0000000709000000|  0%| F|  |TAMS 0x0000000708e00000, 0x0000000708e00000| Untracked 
|  72|0x0000000709000000, 0x0000000709000000, 0x0000000709200000|  0%| F|  |TAMS 0x0000000709000000, 0x0000000709000000| Untracked 
|  73|0x0000000709200000, 0x0000000709200000, 0x0000000709400000|  0%| F|  |TAMS 0x0000000709200000, 0x0000000709200000| Untracked 
|  74|0x0000000709400000, 0x0000000709400000, 0x0000000709600000|  0%| F|  |TAMS 0x0000000709400000, 0x0000000709400000| Untracked 
|  75|0x0000000709600000, 0x0000000709600000, 0x0000000709800000|  0%| F|  |TAMS 0x0000000709600000, 0x0000000709600000| Untracked 
|  76|0x0000000709800000, 0x0000000709800000, 0x0000000709a00000|  0%| F|  |TAMS 0x0000000709800000, 0x0000000709800000| Untracked 
|  77|0x0000000709a00000, 0x0000000709a00000, 0x0000000709c00000|  0%| F|  |TAMS 0x0000000709a00000, 0x0000000709a00000| Untracked 
|  78|0x0000000709c00000, 0x0000000709c00000, 0x0000000709e00000|  0%| F|  |TAMS 0x0000000709c00000, 0x0000000709c00000| Untracked 
|  79|0x0000000709e00000, 0x0000000709e00000, 0x000000070a000000|  0%| F|  |TAMS 0x0000000709e00000, 0x0000000709e00000| Untracked 
|  80|0x000000070a000000, 0x000000070a000000, 0x000000070a200000|  0%| F|  |TAMS 0x000000070a000000, 0x000000070a000000| Untracked 
|  81|0x000000070a200000, 0x000000070a200000, 0x000000070a400000|  0%| F|  |TAMS 0x000000070a200000, 0x000000070a200000| Untracked 
|  82|0x000000070a400000, 0x000000070a400000, 0x000000070a600000|  0%| F|  |TAMS 0x000000070a400000, 0x000000070a400000| Untracked 
|  83|0x000000070a600000, 0x000000070a600000, 0x000000070a800000|  0%| F|  |TAMS 0x000000070a600000, 0x000000070a600000| Untracked 
|  84|0x000000070a800000, 0x000000070a800000, 0x000000070aa00000|  0%| F|  |TAMS 0x000000070a800000, 0x000000070a800000| Untracked 
|  85|0x000000070aa00000, 0x000000070aa00000, 0x000000070ac00000|  0%| F|  |TAMS 0x000000070aa00000, 0x000000070aa00000| Untracked 
|  86|0x000000070ac00000, 0x000000070ac20010, 0x000000070ae00000|  6%| S|CS|TAMS 0x000000070ac00000, 0x000000070ac00000| Complete 
|  87|0x000000070ae00000, 0x000000070b000000, 0x000000070b000000|100%| S|CS|TAMS 0x000000070ae00000, 0x000000070ae00000| Complete 
|  88|0x000000070b000000, 0x000000070b200000, 0x000000070b200000|100%| S|CS|TAMS 0x000000070b000000, 0x000000070b000000| Complete 
|  89|0x000000070b200000, 0x000000070b400000, 0x000000070b400000|100%| S|CS|TAMS 0x000000070b200000, 0x000000070b200000| Complete 
|  90|0x000000070b400000, 0x000000070b600000, 0x000000070b600000|100%| S|CS|TAMS 0x000000070b400000, 0x000000070b400000| Complete 
|  91|0x000000070b600000, 0x000000070b800000, 0x000000070b800000|100%| S|CS|TAMS 0x000000070b600000, 0x000000070b600000| Complete 
|  92|0x000000070b800000, 0x000000070ba00000, 0x000000070ba00000|100%| S|CS|TAMS 0x000000070b800000, 0x000000070b800000| Complete 
|  93|0x000000070ba00000, 0x000000070bc00000, 0x000000070bc00000|100%| S|CS|TAMS 0x000000070ba00000, 0x000000070ba00000| Complete 
|  94|0x000000070bc00000, 0x000000070be00000, 0x000000070be00000|100%| S|CS|TAMS 0x000000070bc00000, 0x000000070bc00000| Complete 
|  95|0x000000070be00000, 0x000000070be00000, 0x000000070c000000|  0%| F|  |TAMS 0x000000070be00000, 0x000000070be00000| Untracked 
|  96|0x000000070c000000, 0x000000070c000000, 0x000000070c200000|  0%| F|  |TAMS 0x000000070c000000, 0x000000070c000000| Untracked 
|  97|0x000000070c200000, 0x000000070c200000, 0x000000070c400000|  0%| F|  |TAMS 0x000000070c200000, 0x000000070c200000| Untracked 
|  98|0x000000070c400000, 0x000000070c400000, 0x000000070c600000|  0%| F|  |TAMS 0x000000070c400000, 0x000000070c400000| Untracked 
|  99|0x000000070c600000, 0x000000070c600000, 0x000000070c800000|  0%| F|  |TAMS 0x000000070c600000, 0x000000070c600000| Untracked 
| 100|0x000000070c800000, 0x000000070c800000, 0x000000070ca00000|  0%| F|  |TAMS 0x000000070c800000, 0x000000070c800000| Untracked 
| 101|0x000000070ca00000, 0x000000070ca00000, 0x000000070cc00000|  0%| F|  |TAMS 0x000000070ca00000, 0x000000070ca00000| Untracked 
| 102|0x000000070cc00000, 0x000000070cc00000, 0x000000070ce00000|  0%| F|  |TAMS 0x000000070cc00000, 0x000000070cc00000| Untracked 
| 103|0x000000070ce00000, 0x000000070ce00000, 0x000000070d000000|  0%| F|  |TAMS 0x000000070ce00000, 0x000000070ce00000| Untracked 
| 104|0x000000070d000000, 0x000000070d000000, 0x000000070d200000|  0%| F|  |TAMS 0x000000070d000000, 0x000000070d000000| Untracked 
| 105|0x000000070d200000, 0x000000070d200000, 0x000000070d400000|  0%| F|  |TAMS 0x000000070d200000, 0x000000070d200000| Untracked 
| 106|0x000000070d400000, 0x000000070d400000, 0x000000070d600000|  0%| F|  |TAMS 0x000000070d400000, 0x000000070d400000| Untracked 
| 107|0x000000070d600000, 0x000000070d600000, 0x000000070d800000|  0%| F|  |TAMS 0x000000070d600000, 0x000000070d600000| Untracked 
| 108|0x000000070d800000, 0x000000070d800000, 0x000000070da00000|  0%| F|  |TAMS 0x000000070d800000, 0x000000070d800000| Untracked 
| 109|0x000000070da00000, 0x000000070da00000, 0x000000070dc00000|  0%| F|  |TAMS 0x000000070da00000, 0x000000070da00000| Untracked 
| 110|0x000000070dc00000, 0x000000070dc00000, 0x000000070de00000|  0%| F|  |TAMS 0x000000070dc00000, 0x000000070dc00000| Untracked 
| 111|0x000000070de00000, 0x000000070de00000, 0x000000070e000000|  0%| F|  |TAMS 0x000000070de00000, 0x000000070de00000| Untracked 
| 112|0x000000070e000000, 0x000000070e000000, 0x000000070e200000|  0%| F|  |TAMS 0x000000070e000000, 0x000000070e000000| Untracked 
| 113|0x000000070e200000, 0x000000070e200000, 0x000000070e400000|  0%| F|  |TAMS 0x000000070e200000, 0x000000070e200000| Untracked 
| 114|0x000000070e400000, 0x000000070e400000, 0x000000070e600000|  0%| F|  |TAMS 0x000000070e400000, 0x000000070e400000| Untracked 
| 115|0x000000070e600000, 0x000000070e600000, 0x000000070e800000|  0%| F|  |TAMS 0x000000070e600000, 0x000000070e600000| Untracked 
| 116|0x000000070e800000, 0x000000070e800000, 0x000000070ea00000|  0%| F|  |TAMS 0x000000070e800000, 0x000000070e800000| Untracked 
| 117|0x000000070ea00000, 0x000000070ea00000, 0x000000070ec00000|  0%| F|  |TAMS 0x000000070ea00000, 0x000000070ea00000| Untracked 
| 118|0x000000070ec00000, 0x000000070ec00000, 0x000000070ee00000|  0%| F|  |TAMS 0x000000070ec00000, 0x000000070ec00000| Untracked 
| 119|0x000000070ee00000, 0x000000070ee00000, 0x000000070f000000|  0%| F|  |TAMS 0x000000070ee00000, 0x000000070ee00000| Untracked 
| 120|0x000000070f000000, 0x000000070f000000, 0x000000070f200000|  0%| F|  |TAMS 0x000000070f000000, 0x000000070f000000| Untracked 
| 121|0x000000070f200000, 0x000000070f200000, 0x000000070f400000|  0%| F|  |TAMS 0x000000070f200000, 0x000000070f200000| Untracked 
| 122|0x000000070f400000, 0x000000070f400000, 0x000000070f600000|  0%| F|  |TAMS 0x000000070f400000, 0x000000070f400000| Untracked 
| 123|0x000000070f600000, 0x000000070f600000, 0x000000070f800000|  0%| F|  |TAMS 0x000000070f600000, 0x000000070f600000| Untracked 
| 124|0x000000070f800000, 0x000000070f800000, 0x000000070fa00000|  0%| F|  |TAMS 0x000000070f800000, 0x000000070f800000| Untracked 
| 125|0x000000070fa00000, 0x000000070fa00000, 0x000000070fc00000|  0%| F|  |TAMS 0x000000070fa00000, 0x000000070fa00000| Untracked 
| 126|0x000000070fc00000, 0x000000070fc00000, 0x000000070fe00000|  0%| F|  |TAMS 0x000000070fc00000, 0x000000070fc00000| Untracked 
| 127|0x000000070fe00000, 0x000000070fe00000, 0x0000000710000000|  0%| F|  |TAMS 0x000000070fe00000, 0x000000070fe00000| Untracked 
| 128|0x0000000710000000, 0x0000000710000000, 0x0000000710200000|  0%| F|  |TAMS 0x0000000710000000, 0x0000000710000000| Untracked 
| 129|0x0000000710200000, 0x0000000710200000, 0x0000000710400000|  0%| F|  |TAMS 0x0000000710200000, 0x0000000710200000| Untracked 
| 130|0x0000000710400000, 0x0000000710400000, 0x0000000710600000|  0%| F|  |TAMS 0x0000000710400000, 0x0000000710400000| Untracked 
| 131|0x0000000710600000, 0x0000000710600000, 0x0000000710800000|  0%| F|  |TAMS 0x0000000710600000, 0x0000000710600000| Untracked 
| 132|0x0000000710800000, 0x0000000710800000, 0x0000000710a00000|  0%| F|  |TAMS 0x0000000710800000, 0x0000000710800000| Untracked 
| 133|0x0000000710a00000, 0x0000000710a00000, 0x0000000710c00000|  0%| F|  |TAMS 0x0000000710a00000, 0x0000000710a00000| Untracked 
| 134|0x0000000710c00000, 0x0000000710c00000, 0x0000000710e00000|  0%| F|  |TAMS 0x0000000710c00000, 0x0000000710c00000| Untracked 
| 135|0x0000000710e00000, 0x0000000710e00000, 0x0000000711000000|  0%| F|  |TAMS 0x0000000710e00000, 0x0000000710e00000| Untracked 
| 136|0x0000000711000000, 0x0000000711000000, 0x0000000711200000|  0%| F|  |TAMS 0x0000000711000000, 0x0000000711000000| Untracked 
| 137|0x0000000711200000, 0x0000000711200000, 0x0000000711400000|  0%| F|  |TAMS 0x0000000711200000, 0x0000000711200000| Untracked 
| 138|0x0000000711400000, 0x0000000711400000, 0x0000000711600000|  0%| F|  |TAMS 0x0000000711400000, 0x0000000711400000| Untracked 
| 139|0x0000000711600000, 0x0000000711600000, 0x0000000711800000|  0%| F|  |TAMS 0x0000000711600000, 0x0000000711600000| Untracked 
| 140|0x0000000711800000, 0x0000000711800000, 0x0000000711a00000|  0%| F|  |TAMS 0x0000000711800000, 0x0000000711800000| Untracked 
| 141|0x0000000711a00000, 0x0000000711a00000, 0x0000000711c00000|  0%| F|  |TAMS 0x0000000711a00000, 0x0000000711a00000| Untracked 
| 142|0x0000000711c00000, 0x0000000711c00000, 0x0000000711e00000|  0%| F|  |TAMS 0x0000000711c00000, 0x0000000711c00000| Untracked 
| 143|0x0000000711e00000, 0x0000000711e00000, 0x0000000712000000|  0%| F|  |TAMS 0x0000000711e00000, 0x0000000711e00000| Untracked 
| 144|0x0000000712000000, 0x0000000712000000, 0x0000000712200000|  0%| F|  |TAMS 0x0000000712000000, 0x0000000712000000| Untracked 
| 145|0x0000000712200000, 0x0000000712200000, 0x0000000712400000|  0%| F|  |TAMS 0x0000000712200000, 0x0000000712200000| Untracked 
| 146|0x0000000712400000, 0x0000000712400000, 0x0000000712600000|  0%| F|  |TAMS 0x0000000712400000, 0x0000000712400000| Untracked 
| 147|0x0000000712600000, 0x0000000712600000, 0x0000000712800000|  0%| F|  |TAMS 0x0000000712600000, 0x0000000712600000| Untracked 
| 148|0x0000000712800000, 0x0000000712800000, 0x0000000712a00000|  0%| F|  |TAMS 0x0000000712800000, 0x0000000712800000| Untracked 
| 149|0x0000000712a00000, 0x0000000712a00000, 0x0000000712c00000|  0%| F|  |TAMS 0x0000000712a00000, 0x0000000712a00000| Untracked 
| 150|0x0000000712c00000, 0x0000000712c00000, 0x0000000712e00000|  0%| F|  |TAMS 0x0000000712c00000, 0x0000000712c00000| Untracked 
| 151|0x0000000712e00000, 0x0000000712e00000, 0x0000000713000000|  0%| F|  |TAMS 0x0000000712e00000, 0x0000000712e00000| Untracked 
| 152|0x0000000713000000, 0x0000000713000000, 0x0000000713200000|  0%| F|  |TAMS 0x0000000713000000, 0x0000000713000000| Untracked 
| 153|0x0000000713200000, 0x0000000713200000, 0x0000000713400000|  0%| F|  |TAMS 0x0000000713200000, 0x0000000713200000| Untracked 
| 154|0x0000000713400000, 0x0000000713400000, 0x0000000713600000|  0%| F|  |TAMS 0x0000000713400000, 0x0000000713400000| Untracked 
| 155|0x0000000713600000, 0x0000000713600000, 0x0000000713800000|  0%| F|  |TAMS 0x0000000713600000, 0x0000000713600000| Untracked 
| 156|0x0000000713800000, 0x0000000713800000, 0x0000000713a00000|  0%| F|  |TAMS 0x0000000713800000, 0x0000000713800000| Untracked 
| 157|0x0000000713a00000, 0x0000000713a00000, 0x0000000713c00000|  0%| F|  |TAMS 0x0000000713a00000, 0x0000000713a00000| Untracked 
| 158|0x0000000713c00000, 0x0000000713c00000, 0x0000000713e00000|  0%| F|  |TAMS 0x0000000713c00000, 0x0000000713c00000| Untracked 
| 159|0x0000000713e00000, 0x0000000713e00000, 0x0000000714000000|  0%| F|  |TAMS 0x0000000713e00000, 0x0000000713e00000| Untracked 
| 160|0x0000000714000000, 0x0000000714000000, 0x0000000714200000|  0%| F|  |TAMS 0x0000000714000000, 0x0000000714000000| Untracked 
| 161|0x0000000714200000, 0x0000000714200000, 0x0000000714400000|  0%| F|  |TAMS 0x0000000714200000, 0x0000000714200000| Untracked 
| 162|0x0000000714400000, 0x0000000714400000, 0x0000000714600000|  0%| F|  |TAMS 0x0000000714400000, 0x0000000714400000| Untracked 
| 163|0x0000000714600000, 0x000000071472ef68, 0x0000000714800000| 59%| E|  |TAMS 0x0000000714600000, 0x0000000714600000| Complete 
| 164|0x0000000714800000, 0x0000000714a00000, 0x0000000714a00000|100%| E|CS|TAMS 0x0000000714800000, 0x0000000714800000| Complete 
| 165|0x0000000714a00000, 0x0000000714c00000, 0x0000000714c00000|100%| E|CS|TAMS 0x0000000714a00000, 0x0000000714a00000| Complete 
| 166|0x0000000714c00000, 0x0000000714e00000, 0x0000000714e00000|100%| E|CS|TAMS 0x0000000714c00000, 0x0000000714c00000| Complete 
| 167|0x0000000714e00000, 0x0000000715000000, 0x0000000715000000|100%| E|CS|TAMS 0x0000000714e00000, 0x0000000714e00000| Complete 
| 168|0x0000000715000000, 0x0000000715200000, 0x0000000715200000|100%| E|CS|TAMS 0x0000000715000000, 0x0000000715000000| Complete 
| 169|0x0000000715200000, 0x0000000715400000, 0x0000000715400000|100%| E|CS|TAMS 0x0000000715200000, 0x0000000715200000| Complete 
| 170|0x0000000715400000, 0x0000000715600000, 0x0000000715600000|100%| E|CS|TAMS 0x0000000715400000, 0x0000000715400000| Complete 
| 171|0x0000000715600000, 0x0000000715800000, 0x0000000715800000|100%| E|CS|TAMS 0x0000000715600000, 0x0000000715600000| Complete 
| 172|0x0000000715800000, 0x0000000715a00000, 0x0000000715a00000|100%| E|CS|TAMS 0x0000000715800000, 0x0000000715800000| Complete 
| 173|0x0000000715a00000, 0x0000000715c00000, 0x0000000715c00000|100%| E|CS|TAMS 0x0000000715a00000, 0x0000000715a00000| Complete 
| 174|0x0000000715c00000, 0x0000000715e00000, 0x0000000715e00000|100%| E|CS|TAMS 0x0000000715c00000, 0x0000000715c00000| Complete 
| 175|0x0000000715e00000, 0x0000000716000000, 0x0000000716000000|100%| E|CS|TAMS 0x0000000715e00000, 0x0000000715e00000| Complete 
| 176|0x0000000716000000, 0x0000000716200000, 0x0000000716200000|100%| E|CS|TAMS 0x0000000716000000, 0x0000000716000000| Complete 
| 177|0x0000000716200000, 0x0000000716400000, 0x0000000716400000|100%| E|CS|TAMS 0x0000000716200000, 0x0000000716200000| Complete 
| 178|0x0000000716400000, 0x0000000716600000, 0x0000000716600000|100%| E|CS|TAMS 0x0000000716400000, 0x0000000716400000| Complete 
| 179|0x0000000716600000, 0x0000000716800000, 0x0000000716800000|100%| E|CS|TAMS 0x0000000716600000, 0x0000000716600000| Complete 
| 180|0x0000000716800000, 0x0000000716a00000, 0x0000000716a00000|100%| E|CS|TAMS 0x0000000716800000, 0x0000000716800000| Complete 
| 181|0x0000000716a00000, 0x0000000716c00000, 0x0000000716c00000|100%| E|CS|TAMS 0x0000000716a00000, 0x0000000716a00000| Complete 
| 182|0x0000000716c00000, 0x0000000716e00000, 0x0000000716e00000|100%| E|CS|TAMS 0x0000000716c00000, 0x0000000716c00000| Complete 
| 183|0x0000000716e00000, 0x0000000717000000, 0x0000000717000000|100%| E|CS|TAMS 0x0000000716e00000, 0x0000000716e00000| Complete 
| 184|0x0000000717000000, 0x0000000717200000, 0x0000000717200000|100%| E|  |TAMS 0x0000000717000000, 0x0000000717000000| Complete 
| 185|0x0000000717200000, 0x0000000717400000, 0x0000000717400000|100%| E|CS|TAMS 0x0000000717200000, 0x0000000717200000| Complete 
| 186|0x0000000717400000, 0x0000000717600000, 0x0000000717600000|100%| E|CS|TAMS 0x0000000717400000, 0x0000000717400000| Complete 
| 187|0x0000000717600000, 0x0000000717800000, 0x0000000717800000|100%| E|CS|TAMS 0x0000000717600000, 0x0000000717600000| Complete 
| 188|0x0000000717800000, 0x0000000717a00000, 0x0000000717a00000|100%| E|CS|TAMS 0x0000000717800000, 0x0000000717800000| Complete 
| 189|0x0000000717a00000, 0x0000000717c00000, 0x0000000717c00000|100%| E|CS|TAMS 0x0000000717a00000, 0x0000000717a00000| Complete 
| 190|0x0000000717c00000, 0x0000000717e00000, 0x0000000717e00000|100%| E|CS|TAMS 0x0000000717c00000, 0x0000000717c00000| Complete 
| 191|0x0000000717e00000, 0x0000000718000000, 0x0000000718000000|100%| E|CS|TAMS 0x0000000717e00000, 0x0000000717e00000| Complete 
| 192|0x0000000718000000, 0x0000000718200000, 0x0000000718200000|100%| E|CS|TAMS 0x0000000718000000, 0x0000000718000000| Complete 
| 193|0x0000000718200000, 0x0000000718400000, 0x0000000718400000|100%| E|CS|TAMS 0x0000000718200000, 0x0000000718200000| Complete 
| 194|0x0000000718400000, 0x0000000718600000, 0x0000000718600000|100%| E|CS|TAMS 0x0000000718400000, 0x0000000718400000| Complete 
| 195|0x0000000718600000, 0x0000000718800000, 0x0000000718800000|100%| E|CS|TAMS 0x0000000718600000, 0x0000000718600000| Complete 
| 196|0x0000000718800000, 0x0000000718a00000, 0x0000000718a00000|100%| E|CS|TAMS 0x0000000718800000, 0x0000000718800000| Complete 
| 197|0x0000000718a00000, 0x0000000718c00000, 0x0000000718c00000|100%| E|CS|TAMS 0x0000000718a00000, 0x0000000718a00000| Complete 
| 198|0x0000000718c00000, 0x0000000718e00000, 0x0000000718e00000|100%| E|CS|TAMS 0x0000000718c00000, 0x0000000718c00000| Complete 
| 199|0x0000000718e00000, 0x0000000719000000, 0x0000000719000000|100%| E|CS|TAMS 0x0000000718e00000, 0x0000000718e00000| Complete 
| 200|0x0000000719000000, 0x0000000719200000, 0x0000000719200000|100%| E|CS|TAMS 0x0000000719000000, 0x0000000719000000| Complete 
| 201|0x0000000719200000, 0x0000000719400000, 0x0000000719400000|100%| E|CS|TAMS 0x0000000719200000, 0x0000000719200000| Complete 
| 202|0x0000000719400000, 0x0000000719600000, 0x0000000719600000|100%| E|CS|TAMS 0x0000000719400000, 0x0000000719400000| Complete 
|2046|0x00000007ffc00000, 0x00000007ffd78000, 0x00000007ffe00000| 73%|OA|  |TAMS 0x00000007ffd78000, 0x00000007ffc00000| Untracked 
|2047|0x00000007ffe00000, 0x00000007ffe80000, 0x0000000800000000| 25%|CA|  |TAMS 0x00000007ffe00000, 0x00000007ffe00000| Untracked 

Card table byte_map: [0x000000010eff0000,0x000000010f7f0000] _byte_map_base: 0x000000010b7f0000

Marking Bits (Prev, Next): (CMBitMap*) 0x0000000117808a10, (CMBitMap*) 0x0000000117808a50
 Prev Bits: [0x000000010fff0000, 0x0000000113ff0000)
 Next Bits: [0x0000000120800000, 0x0000000124800000)

Polling page: 0x0000000105034000

Metaspace:

Usage:
  Non-class:     47.18 MB used.
      Class:      5.76 MB used.
       Both:     52.94 MB used.

Virtual space:
  Non-class space:       64.00 MB reserved,      47.38 MB ( 74%) committed,  1 nodes.
      Class space:        1.00 GB reserved,       5.94 MB ( <1%) committed,  1 nodes.
             Both:        1.06 GB reserved,      53.31 MB (  5%) committed. 

Chunk freelists:
   Non-Class:  48.00 KB
       Class:  2.09 MB
        Both:  2.13 MB

MaxMetaspaceSize: unlimited
CompressedClassSpaceSize: 1.00 GB
Initial GC threshold: 21.00 MB
Current GC threshold: 59.06 MB
CDS: on
MetaspaceReclaimPolicy: balanced
 - commit_granule_bytes: 65536.
 - commit_granule_words: 8192.
 - virtual_space_node_default_size: 8388608.
 - enlarge_chunks_in_place: 1.
 - new_chunks_are_fully_committed: 0.
 - uncommit_free_chunks: 1.
 - use_allocation_guard: 0.


Internal statistics:

num_allocs_failed_limit: 6.
num_arena_births: 444.
num_arena_deaths: 0.
num_vsnodes_births: 2.
num_vsnodes_deaths: 0.
num_space_committed: 853.
num_space_uncommitted: 0.
num_chunks_returned_to_freelist: 6.
num_chunks_taken_from_freelist: 1963.
num_chunk_merges: 3.
num_chunk_splits: 1461.
num_chunks_enlarged: 1218.
num_inconsistent_stats: 0.

CodeHeap 'non-profiled nmethods': size=120032Kb used=4005Kb max_used=4005Kb free=116026Kb
 bounds [0x0000000157ac8000, 0x0000000157eb8000, 0x000000015f000000]
CodeHeap 'profiled nmethods': size=120016Kb used=17080Kb max_used=17080Kb free=102935Kb
 bounds [0x0000000150000000, 0x00000001510b0000, 0x0000000157534000]
CodeHeap 'non-nmethods': size=5712Kb used=1391Kb max_used=1531Kb free=4320Kb
 bounds [0x0000000157534000, 0x00000001577a4000, 0x0000000157ac8000]
 total_blobs=8647 nmethods=7937 adapters=624
 compilation: enabled
              stopped_count=0, restarted_count=0
 full_count=0

Compilation events (20 events):
Event: 222.539 Thread 0x0000000127008e00 10446       3       org.openqa.selenium.remote.http.HttpResponse::<init> (12 bytes)
Event: 222.540 Thread 0x0000000127008e00 nmethod 10446 0x00000001510a8890 code [0x00000001510a8c40, 0x00000001510a9c38]
Event: 222.540 Thread 0x0000000127008e00 10447       3       org.asynchttpclient.netty.NettyResponseStatus::getStatusCode (13 bytes)
Event: 222.540 Thread 0x0000000127008e00 nmethod 10447 0x00000001510aa310 code [0x00000001510aa4c0, 0x00000001510aa658]
Event: 249.995 Thread 0x0000000127008e00 10449       1       org.apache.maven.surefire.api.stream.AbstractStreamDecoder$Memento::access$000 (5 bytes)
Event: 249.996 Thread 0x0000000127008e00 nmethod 10449 0x0000000157eaf790 code [0x0000000157eaf940, 0x0000000157eaf9d8]
Event: 273.037 Thread 0x0000000117809c00 10450   !   4       java.io.BufferedOutputStream::flush (60 bytes)
Event: 273.044 Thread 0x0000000117809c00 nmethod 10450 0x0000000157eafa90 code [0x0000000157eafd00, 0x0000000157eb04f0]
Event: 273.387 Thread 0x0000000127008e00 10451       3       org.asynchttpclient.netty.channel.DefaultChannelPool$IdleChannelDetector::run (289 bytes)
Event: 273.389 Thread 0x0000000127008e00 nmethod 10451 0x00000001510aa790 code [0x00000001510aac00, 0x00000001510ac258]
Event: 273.750 Thread 0x0000000117809c00 10452       4       java.util.concurrent.locks.AbstractQueuedSynchronizer$ConditionObject::canReacquire (38 bytes)
Event: 273.750 Thread 0x0000000117809c00 nmethod 10452 0x0000000157eb0910 code [0x0000000157eb0ac0, 0x0000000157eb0be0]
Event: 274.491 Thread 0x0000000127008e00 10453       3       io.netty.util.concurrent.ImmediateExecutor::execute (15 bytes)
Event: 274.491 Thread 0x0000000127008e00 nmethod 10453 0x00000001510acb90 code [0x00000001510acd80, 0x00000001510ad1b8]
Event: 274.491 Thread 0x0000000127008e00 10454   !   3       io.netty.util.HashedWheelTimer$HashedWheelTimeout::run (63 bytes)
Event: 274.492 Thread 0x0000000127008e00 nmethod 10454 0x00000001510ad310 code [0x00000001510ad600, 0x00000001510adf48]
Event: 274.686 Thread 0x0000000117809c00 10455       4       java.util.concurrent.ScheduledThreadPoolExecutor$ScheduledFutureTask::getDelay (16 bytes)
Event: 274.686 Thread 0x0000000117809c00 nmethod 10455 0x0000000157eb0d10 code [0x0000000157eb0ec0, 0x0000000157eb1060]
Event: 283.777 Thread 0x0000000117809c00 10456       4       java.nio.ByteBuffer::limit (8 bytes)
Event: 283.778 Thread 0x0000000117809c00 nmethod 10456 0x0000000157eb1210 code [0x0000000157eb13c0, 0x0000000157eb14c0]

GC Heap History (20 events):
Event: 2.513 GC heap before
{Heap before GC invocations=5 (full 0):
 garbage-first heap   total 151552K, used 119611K [0x0000000700000000, 0x0000000800000000)
  region size 2048K, 44 young (90112K), 5 survivors (10240K)
 Metaspace       used 28775K, committed 29056K, reserved 1114112K
  class space    used 2957K, committed 3072K, reserved 1048576K
}
Event: 2.528 GC heap after
{Heap after GC invocations=6 (full 0):
 garbage-first heap   total 151552K, used 50744K [0x0000000700000000, 0x0000000800000000)
  region size 2048K, 6 young (12288K), 6 survivors (12288K)
 Metaspace       used 28775K, committed 29056K, reserved 1114112K
  class space    used 2957K, committed 3072K, reserved 1048576K
}
Event: 2.567 GC heap before
{Heap before GC invocations=6 (full 0):
 garbage-first heap   total 151552K, used 52792K [0x0000000700000000, 0x0000000800000000)
  region size 2048K, 7 young (14336K), 6 survivors (12288K)
 Metaspace       used 29061K, committed 29376K, reserved 1114112K
  class space    used 2995K, committed 3136K, reserved 1048576K
}
Event: 2.581 GC heap after
{Heap after GC invocations=7 (full 0):
 garbage-first heap   total 182272K, used 53082K [0x0000000700000000, 0x0000000800000000)
  region size 2048K, 1 young (2048K), 1 survivors (2048K)
 Metaspace       used 29061K, committed 29376K, reserved 1114112K
  class space    used 2995K, committed 3136K, reserved 1048576K
}
Event: 2.911 GC heap before
{Heap before GC invocations=7 (full 0):
 garbage-first heap   total 182272K, used 130906K [0x0000000700000000, 0x0000000800000000)
  region size 2048K, 39 young (79872K), 1 survivors (2048K)
 Metaspace       used 34030K, committed 34304K, reserved 1114112K
  class space    used 3591K, committed 3712K, reserved 1048576K
}
Event: 2.915 GC heap after
{Heap after GC invocations=8 (full 0):
 garbage-first heap   total 182272K, used 60070K [0x0000000700000000, 0x0000000800000000)
  region size 2048K, 5 young (10240K), 5 survivors (10240K)
 Metaspace       used 34030K, committed 34304K, reserved 1114112K
  class space    used 3591K, committed 3712K, reserved 1048576K
}
Event: 3.011 GC heap before
{Heap before GC invocations=8 (full 0):
 garbage-first heap   total 182272K, used 80550K [0x0000000700000000, 0x0000000800000000)
  region size 2048K, 16 young (32768K), 5 survivors (10240K)
 Metaspace       used 35647K, committed 35968K, reserved 1114112K
  class space    used 3808K, committed 3968K, reserved 1048576K
}
Event: 3.016 GC heap after
{Heap after GC invocations=9 (full 0):
 garbage-first heap   total 182272K, used 62703K [0x0000000700000000, 0x0000000800000000)
  region size 2048K, 2 young (4096K), 2 survivors (4096K)
 Metaspace       used 35647K, committed 35968K, reserved 1114112K
  class space    used 3808K, committed 3968K, reserved 1048576K
}
Event: 4.598 GC heap before
{Heap before GC invocations=10 (full 0):
 garbage-first heap   total 182272K, used 140527K [0x0000000700000000, 0x0000000800000000)
  region size 2048K, 37 young (75776K), 2 survivors (4096K)
 Metaspace       used 39875K, committed 40192K, reserved 1114112K
  class space    used 4444K, committed 4608K, reserved 1048576K
}
Event: 4.603 GC heap after
{Heap after GC invocations=11 (full 0):
 garbage-first heap   total 182272K, used 74268K [0x0000000700000000, 0x0000000800000000)
  region size 2048K, 4 young (8192K), 4 survivors (8192K)
 Metaspace       used 39875K, committed 40192K, reserved 1114112K
  class space    used 4444K, committed 4608K, reserved 1048576K
}
Event: 4.610 GC heap before
{Heap before GC invocations=11 (full 0):
 garbage-first heap   total 182272K, used 76316K [0x0000000700000000, 0x0000000800000000)
  region size 2048K, 5 young (10240K), 4 survivors (8192K)
 Metaspace       used 39919K, committed 40256K, reserved 1114112K
  class space    used 4450K, committed 4608K, reserved 1048576K
}
Event: 4.615 GC heap after
{Heap after GC invocations=12 (full 0):
 garbage-first heap   total 182272K, used 73778K [0x0000000700000000, 0x0000000800000000)
  region size 2048K, 1 young (2048K), 1 survivors (2048K)
 Metaspace       used 39919K, committed 40256K, reserved 1114112K
  class space    used 4450K, committed 4608K, reserved 1048576K
}
Event: 5.177 GC heap before
{Heap before GC invocations=12 (full 0):
 garbage-first heap   total 182272K, used 139314K [0x0000000700000000, 0x0000000800000000)
  region size 2048K, 33 young (67584K), 1 survivors (2048K)
 Metaspace       used 42354K, committed 42688K, reserved 1114112K
  class space    used 4719K, committed 4864K, reserved 1048576K
}
Event: 5.182 GC heap after
{Heap after GC invocations=13 (full 0):
 garbage-first heap   total 182272K, used 79637K [0x0000000700000000, 0x0000000800000000)
  region size 2048K, 4 young (8192K), 4 survivors (8192K)
 Metaspace       used 42354K, committed 42688K, reserved 1114112K
  class space    used 4719K, committed 4864K, reserved 1048576K
}
Event: 5.547 GC heap before
{Heap before GC invocations=13 (full 0):
 garbage-first heap   total 182272K, used 139029K [0x0000000700000000, 0x0000000800000000)
  region size 2048K, 33 young (67584K), 4 survivors (8192K)
 Metaspace       used 46014K, committed 46400K, reserved 1114112K
  class space    used 5155K, committed 5312K, reserved 1048576K
}
Event: 5.553 GC heap after
{Heap after GC invocations=14 (full 0):
 garbage-first heap   total 182272K, used 87579K [0x0000000700000000, 0x0000000800000000)
  region size 2048K, 4 young (8192K), 4 survivors (8192K)
 Metaspace       used 46014K, committed 46400K, reserved 1114112K
  class space    used 5155K, committed 5312K, reserved 1048576K
}
Event: 5.755 GC heap before
{Heap before GC invocations=14 (full 0):
 garbage-first heap   total 182272K, used 140827K [0x0000000700000000, 0x0000000800000000)
  region size 2048K, 30 young (61440K), 4 survivors (8192K)
 Metaspace       used 48012K, committed 48384K, reserved 1114112K
  class space    used 5404K, committed 5632K, reserved 1048576K
}
Event: 5.761 GC heap after
{Heap after GC invocations=15 (full 0):
 garbage-first heap   total 419840K, used 94420K [0x0000000700000000, 0x0000000800000000)
  region size 2048K, 4 young (8192K), 4 survivors (8192K)
 Metaspace       used 48012K, committed 48384K, reserved 1114112K
  class space    used 5404K, committed 5632K, reserved 1048576K
}
Event: 133.998 GC heap before
{Heap before GC invocations=15 (full 0):
 garbage-first heap   total 419840K, used 338132K [0x0000000700000000, 0x0000000800000000)
  region size 2048K, 112 young (229376K), 4 survivors (8192K)
 Metaspace       used 53674K, committed 54080K, reserved 1114112K
  class space    used 5891K, committed 6080K, reserved 1048576K
}
Event: 134.046 GC heap after
{Heap after GC invocations=16 (full 0):
 garbage-first heap   total 419840K, used 129008K [0x0000000700000000, 0x0000000800000000)
  region size 2048K, 9 young (18432K), 9 survivors (18432K)
 Metaspace       used 53674K, committed 54080K, reserved 1114112K
  class space    used 5891K, committed 6080K, reserved 1048576K
}

Dll operation events (11 events):
Event: 0.031 Loaded shared library /opt/homebrew/Cellar/openjdk/19/libexec/openjdk.jdk/Contents/Home/lib/libjava.dylib
Event: 0.103 Loaded shared library /opt/homebrew/Cellar/openjdk/19/libexec/openjdk.jdk/Contents/Home/lib/libzip.dylib
Event: 0.104 Loaded shared library /opt/homebrew/Cellar/openjdk/19/libexec/openjdk.jdk/Contents/Home/lib/libinstrument.dylib
Event: 0.106 Loaded shared library /opt/homebrew/Cellar/openjdk/19/libexec/openjdk.jdk/Contents/Home/lib/libnio.dylib
Event: 0.108 Loaded shared library /opt/homebrew/Cellar/openjdk/19/libexec/openjdk.jdk/Contents/Home/lib/libzip.dylib
Event: 0.215 Loaded shared library /opt/homebrew/Cellar/openjdk/19/libexec/openjdk.jdk/Contents/Home/lib/libjimage.dylib
Event: 0.694 Loaded shared library /opt/homebrew/Cellar/openjdk/19/libexec/openjdk.jdk/Contents/Home/lib/libmanagement.dylib
Event: 0.695 Loaded shared library /opt/homebrew/Cellar/openjdk/19/libexec/openjdk.jdk/Contents/Home/lib/libmanagement_ext.dylib
Event: 1.099 Loaded shared library /opt/homebrew/Cellar/openjdk/19/libexec/openjdk.jdk/Contents/Home/lib/libverify.dylib
Event: 1.942 Loaded shared library /opt/homebrew/Cellar/openjdk/19/libexec/openjdk.jdk/Contents/Home/lib/libnet.dylib
Event: 2.552 Loaded shared library /opt/homebrew/Cellar/openjdk/19/libexec/openjdk.jdk/Contents/Home/lib/libextnet.dylib

Deoptimization events (20 events):
Event: 183.724 Thread 0x0000000120008200 DEOPT PACKING pc=0x0000000157e36a48 sp=0x000000016b295480
Event: 183.724 Thread 0x0000000120008200 DEOPT UNPACKING pc=0x000000015758321c sp=0x000000016b295400 mode 2
Event: 186.680 Thread 0x0000000120008200 Uncommon trap: trap_request=0xffffffbe fr.pc=0x0000000157e42264 relative=0x00000000000002a4
Event: 186.680 Thread 0x0000000120008200 Uncommon trap: reason=profile_predicate action=maybe_recompile pc=0x0000000157e42264 method=com.google.common.base.CharMatcher.indexIn(Ljava/lang/CharSequence;I)I @ 19 c2
Event: 186.680 Thread 0x0000000120008200 DEOPT PACKING pc=0x0000000157e42264 sp=0x000000016b294520
Event: 186.680 Thread 0x0000000120008200 DEOPT UNPACKING pc=0x000000015758321c sp=0x000000016b2944a0 mode 2
Event: 186.680 Thread 0x0000000120008200 Uncommon trap: trap_request=0xffffffbe fr.pc=0x0000000157e42264 relative=0x00000000000002a4
Event: 186.680 Thread 0x0000000120008200 Uncommon trap: reason=profile_predicate action=maybe_recompile pc=0x0000000157e42264 method=com.google.common.base.CharMatcher.indexIn(Ljava/lang/CharSequence;I)I @ 19 c2
Event: 186.680 Thread 0x0000000120008200 DEOPT PACKING pc=0x0000000157e42264 sp=0x000000016b294520
Event: 186.680 Thread 0x0000000120008200 DEOPT UNPACKING pc=0x000000015758321c sp=0x000000016b2944a0 mode 2
Event: 186.680 Thread 0x0000000120008200 Uncommon trap: trap_request=0xffffffbe fr.pc=0x0000000157e42264 relative=0x00000000000002a4
Event: 186.680 Thread 0x0000000120008200 Uncommon trap: reason=profile_predicate action=maybe_recompile pc=0x0000000157e42264 method=com.google.common.base.CharMatcher.indexIn(Ljava/lang/CharSequence;I)I @ 19 c2
Event: 186.680 Thread 0x0000000120008200 DEOPT PACKING pc=0x0000000157e42264 sp=0x000000016b294520
Event: 186.680 Thread 0x0000000120008200 DEOPT UNPACKING pc=0x000000015758321c sp=0x000000016b2944a0 mode 2
Event: 186.680 Thread 0x0000000120008200 Uncommon trap: trap_request=0xffffffbe fr.pc=0x0000000157e42264 relative=0x00000000000002a4
Event: 186.680 Thread 0x0000000120008200 Uncommon trap: reason=profile_predicate action=maybe_recompile pc=0x0000000157e42264 method=com.google.common.base.CharMatcher.indexIn(Ljava/lang/CharSequence;I)I @ 19 c2
Event: 186.680 Thread 0x0000000120008200 DEOPT PACKING pc=0x0000000157e42264 sp=0x000000016b294520
Event: 186.680 Thread 0x0000000120008200 DEOPT UNPACKING pc=0x000000015758321c sp=0x000000016b2944a0 mode 2
Event: 221.324 Thread 0x0000000127858000 DEOPT PACKING pc=0x000000015091d484 sp=0x00000002920b9a80
Event: 221.324 Thread 0x0000000127858000 DEOPT UNPACKING pc=0x000000015758307c sp=0x00000002920b9720 mode 0

Classes loaded (20 events):
Event: 73.703 Loading class java/nio/file/attribute/PosixFilePermissions
Event: 73.703 Loading class java/nio/file/attribute/PosixFilePermissions done
Event: 73.703 Loading class java/nio/file/attribute/PosixFilePermissions$1
Event: 73.703 Loading class java/nio/file/attribute/PosixFilePermissions$1 done
Event: 73.703 Loading class sun/nio/fs/UnixFileModeAttribute$1
Event: 73.703 Loading class sun/nio/fs/UnixFileModeAttribute$1 done
Event: 73.703 Loading class sun/nio/fs/UnixChannelFactory$1
Event: 73.703 Loading class sun/nio/fs/UnixChannelFactory$1 done
Event: 73.703 Loading class java/io/DeleteOnExitHook
Event: 73.703 Loading class java/io/DeleteOnExitHook done
Event: 73.703 Loading class java/io/DeleteOnExitHook$1
Event: 73.703 Loading class java/io/DeleteOnExitHook$1 done
Event: 73.703 Loading class sun/nio/ch/ChannelOutputStream
Event: 73.703 Loading class sun/nio/ch/ChannelOutputStream done
Event: 73.705 Loading class sun/nio/ch/SocketOutputStream
Event: 73.705 Loading class sun/nio/ch/SocketOutputStream done
Event: 165.011 Loading class java/lang/StringUTF16$CodePointsSpliterator
Event: 165.012 Loading class java/lang/StringUTF16$CodePointsSpliterator done
Event: 245.876 Loading class java/util/IdentityHashMap$KeyIterator
Event: 245.876 Loading class java/util/IdentityHashMap$KeyIterator done

Classes unloaded (0 events):
No events

Classes redefined (0 events):
No events

Internal exceptions (20 events):
Event: 82.956 Thread 0x0000000120008200 Exception <a 'sun/nio/fs/UnixException'{0x000000070f58d348}> (0x000000070f58d348) 
thrown [src/hotspot/share/prims/jni.cpp, line 517]
Event: 82.963 Thread 0x000000011607d400 Exception <a 'java/net/ConnectException'{0x000000071323c2e8}> (0x000000071323c2e8) 
thrown [src/hotspot/share/prims/jni.cpp, line 517]
Event: 83.858 Thread 0x0000000120008200 Exception <a 'sun/nio/fs/UnixException'{0x000000070ebe1ba0}> (0x000000070ebe1ba0) 
thrown [src/hotspot/share/prims/jni.cpp, line 517]
Event: 130.404 Thread 0x0000000120008200 Exception <a 'sun/nio/fs/UnixException'{0x000000070cc90220}> (0x000000070cc90220) 
thrown [src/hotspot/share/prims/jni.cpp, line 517]
Event: 130.487 Thread 0x0000000120008200 Exception <a 'sun/nio/fs/UnixException'{0x000000070cdf7b38}> (0x000000070cdf7b38) 
thrown [src/hotspot/share/prims/jni.cpp, line 517]
Event: 130.488 Thread 0x0000000120008200 Exception <a 'sun/nio/fs/UnixException'{0x000000070ca514f0}> (0x000000070ca514f0) 
thrown [src/hotspot/share/prims/jni.cpp, line 517]
Event: 132.605 Thread 0x000000011607d400 Exception <a 'java/net/ConnectException'{0x000000070c80bb30}> (0x000000070c80bb30) 
thrown [src/hotspot/share/prims/jni.cpp, line 517]
Event: 132.606 Thread 0x0000000120008200 Exception <a 'java/lang/NullPointerException'{0x000000070ca562b8}> (0x000000070ca562b8) 
thrown [src/hotspot/share/interpreter/linkResolver.cpp, line 1458]
Event: 132.606 Thread 0x0000000120008200 Exception <a 'sun/nio/fs/UnixException'{0x000000070ca57148}> (0x000000070ca57148) 
thrown [src/hotspot/share/prims/jni.cpp, line 517]
Event: 132.621 Thread 0x000000011607d400 Exception <a 'java/net/ConnectException'{0x000000070c80cb88}> (0x000000070c80cb88) 
thrown [src/hotspot/share/prims/jni.cpp, line 517]
Event: 132.634 Thread 0x000000011607d400 Exception <a 'java/net/ConnectException'{0x000000070c80dbc0}> (0x000000070c80dbc0) 
thrown [src/hotspot/share/prims/jni.cpp, line 517]
Event: 133.806 Thread 0x0000000120008200 Exception <a 'sun/nio/fs/UnixException'{0x000000070c3e64e8}> (0x000000070c3e64e8) 
thrown [src/hotspot/share/prims/jni.cpp, line 517]
Event: 183.648 Thread 0x0000000120008200 Exception <a 'sun/nio/fs/UnixException'{0x00000007177f9308}> (0x00000007177f9308) 
thrown [src/hotspot/share/prims/jni.cpp, line 517]
Event: 183.724 Thread 0x0000000120008200 Exception <a 'sun/nio/fs/UnixException'{0x00000007175faa30}> (0x00000007175faa30) 
thrown [src/hotspot/share/prims/jni.cpp, line 517]
Event: 183.725 Thread 0x0000000120008200 Exception <a 'sun/nio/fs/UnixException'{0x0000000717274690}> (0x0000000717274690) 
thrown [src/hotspot/share/prims/jni.cpp, line 517]
Event: 185.825 Thread 0x000000011607d400 Exception <a 'java/net/ConnectException'{0x000000071700bf90}> (0x000000071700bf90) 
thrown [src/hotspot/share/prims/jni.cpp, line 517]
Event: 185.835 Thread 0x0000000120008200 Exception <a 'java/lang/NullPointerException'{0x0000000717285fd8}> (0x0000000717285fd8) 
thrown [src/hotspot/share/interpreter/linkResolver.cpp, line 1458]
Event: 185.836 Thread 0x0000000120008200 Exception <a 'sun/nio/fs/UnixException'{0x0000000717286e68}> (0x0000000717286e68) 
thrown [src/hotspot/share/prims/jni.cpp, line 517]
Event: 185.851 Thread 0x000000011607d400 Exception <a 'java/net/ConnectException'{0x000000071700cfe8}> (0x000000071700cfe8) 
thrown [src/hotspot/share/prims/jni.cpp, line 517]
Event: 186.800 Thread 0x0000000120008200 Exception <a 'sun/nio/fs/UnixException'{0x0000000716ac1e58}> (0x0000000716ac1e58) 
thrown [src/hotspot/share/prims/jni.cpp, line 517]

VM Operations (20 events):
Event: 209.762 Executing VM operation: Cleanup
Event: 209.762 Executing VM operation: Cleanup done
Event: 210.767 Executing VM operation: Cleanup
Event: 210.767 Executing VM operation: Cleanup done
Event: 216.790 Executing VM operation: Cleanup
Event: 216.790 Executing VM operation: Cleanup done
Event: 217.795 Executing VM operation: Cleanup
Event: 217.795 Executing VM operation: Cleanup done
Event: 220.805 Executing VM operation: Cleanup
Event: 220.805 Executing VM operation: Cleanup done
Event: 221.810 Executing VM operation: Cleanup
Event: 221.810 Executing VM operation: Cleanup done
Event: 245.895 Executing VM operation: Cleanup
Event: 245.895 Executing VM operation: Cleanup done
Event: 274.009 Executing VM operation: Cleanup
Event: 274.009 Executing VM operation: Cleanup done
Event: 284.044 Executing VM operation: Cleanup
Event: 284.045 Executing VM operation: Cleanup done
Event: 304.147 Executing VM operation: Cleanup
Event: 304.147 Executing VM operation: Cleanup done

Events (20 events):
Event: 185.854 Thread 0x00000001201f4a00 Thread added: 0x00000001201f4a00
Event: 185.854 Protecting memory [0x0000000290004000,0x0000000290010000] with protection modes 0
Event: 185.861 Thread 0x000000011780a200 flushing nmethod 0x0000000157b12010
Event: 185.863 Thread 0x000000011780a200 flushing nmethod 0x0000000157bb6f90
Event: 185.863 Thread 0x000000011780a200 flushing nmethod 0x0000000157bf7490
Event: 185.863 Thread 0x000000011780a200 flushing nmethod 0x0000000157c4f090
Event: 185.863 Thread 0x000000011780a200 flushing nmethod 0x0000000157c51f10
Event: 185.863 Thread 0x000000011780a200 flushing nmethod 0x0000000157c52990
Event: 185.868 Thread 0x000000011780a200 flushing nmethod 0x0000000150535690
Event: 185.868 Thread 0x000000011780a200 flushing nmethod 0x000000015053ba90
Event: 185.868 Thread 0x000000011780a200 flushing nmethod 0x000000015053fb90
Event: 185.868 Thread 0x000000011780a200 flushing nmethod 0x0000000150604210
Event: 185.872 Thread 0x0000000127858000 Thread added: 0x0000000127858000
Event: 185.872 Protecting memory [0x0000000291eb8000,0x0000000291ec4000] with protection modes 0
Event: 190.816 Protecting memory [0x00000002924dc000,0x00000002924e8000] with protection modes 3
Event: 190.816 Thread 0x0000000127859600 Thread exited: 0x0000000127859600
Event: 245.877 Protecting memory [0x000000016fb5c000,0x000000016fb68000] with protection modes 3
Event: 245.877 Thread 0x000000011607d400 Thread exited: 0x000000011607d400
Event: 246.688 Protecting memory [0x000000016e6e4000,0x000000016e6f0000] with protection modes 3
Event: 246.688 Thread 0x00000001275fe800 Thread exited: 0x00000001275fe800


Dynamic libraries:
0x0000000104f2c000 	/opt/homebrew/Cellar/openjdk/19/libexec/openjdk.jdk/Contents/Home/lib/libjli.dylib
0x00000001b5075000 	/usr/lib/libz.1.dylib
0x00000001b512c000 	/usr/lib/libSystem.B.dylib
0x00000001b5126000 	/usr/lib/system/libcache.dylib
0x00000001b50e4000 	/usr/lib/system/libcommonCrypto.dylib
0x00000001b510d000 	/usr/lib/system/libcompiler_rt.dylib
0x00000001b5104000 	/usr/lib/system/libcopyfile.dylib
0x00000001aa34b000 	/usr/lib/system/libcorecrypto.dylib
0x00000001aa400000 	/usr/lib/system/libdispatch.dylib
0x00000001aa5ce000 	/usr/lib/system/libdyld.dylib
0x00000001b511c000 	/usr/lib/system/libkeymgr.dylib
0x00000001b50bf000 	/usr/lib/system/libmacho.dylib
0x00000001b47af000 	/usr/lib/system/libquarantine.dylib
0x00000001b5119000 	/usr/lib/system/libremovefile.dylib
0x00000001af746000 	/usr/lib/system/libsystem_asl.dylib
0x00000001aa2ed000 	/usr/lib/system/libsystem_blocks.dylib
0x00000001aa488000 	/usr/lib/system/libsystem_c.dylib
0x00000001b5111000 	/usr/lib/system/libsystem_collections.dylib
0x00000001b3c44000 	/usr/lib/system/libsystem_configuration.dylib
0x00000001b2e9e000 	/usr/lib/system/libsystem_containermanager.dylib
0x00000001b4e1c000 	/usr/lib/system/libsystem_coreservices.dylib
0x00000001accff000 	/usr/lib/system/libsystem_darwin.dylib
0x00000001b511d000 	/usr/lib/system/libsystem_dnssd.dylib
0x00000001aa485000 	/usr/lib/system/libsystem_featureflags.dylib
0x00000001aa5e3000 	/usr/lib/system/libsystem_info.dylib
0x00000001b5087000 	/usr/lib/system/libsystem_m.dylib
0x00000001aa3d5000 	/usr/lib/system/libsystem_malloc.dylib
0x00000001af6d4000 	/usr/lib/system/libsystem_networkextension.dylib
0x00000001ad158000 	/usr/lib/system/libsystem_notify.dylib
0x00000001bb481000 	/usr/lib/system/libsystem_product_info_filter.dylib
0x00000001b3c49000 	/usr/lib/system/libsystem_sandbox.dylib
0x00000001b5116000 	/usr/lib/system/libsystem_secinit.dylib
0x00000001aa589000 	/usr/lib/system/libsystem_kernel.dylib
0x00000001aa5db000 	/usr/lib/system/libsystem_platform.dylib
0x00000001aa5c1000 	/usr/lib/system/libsystem_pthread.dylib
0x00000001b0eaa000 	/usr/lib/system/libsystem_symptoms.dylib
0x00000001aa331000 	/usr/lib/system/libsystem_trace.dylib
0x00000001b50f1000 	/usr/lib/system/libunwind.dylib
0x00000001aa2ef000 	/usr/lib/system/libxpc.dylib
0x00000001aa571000 	/usr/lib/libc++abi.dylib
0x00000001aa447000 	/usr/lib/libobjc.A.dylib
0x00000001b50fc000 	/usr/lib/liboah.dylib
0x00000001aa50a000 	/usr/lib/libc++.1.dylib
0x00000001c0faf000 	/System/Library/Frameworks/Cocoa.framework/Versions/A/Cocoa
0x00000001ad1b9000 	/System/Library/Frameworks/AppKit.framework/Versions/C/AppKit
0x00000001b06d0000 	/System/Library/Frameworks/CoreData.framework/Versions/A/CoreData
0x00000001ab514000 	/System/Library/Frameworks/Foundation.framework/Versions/C/Foundation
0x00000001ae072000 	/System/Library/PrivateFrameworks/UIFoundation.framework/Versions/A/UIFoundation
0x00000001bb17b000 	/System/Library/PrivateFrameworks/RemoteViewServices.framework/Versions/A/RemoteViewServices
0x00000001b35ec000 	/System/Library/PrivateFrameworks/XCTTargetBootstrap.framework/Versions/A/XCTTargetBootstrap
0x00000001b6e6c000 	/System/Library/PrivateFrameworks/InternationalSupport.framework/Versions/A/InternationalSupport
0x00000001b6ef5000 	/System/Library/PrivateFrameworks/UserActivity.framework/Versions/A/UserActivity
0x00000001b6363000 	/usr/lib/libspindump.dylib
0x00000001ae2e3000 	/System/Library/Frameworks/UniformTypeIdentifiers.framework/Versions/A/UniformTypeIdentifiers
0x00000001b1b34000 	/usr/lib/libapp_launch_measurement.dylib
0x00000001b105c000 	/System/Library/PrivateFrameworks/CoreAnalytics.framework/Versions/A/CoreAnalytics
0x00000001b1b37000 	/System/Library/PrivateFrameworks/CoreAutoLayout.framework/Versions/A/CoreAutoLayout
0x00000001b2edb000 	/System/Library/Frameworks/Metal.framework/Versions/A/Metal
0x00000001b3c54000 	/usr/lib/liblangid.dylib
0x00000001b35f1000 	/System/Library/PrivateFrameworks/CoreSVG.framework/Versions/A/CoreSVG
0x00000001af77a000 	/System/Library/PrivateFrameworks/SkyLight.framework/Versions/A/SkyLight
0x00000001afb56000 	/System/Library/Frameworks/CoreGraphics.framework/Versions/A/CoreGraphics
0x00000001bb847000 	/System/Library/Frameworks/Accelerate.framework/Versions/A/Accelerate
0x00000001b5dda000 	/System/Library/PrivateFrameworks/IconServices.framework/Versions/A/IconServices
0x00000001b2ebd000 	/System/Library/Frameworks/IOSurface.framework/Versions/A/IOSurface
0x00000001b108d000 	/usr/lib/libDiagnosticMessagesClient.dylib
0x00000001bed4c000 	/System/Library/Frameworks/ApplicationServices.framework/Versions/A/ApplicationServices
0x00000001b35d4000 	/System/Library/PrivateFrameworks/DFRFoundation.framework/Versions/A/DFRFoundation
0x00000001aca49000 	/usr/lib/libicucore.A.dylib
0x00000001b7d1a000 	/System/Library/Frameworks/AudioToolbox.framework/Versions/A/AudioToolbox
0x00000001b6e78000 	/System/Library/PrivateFrameworks/DataDetectorsCore.framework/Versions/A/DataDetectorsCore
0x00000001cd898000 	/System/Library/PrivateFrameworks/TextInput.framework/Versions/A/TextInput
0x00000001af6ef000 	/usr/lib/libMobileGestalt.dylib
0x00000001b32a0000 	/System/Library/Frameworks/Carbon.framework/Versions/A/Frameworks/HIToolbox.framework/Versions/A/HIToolbox
0x00000001b150d000 	/System/Library/Frameworks/QuartzCore.framework/Versions/A/QuartzCore
0x00000001ac6ca000 	/System/Library/Frameworks/Security.framework/Versions/A/Security
0x00000001bb1bb000 	/System/Library/Frameworks/Carbon.framework/Versions/A/Frameworks/SpeechRecognition.framework/Versions/A/SpeechRecognition
0x00000001b1889000 	/System/Library/PrivateFrameworks/CoreUI.framework/Versions/A/CoreUI
0x00000001abfa6000 	/System/Library/Frameworks/CoreAudio.framework/Versions/A/CoreAudio
0x00000001b1181000 	/System/Library/Frameworks/DiskArbitration.framework/Versions/A/DiskArbitration
0x00000001b676d000 	/System/Library/PrivateFrameworks/MultitouchSupport.framework/Versions/A/MultitouchSupport
0x00000001af6ed000 	/usr/lib/libenergytrace.dylib
0x00000001ad081000 	/System/Library/Frameworks/IOKit.framework/Versions/A/IOKit
0x00000001bb5aa000 	/System/Library/Frameworks/CoreServices.framework/Versions/A/CoreServices
0x00000001b1ac4000 	/System/Library/PrivateFrameworks/PerformanceAnalysis.framework/Versions/A/PerformanceAnalysis
0x000000020bd43000 	/System/Library/Frameworks/OpenGL.framework/Versions/A/OpenGL
0x00000001b46c7000 	/System/Library/PrivateFrameworks/MobileKeyBag.framework/Versions/A/MobileKeyBag
0x00000001b0164000 	/System/Library/Frameworks/ColorSync.framework/Versions/A/ColorSync
0x00000001aa610000 	/System/Library/Frameworks/CoreFoundation.framework/Versions/A/CoreFoundation
0x00000001b3870000 	/System/Library/Frameworks/CoreImage.framework/Versions/A/CoreImage
0x00000001abdca000 	/System/Library/Frameworks/CoreText.framework/Versions/A/CoreText
0x00000001b3621000 	/System/Library/Frameworks/ImageIO.framework/Versions/A/ImageIO
0x00000001b5132000 	/System/Library/PrivateFrameworks/SoftLinking.framework/Versions/A/SoftLinking
0x00000001b1b82000 	/usr/lib/libxml2.2.dylib
0x00000001b53cb000 	/usr/lib/libcompression.dylib
0x00000001b6dc8000 	/System/Library/PrivateFrameworks/TextureIO.framework/Versions/A/TextureIO
0x00000001b5af3000 	/usr/lib/libate.dylib
0x00000001b59b8000 	/usr/lib/liblzma.5.dylib
0x00000001ab207000 	/System/Library/Frameworks/SystemConfiguration.framework/Versions/A/SystemConfiguration
0x00000001b512e000 	/usr/lib/libfakelink.dylib
0x00000001af21f000 	/System/Library/Frameworks/CFNetwork.framework/Versions/A/CFNetwork
0x00000001b5274000 	/usr/lib/libarchive.2.dylib
0x00000001b3c50000 	/System/Library/PrivateFrameworks/AppleSystemInfo.framework/Versions/A/AppleSystemInfo
0x00000001b47da000 	/usr/lib/libbsm.0.dylib
0x00000001ae78c000 	/usr/lib/libnetwork.dylib
0x00000001b50c8000 	/usr/lib/system/libkxld.dylib
0x00000001b43f4000 	/System/Library/PrivateFrameworks/IOMobileFramebuffer.framework/Versions/A/IOMobileFramebuffer
0x000000022a12d000 	/usr/lib/libCoreEntitlements.dylib
0x00000001b4dfe000 	/System/Library/PrivateFrameworks/AppleFSCompression.framework/Versions/A/AppleFSCompression
0x00000001b47c2000 	/usr/lib/libcoretls.dylib
0x00000001b59d1000 	/usr/lib/libcoretls_cfhelpers.dylib
0x00000001b53c6000 	/usr/lib/libpam.2.dylib
0x00000001b0ac0000 	/usr/lib/libsqlite3.dylib
0x00000001b5a3a000 	/usr/lib/libxar.1.dylib
0x00000001b4e0f000 	/usr/lib/libbz2.1.0.dylib
0x00000001b5133000 	/usr/lib/libpcap.A.dylib
0x00000001b0ea1000 	/usr/lib/libdns_services.dylib
0x00000001b5399000 	/usr/lib/libapple_nghttp2.dylib
0x00000001b5170000 	/usr/lib/libiconv.2.dylib
0x00000001b50be000 	/usr/lib/libcharset.1.dylib
0x00000001b1b00000 	/System/Library/Frameworks/CoreServices.framework/Versions/A/Frameworks/FSEvents.framework/Versions/A/FSEvents
0x00000001acd0a000 	/System/Library/Frameworks/CoreServices.framework/Versions/A/Frameworks/CarbonCore.framework/Versions/A/CarbonCore
0x00000001b10e1000 	/System/Library/Frameworks/CoreServices.framework/Versions/A/Frameworks/Metadata.framework/Versions/A/Metadata
0x00000001b4e22000 	/System/Library/Frameworks/CoreServices.framework/Versions/A/Frameworks/OSServices.framework/Versions/A/OSServices
0x00000001b52fa000 	/System/Library/Frameworks/CoreServices.framework/Versions/A/Frameworks/SearchKit.framework/Versions/A/SearchKit
0x00000001b0e2f000 	/System/Library/Frameworks/CoreServices.framework/Versions/A/Frameworks/AE.framework/Versions/A/AE
0x00000001aab57000 	/System/Library/Frameworks/CoreServices.framework/Versions/A/Frameworks/LaunchServices.framework/Versions/A/LaunchServices
0x00000001b5961000 	/System/Library/Frameworks/CoreServices.framework/Versions/A/Frameworks/DictionaryServices.framework/Versions/A/DictionaryServices
0x00000001b1b0d000 	/System/Library/Frameworks/CoreServices.framework/Versions/A/Frameworks/SharedFileList.framework/Versions/A/SharedFileList
0x00000001b47b2000 	/usr/lib/libCheckFix.dylib
0x00000001af75e000 	/System/Library/PrivateFrameworks/TCC.framework/Versions/A/TCC
0x00000001b3c56000 	/System/Library/PrivateFrameworks/CoreNLP.framework/Versions/A/CoreNLP
0x00000001b1090000 	/System/Library/PrivateFrameworks/MetadataUtilities.framework/Versions/A/MetadataUtilities
0x00000001ab2c1000 	/usr/lib/libmecabra.dylib
0x00000001b47eb000 	/usr/lib/libmecab.dylib
0x00000001ab28d000 	/usr/lib/libCRFSuite.dylib
0x00000001b4848000 	/usr/lib/libgermantok.dylib
0x00000001b5372000 	/usr/lib/libThaiTokenizer.dylib
0x00000001b1189000 	/System/Library/Frameworks/Accelerate.framework/Versions/A/Frameworks/vImage.framework/Versions/A/vImage
0x00000001bb581000 	/System/Library/Frameworks/Accelerate.framework/Versions/A/Frameworks/vecLib.framework/Versions/A/vecLib
0x00000001b5a7f000 	/System/Library/Frameworks/Accelerate.framework/Versions/A/Frameworks/vecLib.framework/Versions/A/libvMisc.dylib
0x00000001b42fb000 	/System/Library/Frameworks/Accelerate.framework/Versions/A/Frameworks/vecLib.framework/Versions/A/libvDSP.dylib
0x00000001aaee2000 	/System/Library/Frameworks/Accelerate.framework/Versions/A/Frameworks/vecLib.framework/Versions/A/libBLAS.dylib
0x00000001b549c000 	/System/Library/Frameworks/Accelerate.framework/Versions/A/Frameworks/vecLib.framework/Versions/A/libLAPACK.dylib
0x00000001b484b000 	/System/Library/Frameworks/Accelerate.framework/Versions/A/Frameworks/vecLib.framework/Versions/A/libLinearAlgebra.dylib
0x00000001b53b1000 	/System/Library/Frameworks/Accelerate.framework/Versions/A/Frameworks/vecLib.framework/Versions/A/libSparseBLAS.dylib
0x00000001b5497000 	/System/Library/Frameworks/Accelerate.framework/Versions/A/Frameworks/vecLib.framework/Versions/A/libQuadrature.dylib
0x00000001b3d4f000 	/System/Library/Frameworks/Accelerate.framework/Versions/A/Frameworks/vecLib.framework/Versions/A/libBNNS.dylib
0x00000001ab1a0000 	/System/Library/Frameworks/Accelerate.framework/Versions/A/Frameworks/vecLib.framework/Versions/A/libSparse.dylib
0x00000001b3d47000 	/System/Library/PrivateFrameworks/LinguisticData.framework/Versions/A/LinguisticData
0x00000001ab158000 	/System/Library/PrivateFrameworks/Lexicon.framework/Versions/A/Lexicon
0x00000001b5a77000 	/usr/lib/libChineseTokenizer.dylib
0x00000001ab906000 	/System/Library/PrivateFrameworks/LanguageModeling.framework/Versions/A/LanguageModeling
0x00000001b5374000 	/System/Library/PrivateFrameworks/AppleSauce.framework/Versions/A/AppleSauce
0x00000001b43e1000 	/System/Library/PrivateFrameworks/CoreEmoji.framework/Versions/A/CoreEmoji
0x00000001b5262000 	/usr/lib/libcmph.dylib
0x00000001b1ae0000 	/System/Library/Frameworks/OpenDirectory.framework/Versions/A/Frameworks/CFOpenDirectory.framework/Versions/A/CFOpenDirectory
0x00000001b1ad0000 	/System/Library/Frameworks/OpenDirectory.framework/Versions/A/OpenDirectory
0x00000001b59d3000 	/System/Library/PrivateFrameworks/APFS.framework/Versions/A/APFS
0x00000001b4702000 	/System/Library/Frameworks/SecurityFoundation.framework/Versions/A/SecurityFoundation
0x00000001b5a49000 	/usr/lib/libutil.dylib
0x00000001ad043000 	/System/Library/PrivateFrameworks/CoreServicesStore.framework/Versions/A/CoreServicesStore
0x00000001b5a4d000 	/usr/lib/libxslt.1.dylib
0x00000001b4796000 	/System/Library/PrivateFrameworks/BackgroundTaskManagement.framework/Versions/A/BackgroundTaskManagement
0x00000001b6ce9000 	/System/Library/Frameworks/ImageIO.framework/Versions/A/Resources/libRadiance.dylib
0x00000001b6cf2000 	/System/Library/Frameworks/ImageIO.framework/Versions/A/Resources/libJPEG.dylib
0x00000001b6c45000 	/System/Library/Frameworks/ImageIO.framework/Versions/A/Resources/libPng.dylib
0x00000001b6c67000 	/System/Library/Frameworks/ImageIO.framework/Versions/A/Resources/libTIFF.dylib
0x00000001b6d4d000 	/System/Library/Frameworks/ImageIO.framework/Versions/A/Resources/libGIF.dylib
0x00000001b667d000 	/System/Library/Frameworks/ImageIO.framework/Versions/A/Resources/libJP2.dylib
0x00000001b5d9f000 	/usr/lib/libexpat.1.dylib
0x00000001b6638000 	/System/Library/PrivateFrameworks/AppleJPEG.framework/Versions/A/AppleJPEG
0x00000001b315c000 	/System/Library/PrivateFrameworks/FontServices.framework/libFontParser.dylib
0x00000001b0dd4000 	/System/Library/PrivateFrameworks/RunningBoardServices.framework/Versions/A/RunningBoardServices
0x00000001c1686000 	/System/Library/PrivateFrameworks/IOSurfaceAccelerator.framework/Versions/A/IOSurfaceAccelerator
0x00000001b6769000 	/System/Library/PrivateFrameworks/WatchdogClient.framework/Versions/A/WatchdogClient
0x00000001aba06000 	/System/Library/Frameworks/CoreDisplay.framework/Versions/A/CoreDisplay
0x00000001b3046000 	/System/Library/Frameworks/CoreMedia.framework/Versions/A/CoreMedia
0x00000001b2ed1000 	/System/Library/PrivateFrameworks/IOAccelerator.framework/Versions/A/IOAccelerator
0x00000001b1c70000 	/System/Library/Frameworks/CoreVideo.framework/Versions/A/CoreVideo
0x00000001b53c4000 	/System/Library/Frameworks/MetalPerformanceShaders.framework/Versions/A/MetalPerformanceShaders
0x00000001b67a8000 	/System/Library/Frameworks/VideoToolbox.framework/Versions/A/VideoToolbox
0x00000001b0d18000 	/System/Library/PrivateFrameworks/BaseBoard.framework/Versions/A/BaseBoard
0x00000001b0aa6000 	/System/Library/PrivateFrameworks/ProtocolBuffer.framework/Versions/A/ProtocolBuffer
0x00000001b6ce4000 	/System/Library/PrivateFrameworks/GPUWrangler.framework/Versions/A/GPUWrangler
0x00000001b6cc4000 	/System/Library/PrivateFrameworks/IOPresentment.framework/Versions/A/IOPresentment
0x00000001b6cec000 	/System/Library/PrivateFrameworks/DSExternalDisplay.framework/Versions/A/DSExternalDisplay
0x000000020bd36000 	/System/Library/Frameworks/OpenGL.framework/Versions/A/Libraries/libCoreFSCache.dylib
0x0000000216c00000 	/System/Library/PrivateFrameworks/GPUCompiler.framework/Versions/31001/Libraries/libGPUCompilerUtils.dylib
0x00000001b6d52000 	/System/Library/PrivateFrameworks/CMCaptureCore.framework/Versions/A/CMCaptureCore
0x00000001b6350000 	/System/Library/PrivateFrameworks/AppServerSupport.framework/Versions/A/AppServerSupport
0x00000001b85d8000 	/System/Library/PrivateFrameworks/perfdata.framework/Versions/A/perfdata
0x00000001abb26000 	/System/Library/PrivateFrameworks/AudioToolboxCore.framework/Versions/A/AudioToolboxCore
0x00000001b301f000 	/System/Library/PrivateFrameworks/caulk.framework/Versions/A/caulk
0x00000001b7ecd000 	/usr/lib/libAudioStatistics.dylib
0x00000001c9eeb000 	/System/Library/PrivateFrameworks/SystemPolicy.framework/Versions/A/SystemPolicy
0x00000001b8139000 	/usr/lib/libSMC.dylib
0x00000001c0e8d000 	/System/Library/Frameworks/CoreMIDI.framework/Versions/A/CoreMIDI
0x00000001b6c13000 	/usr/lib/libAudioToolboxUtility.dylib
0x00000001c604e000 	/System/Library/PrivateFrameworks/OSAServicesClient.framework/Versions/A/OSAServicesClient
0x00000001b85e5000 	/usr/lib/libperfcheck.dylib
0x00000001caa0a000 	/usr/lib/libmis.dylib
0x000000020bd98000 	/System/Library/Frameworks/OpenGL.framework/Versions/A/Libraries/libGLU.dylib
0x000000020bd57000 	/System/Library/Frameworks/OpenGL.framework/Versions/A/Libraries/libGFXShared.dylib
0x000000020bf44000 	/System/Library/Frameworks/OpenGL.framework/Versions/A/Libraries/libGL.dylib
0x000000020bd60000 	/System/Library/Frameworks/OpenGL.framework/Versions/A/Libraries/libGLImage.dylib
0x000000020bd54000 	/System/Library/Frameworks/OpenGL.framework/Versions/A/Libraries/libCVMSPluginSupport.dylib
0x000000020bd3d000 	/System/Library/Frameworks/OpenGL.framework/Versions/A/Libraries/libCoreVMClient.dylib
0x00000001b3bd0000 	/System/Library/Frameworks/MetalPerformanceShaders.framework/Versions/A/Frameworks/MPSCore.framework/Versions/A/MPSCore
0x00000001b4d71000 	/System/Library/Frameworks/MetalPerformanceShaders.framework/Versions/A/Frameworks/MPSImage.framework/Versions/A/MPSImage
0x00000001b4860000 	/System/Library/Frameworks/MetalPerformanceShaders.framework/Versions/A/Frameworks/MPSNeuralNetwork.framework/Versions/A/MPSNeuralNetwork
0x00000001b4c99000 	/System/Library/Frameworks/MetalPerformanceShaders.framework/Versions/A/Frameworks/MPSMatrix.framework/Versions/A/MPSMatrix
0x00000001b4a72000 	/System/Library/Frameworks/MetalPerformanceShaders.framework/Versions/A/Frameworks/MPSRayIntersector.framework/Versions/A/MPSRayIntersector
0x00000001b4cca000 	/System/Library/Frameworks/MetalPerformanceShaders.framework/Versions/A/Frameworks/MPSNDArray.framework/Versions/A/MPSNDArray
0x000000020e83f000 	/System/Library/Frameworks/MetalPerformanceShaders.framework/Versions/A/Frameworks/MPSFunctions.framework/Versions/A/MPSFunctions
0x00000001aadb8000 	/System/Library/PrivateFrameworks/MetalTools.framework/Versions/A/MetalTools
0x00000001b3c4e000 	/System/Library/PrivateFrameworks/AggregateDictionary.framework/Versions/A/AggregateDictionary
0x00000001b5b84000 	/usr/lib/libIOReport.dylib
0x00000001bfea6000 	/System/Library/PrivateFrameworks/ASEProcessing.framework/Versions/A/ASEProcessing
0x00000001b5ef9000 	/System/Library/PrivateFrameworks/FaceCore.framework/Versions/A/FaceCore
0x00000001b5eeb000 	/System/Library/PrivateFrameworks/GraphVisualizer.framework/Versions/A/GraphVisualizer
0x0000000216b17000 	/System/Library/PrivateFrameworks/FontServices.framework/Versions/A/FontServices
0x00000001b630c000 	/System/Library/PrivateFrameworks/OTSVG.framework/Versions/A/OTSVG
0x00000001b1839000 	/System/Library/Frameworks/ApplicationServices.framework/Versions/A/Frameworks/ATS.framework/Versions/A/Resources/libFontRegistry.dylib
0x00000001b6359000 	/System/Library/PrivateFrameworks/FontServices.framework/libhvf.dylib
0x0000000216b18000 	/System/Library/PrivateFrameworks/FontServices.framework/libXTFontStaticRegistryData.dylib
0x000000020c0e5000 	/System/Library/Frameworks/OpenCL.framework/Versions/A/OpenCL
0x00000001b5d53000 	/System/Library/PrivateFrameworks/AppleVA.framework/Versions/A/AppleVA
0x00000001b7ef5000 	/System/Library/Frameworks/ApplicationServices.framework/Versions/A/Frameworks/ATS.framework/Versions/A/ATS
0x00000001b0263000 	/System/Library/Frameworks/ApplicationServices.framework/Versions/A/Frameworks/HIServices.framework/Versions/A/HIServices
0x00000001b6d5c000 	/System/Library/Frameworks/ApplicationServices.framework/Versions/A/Frameworks/PrintCore.framework/Versions/A/PrintCore
0x00000001b828c000 	/System/Library/Frameworks/ApplicationServices.framework/Versions/A/Frameworks/QD.framework/Versions/A/QD
0x00000001b8284000 	/System/Library/Frameworks/ApplicationServices.framework/Versions/A/Frameworks/ColorSyncLegacy.framework/Versions/A/ColorSyncLegacy
0x00000001b7ee1000 	/System/Library/Frameworks/ApplicationServices.framework/Versions/A/Frameworks/SpeechSynthesis.framework/Versions/A/SpeechSynthesis
0x00000001b6d1d000 	/System/Library/Frameworks/ApplicationServices.framework/Versions/A/Frameworks/ATSUI.framework/Versions/A/ATSUI
0x00000001b8219000 	/usr/lib/libcups.2.dylib
0x00000001b85f3000 	/System/Library/Frameworks/Kerberos.framework/Versions/A/Kerberos
0x00000001b8604000 	/System/Library/Frameworks/GSS.framework/Versions/A/GSS
0x00000001b7f65000 	/usr/lib/libresolv.9.dylib
0x00000001b6368000 	/System/Library/PrivateFrameworks/Heimdal.framework/Versions/A/Heimdal
0x00000001bf0dc000 	/System/Library/Frameworks/Kerberos.framework/Versions/A/Libraries/libHeimdalProxy.dylib
0x00000001b0eb3000 	/System/Library/Frameworks/Network.framework/Versions/A/Network
0x00000001b5dba000 	/usr/lib/libheimdal-asn1.dylib
0x00000001b8654000 	/System/Library/PrivateFrameworks/CommonAuth.framework/Versions/A/CommonAuth
0x00000001b7e5b000 	/System/Library/PrivateFrameworks/AudioSession.framework/Versions/A/AudioSession
0x00000001b5e4c000 	/System/Library/PrivateFrameworks/MediaExperience.framework/Versions/A/MediaExperience
0x00000001b7ce0000 	/System/Library/PrivateFrameworks/AudioSession.framework/libSessionUtility.dylib
0x00000001b8298000 	/System/Library/PrivateFrameworks/AudioResourceArbitration.framework/Versions/A/AudioResourceArbitration
0x00000001bc45e000 	/System/Library/PrivateFrameworks/PowerLog.framework/Versions/A/PowerLog
0x00000001b5dc4000 	/System/Library/PrivateFrameworks/IconFoundation.framework/Versions/A/IconFoundation
0x00000001bb1a7000 	/System/Library/PrivateFrameworks/SpeechRecognitionCore.framework/Versions/A/SpeechRecognitionCore
0x0000000105f54000 	/opt/homebrew/Cellar/openjdk/19/libexec/openjdk.jdk/Contents/Home/lib/server/libjvm.dylib
0x0000000105048000 	/opt/homebrew/Cellar/openjdk/19/libexec/openjdk.jdk/Contents/Home/lib/libjimage.dylib
0x0000000105078000 	/opt/homebrew/Cellar/openjdk/19/libexec/openjdk.jdk/Contents/Home/lib/libinstrument.dylib
0x00000001050c8000 	/opt/homebrew/Cellar/openjdk/19/libexec/openjdk.jdk/Contents/Home/lib/libjava.dylib
0x00000001050ac000 	/opt/homebrew/Cellar/openjdk/19/libexec/openjdk.jdk/Contents/Home/lib/libzip.dylib
0x0000000105b9c000 	/opt/homebrew/Cellar/openjdk/19/libexec/openjdk.jdk/Contents/Home/lib/libnio.dylib
0x0000000105bbc000 	/opt/homebrew/Cellar/openjdk/19/libexec/openjdk.jdk/Contents/Home/lib/libnet.dylib
0x0000000105b7c000 	/opt/homebrew/Cellar/openjdk/19/libexec/openjdk.jdk/Contents/Home/lib/libmanagement.dylib
0x0000000105bdc000 	/opt/homebrew/Cellar/openjdk/19/libexec/openjdk.jdk/Contents/Home/lib/libmanagement_ext.dylib
0x0000000105d00000 	/opt/homebrew/Cellar/openjdk/19/libexec/openjdk.jdk/Contents/Home/lib/libverify.dylib
0x0000000105d18000 	/opt/homebrew/Cellar/openjdk/19/libexec/openjdk.jdk/Contents/Home/lib/libextnet.dylib


VM Arguments:
jvm_args: -javaagent:/Users/ngan.dang/.m2/repository/org/aspectj/aspectjweaver/1.9.9.1/aspectjweaver-1.9.9.1.jar 
java_command: /Users/ngan.dang/Testing/mini-app-center/target/surefire/surefirebooter-20221025171800565_3.jar /Users/ngan.dang/Testing/mini-app-center/target/surefire 2022-10-25T17-18-00_179-jvmRun1 surefire-20221025171800565_1tmp surefire_0-20221025171800565_2tmp
java_class_path (initial): /Users/ngan.dang/Testing/mini-app-center/target/surefire/surefirebooter-20221025171800565_3.jar
Launcher Type: SUN_STANDARD

[Global flags]
     intx CICompilerCount                          = 4                                         {product} {ergonomic}
     uint ConcGCThreads                            = 2                                         {product} {ergonomic}
     uint G1ConcRefinementThreads                  = 8                                         {product} {ergonomic}
   size_t G1HeapRegionSize                         = 2097152                                   {product} {ergonomic}
    uintx GCDrainStackTargetSize                   = 64                                        {product} {ergonomic}
   size_t InitialHeapSize                          = 268435456                                 {product} {ergonomic}
   size_t MarkStackSize                            = 4194304                                   {product} {ergonomic}
   size_t MaxHeapSize                              = 4294967296                                {product} {ergonomic}
   size_t MaxNewSize                               = 2575302656                                {product} {ergonomic}
   size_t MinHeapDeltaBytes                        = 2097152                                   {product} {ergonomic}
   size_t MinHeapSize                              = 8388608                                   {product} {ergonomic}
    uintx NonNMethodCodeHeapSize                   = 5839564                                {pd product} {ergonomic}
    uintx NonProfiledCodeHeapSize                  = 122909338                              {pd product} {ergonomic}
    uintx ProfiledCodeHeapSize                     = 122909338                              {pd product} {ergonomic}
    uintx ReservedCodeCacheSize                    = 251658240                              {pd product} {ergonomic}
     bool SegmentedCodeCache                       = true                                      {product} {ergonomic}
   size_t SoftMaxHeapSize                          = 4294967296                             {manageable} {ergonomic}
     bool UseCompressedClassPointers               = true                           {product lp64_product} {ergonomic}
     bool UseCompressedOops                        = true                           {product lp64_product} {ergonomic}
     bool UseG1GC                                  = true                                      {product} {ergonomic}
     bool UseNUMA                                  = false                                     {product} {ergonomic}
     bool UseNUMAInterleaving                      = false                                     {product} {ergonomic}

Logging:
Log output configuration:
 #0: stdout all=warning uptime,level,tags foldmultilines=false
 #1: stderr all=off uptime,level,tags foldmultilines=false

Environment Variables:
JAVA_HOME=/opt/homebrew/opt/openjdk/libexec/openjdk.jdk/Contents/Home
PATH=/var/folders/57/zjxg7xzj2gd4ffg7zjyr804m0000gp/T/yarn--1666688569823-0.4315542551291811:/Users/ngan.dang/Testing/mini-app-center/report-tracking/be-report-tracking/node_modules/.bin:/Users/ngan.dang/.config/yarn/link/node_modules/.bin:/usr/local/libexec/lib/node_modules/npm/bin/node-gyp-bin:/usr/local/lib/node_modules/npm/bin/node-gyp-bin:/usr/local/bin/node_modules/npm/bin/node-gyp-bin:/opt/homebrew/bin:/opt/homebrew/sbin:/usr/local/bin:/usr/bin:/bin:/usr/sbin:/sbin:/Library/Apple/usr/bin
SHELL=/bin/zsh
LC_CTYPE=UTF-8
TERM=xterm-256color
TMPDIR=/var/folders/57/zjxg7xzj2gd4ffg7zjyr804m0000gp/T/

Active Locale:
LC_ALL=C/UTF-8/C/C/C/C
LC_COLLATE=C
LC_CTYPE=UTF-8
LC_MESSAGES=C
LC_MONETARY=C
LC_NUMERIC=C
LC_TIME=C

Signal Handlers:
   SIGSEGV: _ZL13crash_handleriP9__siginfoPv in libjvm.dylib, mask=11100110000111110111111111111111, flags=SA_RESTART|SA_SIGINFO
    SIGBUS: _ZL13crash_handleriP9__siginfoPv in libjvm.dylib, mask=11100110000111110111111111111111, flags=SA_RESTART|SA_SIGINFO
    SIGFPE: _ZL13crash_handleriP9__siginfoPv in libjvm.dylib, mask=11100110000111110111111111111111, flags=SA_RESTART|SA_SIGINFO
   SIGPIPE: _ZL17javaSignalHandleriP9__siginfoPv in libjvm.dylib, mask=11100110000111110111111111111111, flags=SA_RESTART|SA_SIGINFO
   SIGXFSZ: _ZL17javaSignalHandleriP9__siginfoPv in libjvm.dylib, mask=11100110000111110111111111111111, flags=SA_RESTART|SA_SIGINFO
    SIGILL: _ZL13crash_handleriP9__siginfoPv in libjvm.dylib, mask=11100110000111110111111111111111, flags=SA_RESTART|SA_SIGINFO
   SIGUSR2: _ZL10SR_handleriP9__siginfoP17__darwin_ucontext in libjvm.dylib, mask=00100000000000000000000000000000, flags=SA_RESTART|SA_SIGINFO
    SIGHUP: _ZL11UserHandleriPvS_ in libjvm.dylib, mask=11100110000111110111111111111111, flags=SA_RESTART|SA_SIGINFO
    SIGINT: _ZL11UserHandleriPvS_ in libjvm.dylib, mask=11100110000111110111111111111111, flags=SA_RESTART|SA_SIGINFO
   SIGTERM: _ZL11UserHandleriPvS_ in libjvm.dylib, mask=11100110000111110111111111111111, flags=SA_RESTART|SA_SIGINFO
   SIGQUIT: _ZL11UserHandleriPvS_ in libjvm.dylib, mask=11100110000111110111111111111111, flags=SA_RESTART|SA_SIGINFO
   SIGTRAP: _ZL13crash_handleriP9__siginfoPv in libjvm.dylib, mask=11100110000111110111111111111111, flags=SA_RESTART|SA_SIGINFO


---------------  S Y S T E M  ---------------

OS:
uname: Darwin 21.6.0 Darwin Kernel Version 21.6.0: Wed Aug 10 14:28:35 PDT 2022; root:xnu-8020.141.5~2/RELEASE_ARM64_T8101 arm64
OS uptime: 12 days 7:20 hours
rlimit (soft/hard): STACK 8176k/65520k , CORE 0k/infinity , NPROC 2666/4000 , NOFILE 10240/infinity , AS infinity/infinity , CPU infinity/infinity , DATA infinity/infinity , FSIZE infinity/infinity , MEMLOCK infinity/infinity , RSS infinity/infinity
load average: 6.28 5.46 4.27

CPU: total 8 (initial active 8) 0x61:0x0:0x1b588bb3:0, fp, simd, aes, pmull, crc32, lse

Memory: 16k page, physical 16777216k(67520k free), swap 13631488k(819136k free)

vm_info: OpenJDK 64-Bit Server VM (19) for bsd-aarch64 JRE (19), built on 2022-08-12T20:24:53Z by "brew" with clang Apple LLVM 14.0.0 (clang-1400.0.29.102)

END.
