#
# A fatal error has been detected by the Java Runtime Environment:
#
#  SIGSEGV (0xb) at pc=0x0000000103e15214, pid=51581, tid=259
#
# JRE version: OpenJDK Runtime Environment Homebrew (19.0) (build 19)
# Java VM: OpenJDK 64-Bit Server VM Homebrew (19, mixed mode, sharing, tiered, compressed oops, compressed class ptrs, g1 gc, bsd-aarch64)
# Problematic frame:
# V  [libjvm.dylib+0x79d214]  _ZL10SR_handleriP9__siginfoP17__darwin_ucontext+0x54
#
# No core dump will be written. Core dumps have been disabled. To enable core dumping, try "ulimit -c unlimited" before starting Java again
#
# If you would like to submit a bug report, please visit:
#   https://github.com/Homebrew/homebrew-core/issues
#

---------------  S U M M A R Y ------------

Command Line: -javaagent:/Users/ngan.dang/.m2/repository/org/aspectj/aspectjweaver/1.9.9.1/aspectjweaver-1.9.9.1.jar /Users/ngan.dang/Testing/mini-app-center/target/surefire/surefirebooter-20221025171754921_3.jar /Users/ngan.dang/Testing/mini-app-center/target/surefire 2022-10-25T17-17-54_779-jvmRun1 surefire-20221025171754921_1tmp surefire_0-20221025171754921_2tmp

Host: "Macmini9,1" arm64, 8 cores, 16G, Darwin 21.6.0, macOS 12.5.1 (21G83)
Time: Tue Oct 25 17:23:06 2022 +07 elapsed time: 311.897402 seconds (0d 0h 5m 11s)

---------------  T H R E A D  ---------------

Current thread is native thread

Stack: [0x000000016d308000,0x000000016db04000],  sp=0x000000016db007c0,  free space=8161k
Native frames: (J=compiled Java code, j=interpreted, Vv=VM code, C=native code)
V  [libjvm.dylib+0x79d214]  _ZL10SR_handleriP9__siginfoP17__darwin_ucontext+0x54
C  [libsystem_platform.dylib+0x44a4]  _sigtramp+0x38
C  [libsystem_kernel.dylib+0x1d20]  mach_msg+0x4c
C  [CoreFoundation+0x852c0]  __CFRunLoopServiceMachPort+0x174
C  [CoreFoundation+0x83770]  __CFRunLoopRun+0x49c
C  [CoreFoundation+0x82b34]  CFRunLoopRunSpecific+0x258
C  [libjli.dylib+0xb094]  CreateExecutionEnvironment+0x190
C  [libjli.dylib+0x7794]  JLI_Launch+0x4b8
C  [java+0x3bc4]  main+0x188
C  0x00000001026a908c


siginfo: si_signo: 11 (SIGSEGV), si_code: 2 (SEGV_ACCERR), si_addr: 0x0000000000000280

Registers:
 x0=0x0000000000000000  x1=0x0000000000000000  x2=0x0000000000000000  x3=0x000000016db00840
 x4=0x000000016db008a8  x5=0xcdc08b6ec07544c0  x6=0x0000000000000000  x7=0x00006000014d8000
 x8=0x000000010271c660  x9=0x0000000203525b20 x10=0x7299911027b6000c x11=0x000000b2f4b05608
x12=0x0000000000000130 x13=0x00000000016e3600 x14=0x0000000000000000 x15=0x0000000000000000
x16=0x00000001aa5c30fc x17=0x00000002046eb690 x18=0x0000000000000000 x19=0xcdc08b6ec07544c0
x20=0x000000016db008a8 x21=0x000000016db00840 x22=0x0000000000000001 x23=0x000000016db00e60
x24=0x0000000007000806 x25=0x0000000000000000 x26=0x0000000007000806 x27=0x0000000000001103
x28=0x0000000000001103  fp=0x000000016db00800  lr=0x0000000103e15214  sp=0x000000016db007c0
pc=0x0000000103e15214 cpsr=0x0000000000001000

Top of Stack: (sp=0x000000016db007c0)
0x000000016db007c0:   0000000000000000 0000069800000000
0x000000016db007d0:   0000000007000806 000000016db00e60
0x000000016db007e0:   0000000000000c00 0000000203526000
0x000000016db007f0:   000000016db008a8 cdc08b6ec07544c0
0x000000016db00800:   000000016db00830 00000001aa5df4a4
0x000000016db00810:   0000000000000c00 0000000000001103
0x000000016db00820:   00000000ffffffff 0000000000000000
0x000000016db00830:   000000016db00ce0 993b8001aa58ad20
0x000000016db00840:   000000000000001f 0000cb5700000000
0x000000016db00850:   0000001f000001f6 00000001aa58a8b0
0x000000016db00860:   0000000000000000 0000000000000000
0x000000016db00870:   0000000000000000 0000000000000000
0x000000016db00880:   0000000000000000 0000000000000000
0x000000016db00890:   0000000000000000 0000000000000000
0x000000016db008a0:   0000000000000000 0000000400000000
0x000000016db008b0:   000000016db00840 0000000000000000
0x000000016db008c0:   0000000000000000 0000000000000000
0x000000016db008d0:   0000000000000330 000000016db008e0
0x000000016db008e0:   0000000202b91220 0000000056000080
0x000000016db008f0:   0000000010004005 0000000007000806
0x000000016db00900:   0000000000000000 0000000000000c00
0x000000016db00910:   0000000000001103 00000000ffffffff
0x000000016db00920:   0000000000000000 00006000014d8000
0x000000016db00930:   00000000fffffbbf 00000000a3628e28
0x000000016db00940:   7299911027b6000c 000000b2f4b05608
0x000000016db00950:   0000000000000130 00000000016e3600
0x000000016db00960:   0000000000000000 0000000000000000
0x000000016db00970:   ffffffffffffffe1 0000000203d2fe68
0x000000016db00980:   0000000000000000 0000000000000000
0x000000016db00990:   00000000ffffffff 0000000000001103
0x000000016db009a0:   0000000000000c00 000000016db00e60
0x000000016db009b0:   0000000007000806 0000000000000000 

Instructions: (pc=0x0000000103e15214)
0x0000000103e15114:   52800848 b9002fe8 10000528 d503201f
0x0000000103e15124:   f90013e8 910083e8 91002102 52800020
0x0000000103e15134:   d2800001 94052a02 b9402be8 1280d309
0x0000000103e15144:   0a090108 b9002be8 b941a260 910083e1
0x0000000103e15154:   d2800002 94052a3c 3100041f 54000280
0x0000000103e15164:   b941a274 51000688 7100791f 54000168
0x0000000103e15174:   52800200 52800121 52800002 97e66609
0x0000000103e15184:   b0001d48 91140108 f8347900 3dc00be0
0x0000000103e15194:   3d800000 b941a274 52800000 b0001d48
0x0000000103e151a4:   911e8508 52800029 3834c909 a9447bfd
0x0000000103e151b4:   a9434ff4 910143ff d65f03c0 d10143ff
0x0000000103e151c4:   a9015ff8 a90257f6 a9034ff4 a9047bfd
0x0000000103e151d4:   910103fd aa0203f4 aa0103f5 94052825
0x0000000103e151e4:   b9400016 5280d308 b9000fe8 910033e1
0x0000000103e151f4:   52800040 d2800002 940529d1 9402791c
0x0000000103e15204:   aa0003e8 d2800000 34000048 9402791e
0x0000000103e15214:   f9414008 b40007e8 f9412417 aa1703f3
0x0000000103e15224:   b841ce68 7100051f 54000701 a98252f5
0x0000000103e15234:   aa1303e0 52800021 52800042 97fc8b7c
0x0000000103e15244:   34000620 7100081f 540004a1 b9000bff
0x0000000103e15254:   52800034 910023e2 52800020 d2800001
0x0000000103e15264:   940529b7 d00018e8 b941a108 51000509
0x0000000103e15274:   1ac92289 7100811f 12800008 5a89c108
0x0000000103e15284:   b9400be9 0a090108 b9000be8 b0001d40
0x0000000103e15294:   911c0000 52800021 97fe49db b0000ef4
0x0000000103e152a4:   91306e94 910023e0 940529f0 aa1303e0
0x0000000103e152b4:   52800061 52800002 97fc8b5d 7100081f
0x0000000103e152c4:   54ffff20 34000180 aa1403e0 5280cd61
0x0000000103e152d4:   97eb76d9 97fc8f25 17fffff3 b0000ee0
0x0000000103e152e4:   91306c00 5280ce41 97eb76d3 97fc8f1f
0x0000000103e152f4:   14000005 b0001d40 911c0000 52800021
0x0000000103e15304:   97fe49c1 a9007eff 940527da b9000016 



---------------  P R O C E S S  ---------------

VM state: not at safepoint (normal execution)

VM Mutex/Monitor currently owned by a thread: None

Heap address: 0x0000000700000000, size: 4096 MB, Compressed Oops mode: Zero based, Oop shift amount: 3

CDS archive(s) mapped at: [0x0000000800000000-0x0000000800c44000-0x0000000800c44000), size 12861440, SharedBaseAddress: 0x0000000800000000, ArchiveRelocationMode: 0.
Compressed class space mapped at: 0x0000000801000000-0x0000000841000000, reserved size: 1073741824
Narrow klass base: 0x0000000800000000, Narrow klass shift: 0, Narrow klass range: 0x100000000

GC Precious Log:
<Skipped>

Heap:
 garbage-first heap   total 423936K, used 260373K [0x0000000700000000, 0x0000000800000000)
  region size 2048K, 63 young (129024K), 1 survivors (2048K)
 Metaspace       used 54466K, committed 54848K, reserved 1114112K
  class space    used 5912K, committed 6080K, reserved 1048576K

Heap Regions: E=young(eden), S=young(survivor), O=old, HS=humongous(starts), HC=humongous(continues), CS=collection set, F=free, OA=open archive, CA=closed archive, TAMS=top-at-mark-start (previous, next)
|   0|0x0000000700000000, 0x0000000700200000, 0x0000000700200000|100%| O|  |TAMS 0x0000000700200000, 0x0000000700000000| Untracked 
|   1|0x0000000700200000, 0x0000000700400000, 0x0000000700400000|100%| O|  |TAMS 0x0000000700400000, 0x0000000700200000| Untracked 
|   2|0x0000000700400000, 0x0000000700600000, 0x0000000700600000|100%| O|  |TAMS 0x0000000700600000, 0x0000000700400000| Untracked 
|   3|0x0000000700600000, 0x0000000700800000, 0x0000000700800000|100%| O|  |TAMS 0x0000000700800000, 0x0000000700600000| Untracked 
|   4|0x0000000700800000, 0x0000000700a00000, 0x0000000700a00000|100%| O|  |TAMS 0x0000000700a00000, 0x0000000700800000| Untracked 
|   5|0x0000000700a00000, 0x0000000700c00000, 0x0000000700c00000|100%| O|  |TAMS 0x0000000700c00000, 0x0000000700a00000| Untracked 
|   6|0x0000000700c00000, 0x0000000700e00000, 0x0000000700e00000|100%| O|  |TAMS 0x0000000700e00000, 0x0000000700c00000| Untracked 
|   7|0x0000000700e00000, 0x0000000701000000, 0x0000000701000000|100%| O|  |TAMS 0x0000000701000000, 0x0000000700e00000| Untracked 
|   8|0x0000000701000000, 0x0000000701200000, 0x0000000701200000|100%| O|  |TAMS 0x0000000701200000, 0x0000000701000000| Untracked 
|   9|0x0000000701200000, 0x0000000701400000, 0x0000000701400000|100%| O|  |TAMS 0x0000000701400000, 0x0000000701200000| Untracked 
|  10|0x0000000701400000, 0x0000000701600000, 0x0000000701600000|100%| O|  |TAMS 0x0000000701600000, 0x0000000701400000| Untracked 
|  11|0x0000000701600000, 0x0000000701800000, 0x0000000701800000|100%| O|  |TAMS 0x0000000701800000, 0x0000000701600000| Untracked 
|  12|0x0000000701800000, 0x0000000701a00000, 0x0000000701a00000|100%| O|  |TAMS 0x0000000701a00000, 0x0000000701800000| Untracked 
|  13|0x0000000701a00000, 0x0000000701bb3a00, 0x0000000701c00000| 85%| O|  |TAMS 0x0000000701bb3a00, 0x0000000701a00000| Untracked 
|  14|0x0000000701c00000, 0x0000000701e00000, 0x0000000701e00000|100%| O|  |TAMS 0x0000000701e00000, 0x0000000701c00000| Untracked 
|  15|0x0000000701e00000, 0x0000000702000000, 0x0000000702000000|100%| O|  |TAMS 0x0000000702000000, 0x0000000701e00000| Untracked 
|  16|0x0000000702000000, 0x0000000702200000, 0x0000000702200000|100%| O|  |TAMS 0x0000000702200000, 0x0000000702000000| Untracked 
|  17|0x0000000702200000, 0x0000000702400000, 0x0000000702400000|100%| O|  |TAMS 0x0000000702400000, 0x0000000702200000| Untracked 
|  18|0x0000000702400000, 0x0000000702600000, 0x0000000702600000|100%| O|  |TAMS 0x0000000702600000, 0x0000000702400000| Untracked 
|  19|0x0000000702600000, 0x0000000702800000, 0x0000000702800000|100%| O|  |TAMS 0x0000000702800000, 0x0000000702600000| Untracked 
|  20|0x0000000702800000, 0x0000000702a00000, 0x0000000702a00000|100%| O|  |TAMS 0x0000000702a00000, 0x0000000702800000| Untracked 
|  21|0x0000000702a00000, 0x0000000702c00000, 0x0000000702c00000|100%| O|  |TAMS 0x0000000702c00000, 0x0000000702a00000| Untracked 
|  22|0x0000000702c00000, 0x0000000702e00000, 0x0000000702e00000|100%| O|  |TAMS 0x0000000702e00000, 0x0000000702c00000| Untracked 
|  23|0x0000000702e00000, 0x0000000703000000, 0x0000000703000000|100%| O|  |TAMS 0x0000000703000000, 0x0000000702e00000| Untracked 
|  24|0x0000000703000000, 0x0000000703200000, 0x0000000703200000|100%| O|  |TAMS 0x0000000703200000, 0x0000000703000000| Untracked 
|  25|0x0000000703200000, 0x0000000703400000, 0x0000000703400000|100%|HS|  |TAMS 0x0000000703400000, 0x0000000703200000| Complete 
|  26|0x0000000703400000, 0x0000000703600000, 0x0000000703600000|100%|HC|  |TAMS 0x0000000703600000, 0x0000000703400000| Complete 
|  27|0x0000000703600000, 0x0000000703800000, 0x0000000703800000|100%|HC|  |TAMS 0x0000000703800000, 0x0000000703600000| Complete 
|  28|0x0000000703800000, 0x0000000703a00000, 0x0000000703a00000|100%| O|  |TAMS 0x0000000703a00000, 0x0000000703800000| Untracked 
|  29|0x0000000703a00000, 0x0000000703c00000, 0x0000000703c00000|100%| O|  |TAMS 0x0000000703c00000, 0x0000000703a00000| Untracked 
|  30|0x0000000703c00000, 0x0000000703e00000, 0x0000000703e00000|100%| O|  |TAMS 0x0000000703e00000, 0x0000000703c00000| Untracked 
|  31|0x0000000703e00000, 0x0000000703e00000, 0x0000000704000000|  0%| F|  |TAMS 0x0000000703e00000, 0x0000000703e00000| Untracked 
|  32|0x0000000704000000, 0x0000000704200000, 0x0000000704200000|100%| O|  |TAMS 0x0000000704200000, 0x0000000704000000| Untracked 
|  33|0x0000000704200000, 0x0000000704400000, 0x0000000704400000|100%| O|  |TAMS 0x0000000704400000, 0x0000000704200000| Untracked 
|  34|0x0000000704400000, 0x0000000704600000, 0x0000000704600000|100%| O|  |TAMS 0x0000000704600000, 0x0000000704400000| Untracked 
|  35|0x0000000704600000, 0x0000000704800000, 0x0000000704800000|100%| O|  |TAMS 0x0000000704800000, 0x0000000704600000| Untracked 
|  36|0x0000000704800000, 0x0000000704a00000, 0x0000000704a00000|100%| O|  |TAMS 0x0000000704a00000, 0x0000000704800000| Untracked 
|  37|0x0000000704a00000, 0x0000000704c00000, 0x0000000704c00000|100%| O|  |TAMS 0x0000000704c00000, 0x0000000704a00000| Untracked 
|  38|0x0000000704c00000, 0x0000000704e00000, 0x0000000704e00000|100%| O|  |TAMS 0x0000000704e00000, 0x0000000704c00000| Untracked 
|  39|0x0000000704e00000, 0x0000000705000000, 0x0000000705000000|100%| O|  |TAMS 0x0000000705000000, 0x0000000704e00000| Untracked 
|  40|0x0000000705000000, 0x0000000705200000, 0x0000000705200000|100%| O|  |TAMS 0x0000000705200000, 0x0000000705000000| Untracked 
|  41|0x0000000705200000, 0x0000000705400000, 0x0000000705400000|100%| O|  |TAMS 0x0000000705400000, 0x0000000705200000| Untracked 
|  42|0x0000000705400000, 0x0000000705593200, 0x0000000705600000| 78%| O|  |TAMS 0x0000000705593200, 0x0000000705400000| Complete 
|  43|0x0000000705600000, 0x0000000705800000, 0x0000000705800000|100%|HS|  |TAMS 0x0000000705800000, 0x0000000705600000| Complete 
|  44|0x0000000705800000, 0x0000000705a00000, 0x0000000705a00000|100%|HC|  |TAMS 0x0000000705a00000, 0x0000000705800000| Complete 
|  45|0x0000000705a00000, 0x0000000705c00000, 0x0000000705c00000|100%|HC|  |TAMS 0x0000000705c00000, 0x0000000705a00000| Complete 
|  46|0x0000000705c00000, 0x0000000705e00000, 0x0000000705e00000|100%|HS|  |TAMS 0x0000000705e00000, 0x0000000705c00000| Complete 
|  47|0x0000000705e00000, 0x0000000706000000, 0x0000000706000000|100%|HC|  |TAMS 0x0000000706000000, 0x0000000705e00000| Complete 
|  48|0x0000000706000000, 0x0000000706200000, 0x0000000706200000|100%|HC|  |TAMS 0x0000000706200000, 0x0000000706000000| Complete 
|  49|0x0000000706200000, 0x0000000706400000, 0x0000000706400000|100%| O|  |TAMS 0x0000000706400000, 0x0000000706200000| Untracked 
|  50|0x0000000706400000, 0x0000000706600000, 0x0000000706600000|100%| O|  |TAMS 0x0000000706600000, 0x0000000706400000| Untracked 
|  51|0x0000000706600000, 0x0000000706800000, 0x0000000706800000|100%| O|  |TAMS 0x0000000706800000, 0x0000000706600000| Untracked 
|  52|0x0000000706800000, 0x0000000706a00000, 0x0000000706a00000|100%| O|  |TAMS 0x0000000706a00000, 0x0000000706800000| Untracked 
|  53|0x0000000706a00000, 0x0000000706c00000, 0x0000000706c00000|100%| O|  |TAMS 0x0000000706c00000, 0x0000000706a00000| Untracked 
|  54|0x0000000706c00000, 0x0000000706e00000, 0x0000000706e00000|100%| O|  |TAMS 0x0000000706e00000, 0x0000000706c00000| Untracked 
|  55|0x0000000706e00000, 0x0000000707000000, 0x0000000707000000|100%| O|  |TAMS 0x0000000707000000, 0x0000000706e00000| Untracked 
|  56|0x0000000707000000, 0x0000000707139c00, 0x0000000707200000| 61%| O|  |TAMS 0x0000000707139c00, 0x0000000707000000| Untracked 
|  57|0x0000000707200000, 0x0000000707400000, 0x0000000707400000|100%|HS|  |TAMS 0x0000000707200000, 0x0000000707200000| Complete 
|  58|0x0000000707400000, 0x0000000707600000, 0x0000000707600000|100%|HC|  |TAMS 0x0000000707400000, 0x0000000707400000| Complete 
|  59|0x0000000707600000, 0x0000000707800000, 0x0000000707800000|100%|HC|  |TAMS 0x0000000707600000, 0x0000000707600000| Complete 
|  60|0x0000000707800000, 0x0000000707a00000, 0x0000000707a00000|100%|HS|  |TAMS 0x0000000707800000, 0x0000000707800000| Complete 
|  61|0x0000000707a00000, 0x0000000707c00000, 0x0000000707c00000|100%|HC|  |TAMS 0x0000000707a00000, 0x0000000707a00000| Complete 
|  62|0x0000000707c00000, 0x0000000707e00000, 0x0000000707e00000|100%|HC|  |TAMS 0x0000000707c00000, 0x0000000707c00000| Complete 
|  63|0x0000000707e00000, 0x0000000708000000, 0x0000000708000000|100%|HS|  |TAMS 0x0000000707e00000, 0x0000000707e00000| Complete 
|  64|0x0000000708000000, 0x0000000708200000, 0x0000000708200000|100%|HC|  |TAMS 0x0000000708000000, 0x0000000708000000| Complete 
|  65|0x0000000708200000, 0x0000000708400000, 0x0000000708400000|100%|HC|  |TAMS 0x0000000708200000, 0x0000000708200000| Complete 
|  66|0x0000000708400000, 0x0000000708400000, 0x0000000708600000|  0%| F|  |TAMS 0x0000000708400000, 0x0000000708400000| Untracked 
|  67|0x0000000708600000, 0x0000000708600000, 0x0000000708800000|  0%| F|  |TAMS 0x0000000708600000, 0x0000000708600000| Untracked 
|  68|0x0000000708800000, 0x0000000708800000, 0x0000000708a00000|  0%| F|  |TAMS 0x0000000708800000, 0x0000000708800000| Untracked 
|  69|0x0000000708a00000, 0x0000000708a00000, 0x0000000708c00000|  0%| F|  |TAMS 0x0000000708a00000, 0x0000000708a00000| Untracked 
|  70|0x0000000708c00000, 0x0000000708c00000, 0x0000000708e00000|  0%| F|  |TAMS 0x0000000708c00000, 0x0000000708c00000| Untracked 
|  71|0x0000000708e00000, 0x0000000708e00000, 0x0000000709000000|  0%| F|  |TAMS 0x0000000708e00000, 0x0000000708e00000| Untracked 
|  72|0x0000000709000000, 0x0000000709000000, 0x0000000709200000|  0%| F|  |TAMS 0x0000000709000000, 0x0000000709000000| Untracked 
|  73|0x0000000709200000, 0x0000000709200000, 0x0000000709400000|  0%| F|  |TAMS 0x0000000709200000, 0x0000000709200000| Untracked 
|  74|0x0000000709400000, 0x0000000709400000, 0x0000000709600000|  0%| F|  |TAMS 0x0000000709400000, 0x0000000709400000| Untracked 
|  75|0x0000000709600000, 0x0000000709600000, 0x0000000709800000|  0%| F|  |TAMS 0x0000000709600000, 0x0000000709600000| Untracked 
|  76|0x0000000709800000, 0x0000000709800000, 0x0000000709a00000|  0%| F|  |TAMS 0x0000000709800000, 0x0000000709800000| Untracked 
|  77|0x0000000709a00000, 0x0000000709a00000, 0x0000000709c00000|  0%| F|  |TAMS 0x0000000709a00000, 0x0000000709a00000| Untracked 
|  78|0x0000000709c00000, 0x0000000709c00000, 0x0000000709e00000|  0%| F|  |TAMS 0x0000000709c00000, 0x0000000709c00000| Untracked 
|  79|0x0000000709e00000, 0x0000000709e00000, 0x000000070a000000|  0%| F|  |TAMS 0x0000000709e00000, 0x0000000709e00000| Untracked 
|  80|0x000000070a000000, 0x000000070a000000, 0x000000070a200000|  0%| F|  |TAMS 0x000000070a000000, 0x000000070a000000| Untracked 
|  81|0x000000070a200000, 0x000000070a200000, 0x000000070a400000|  0%| F|  |TAMS 0x000000070a200000, 0x000000070a200000| Untracked 
|  82|0x000000070a400000, 0x000000070a400000, 0x000000070a600000|  0%| F|  |TAMS 0x000000070a400000, 0x000000070a400000| Untracked 
|  83|0x000000070a600000, 0x000000070a600000, 0x000000070a800000|  0%| F|  |TAMS 0x000000070a600000, 0x000000070a600000| Untracked 
|  84|0x000000070a800000, 0x000000070a800000, 0x000000070aa00000|  0%| F|  |TAMS 0x000000070a800000, 0x000000070a800000| Untracked 
|  85|0x000000070aa00000, 0x000000070aa00000, 0x000000070ac00000|  0%| F|  |TAMS 0x000000070aa00000, 0x000000070aa00000| Untracked 
|  86|0x000000070ac00000, 0x000000070ac00000, 0x000000070ae00000|  0%| F|  |TAMS 0x000000070ac00000, 0x000000070ac00000| Untracked 
|  87|0x000000070ae00000, 0x000000070ae00000, 0x000000070b000000|  0%| F|  |TAMS 0x000000070ae00000, 0x000000070ae00000| Untracked 
|  88|0x000000070b000000, 0x000000070b000000, 0x000000070b200000|  0%| F|  |TAMS 0x000000070b000000, 0x000000070b000000| Untracked 
|  89|0x000000070b200000, 0x000000070b200000, 0x000000070b400000|  0%| F|  |TAMS 0x000000070b200000, 0x000000070b200000| Untracked 
|  90|0x000000070b400000, 0x000000070b400000, 0x000000070b600000|  0%| F|  |TAMS 0x000000070b400000, 0x000000070b400000| Untracked 
|  91|0x000000070b600000, 0x000000070b600000, 0x000000070b800000|  0%| F|  |TAMS 0x000000070b600000, 0x000000070b600000| Untracked 
|  92|0x000000070b800000, 0x000000070b800000, 0x000000070ba00000|  0%| F|  |TAMS 0x000000070b800000, 0x000000070b800000| Untracked 
|  93|0x000000070ba00000, 0x000000070ba00000, 0x000000070bc00000|  0%| F|  |TAMS 0x000000070ba00000, 0x000000070ba00000| Untracked 
|  94|0x000000070bc00000, 0x000000070bc00000, 0x000000070be00000|  0%| F|  |TAMS 0x000000070bc00000, 0x000000070bc00000| Untracked 
|  95|0x000000070be00000, 0x000000070be00000, 0x000000070c000000|  0%| F|  |TAMS 0x000000070be00000, 0x000000070be00000| Untracked 
|  96|0x000000070c000000, 0x000000070c000000, 0x000000070c200000|  0%| F|  |TAMS 0x000000070c000000, 0x000000070c000000| Untracked 
|  97|0x000000070c200000, 0x000000070c200000, 0x000000070c400000|  0%| F|  |TAMS 0x000000070c200000, 0x000000070c200000| Untracked 
|  98|0x000000070c400000, 0x000000070c400000, 0x000000070c600000|  0%| F|  |TAMS 0x000000070c400000, 0x000000070c400000| Untracked 
|  99|0x000000070c600000, 0x000000070c600000, 0x000000070c800000|  0%| F|  |TAMS 0x000000070c600000, 0x000000070c600000| Untracked 
| 100|0x000000070c800000, 0x000000070c800000, 0x000000070ca00000|  0%| F|  |TAMS 0x000000070c800000, 0x000000070c800000| Untracked 
| 101|0x000000070ca00000, 0x000000070ca00000, 0x000000070cc00000|  0%| F|  |TAMS 0x000000070ca00000, 0x000000070ca00000| Untracked 
| 102|0x000000070cc00000, 0x000000070cc00000, 0x000000070ce00000|  0%| F|  |TAMS 0x000000070cc00000, 0x000000070cc00000| Untracked 
| 103|0x000000070ce00000, 0x000000070ce00000, 0x000000070d000000|  0%| F|  |TAMS 0x000000070ce00000, 0x000000070ce00000| Untracked 
| 104|0x000000070d000000, 0x000000070d000000, 0x000000070d200000|  0%| F|  |TAMS 0x000000070d000000, 0x000000070d000000| Untracked 
| 105|0x000000070d200000, 0x000000070d200000, 0x000000070d400000|  0%| F|  |TAMS 0x000000070d200000, 0x000000070d200000| Untracked 
| 106|0x000000070d400000, 0x000000070d400000, 0x000000070d600000|  0%| F|  |TAMS 0x000000070d400000, 0x000000070d400000| Untracked 
| 107|0x000000070d600000, 0x000000070d600000, 0x000000070d800000|  0%| F|  |TAMS 0x000000070d600000, 0x000000070d600000| Untracked 
| 108|0x000000070d800000, 0x000000070d800000, 0x000000070da00000|  0%| F|  |TAMS 0x000000070d800000, 0x000000070d800000| Untracked 
| 109|0x000000070da00000, 0x000000070da00000, 0x000000070dc00000|  0%| F|  |TAMS 0x000000070da00000, 0x000000070da00000| Untracked 
| 110|0x000000070dc00000, 0x000000070dc00000, 0x000000070de00000|  0%| F|  |TAMS 0x000000070dc00000, 0x000000070dc00000| Untracked 
| 111|0x000000070de00000, 0x000000070de00000, 0x000000070e000000|  0%| F|  |TAMS 0x000000070de00000, 0x000000070de00000| Untracked 
| 112|0x000000070e000000, 0x000000070e000000, 0x000000070e200000|  0%| F|  |TAMS 0x000000070e000000, 0x000000070e000000| Untracked 
| 113|0x000000070e200000, 0x000000070e200000, 0x000000070e400000|  0%| F|  |TAMS 0x000000070e200000, 0x000000070e200000| Untracked 
| 114|0x000000070e400000, 0x000000070e400000, 0x000000070e600000|  0%| F|  |TAMS 0x000000070e400000, 0x000000070e400000| Untracked 
| 115|0x000000070e600000, 0x000000070e600000, 0x000000070e800000|  0%| F|  |TAMS 0x000000070e600000, 0x000000070e600000| Untracked 
| 116|0x000000070e800000, 0x000000070e800000, 0x000000070ea00000|  0%| F|  |TAMS 0x000000070e800000, 0x000000070e800000| Untracked 
| 117|0x000000070ea00000, 0x000000070ea00000, 0x000000070ec00000|  0%| F|  |TAMS 0x000000070ea00000, 0x000000070ea00000| Untracked 
| 118|0x000000070ec00000, 0x000000070ec00000, 0x000000070ee00000|  0%| F|  |TAMS 0x000000070ec00000, 0x000000070ec00000| Untracked 
| 119|0x000000070ee00000, 0x000000070ee00000, 0x000000070f000000|  0%| F|  |TAMS 0x000000070ee00000, 0x000000070ee00000| Untracked 
| 120|0x000000070f000000, 0x000000070f000000, 0x000000070f200000|  0%| F|  |TAMS 0x000000070f000000, 0x000000070f000000| Untracked 
| 121|0x000000070f200000, 0x000000070f200000, 0x000000070f400000|  0%| F|  |TAMS 0x000000070f200000, 0x000000070f200000| Untracked 
| 122|0x000000070f400000, 0x000000070f400000, 0x000000070f600000|  0%| F|  |TAMS 0x000000070f400000, 0x000000070f400000| Untracked 
| 123|0x000000070f600000, 0x000000070f600000, 0x000000070f800000|  0%| F|  |TAMS 0x000000070f600000, 0x000000070f600000| Untracked 
| 124|0x000000070f800000, 0x000000070f800000, 0x000000070fa00000|  0%| F|  |TAMS 0x000000070f800000, 0x000000070f800000| Untracked 
| 125|0x000000070fa00000, 0x000000070fa00000, 0x000000070fc00000|  0%| F|  |TAMS 0x000000070fa00000, 0x000000070fa00000| Untracked 
| 126|0x000000070fc00000, 0x000000070fc00000, 0x000000070fe00000|  0%| F|  |TAMS 0x000000070fc00000, 0x000000070fc00000| Untracked 
| 127|0x000000070fe00000, 0x000000070fe00000, 0x0000000710000000|  0%| F|  |TAMS 0x000000070fe00000, 0x000000070fe00000| Untracked 
| 128|0x0000000710000000, 0x0000000710000000, 0x0000000710200000|  0%| F|  |TAMS 0x0000000710000000, 0x0000000710000000| Untracked 
| 129|0x0000000710200000, 0x0000000710200000, 0x0000000710400000|  0%| F|  |TAMS 0x0000000710200000, 0x0000000710200000| Untracked 
| 130|0x0000000710400000, 0x0000000710400000, 0x0000000710600000|  0%| F|  |TAMS 0x0000000710400000, 0x0000000710400000| Untracked 
| 131|0x0000000710600000, 0x0000000710600000, 0x0000000710800000|  0%| F|  |TAMS 0x0000000710600000, 0x0000000710600000| Untracked 
| 132|0x0000000710800000, 0x0000000710800000, 0x0000000710a00000|  0%| F|  |TAMS 0x0000000710800000, 0x0000000710800000| Untracked 
| 133|0x0000000710a00000, 0x0000000710a00000, 0x0000000710c00000|  0%| F|  |TAMS 0x0000000710a00000, 0x0000000710a00000| Untracked 
| 134|0x0000000710c00000, 0x0000000710c00000, 0x0000000710e00000|  0%| F|  |TAMS 0x0000000710c00000, 0x0000000710c00000| Untracked 
| 135|0x0000000710e00000, 0x0000000710e00000, 0x0000000711000000|  0%| F|  |TAMS 0x0000000710e00000, 0x0000000710e00000| Untracked 
| 136|0x0000000711000000, 0x0000000711000000, 0x0000000711200000|  0%| F|  |TAMS 0x0000000711000000, 0x0000000711000000| Untracked 
| 137|0x0000000711200000, 0x0000000711200000, 0x0000000711400000|  0%| F|  |TAMS 0x0000000711200000, 0x0000000711200000| Untracked 
| 138|0x0000000711400000, 0x0000000711400000, 0x0000000711600000|  0%| F|  |TAMS 0x0000000711400000, 0x0000000711400000| Untracked 
| 139|0x0000000711600000, 0x0000000711600000, 0x0000000711800000|  0%| F|  |TAMS 0x0000000711600000, 0x0000000711600000| Untracked 
| 140|0x0000000711800000, 0x0000000711800000, 0x0000000711a00000|  0%| F|  |TAMS 0x0000000711800000, 0x0000000711800000| Untracked 
| 141|0x0000000711a00000, 0x0000000711a00000, 0x0000000711c00000|  0%| F|  |TAMS 0x0000000711a00000, 0x0000000711a00000| Untracked 
| 142|0x0000000711c00000, 0x0000000711d0be30, 0x0000000711e00000| 52%| E|  |TAMS 0x0000000711c00000, 0x0000000711c00000| Complete 
| 143|0x0000000711e00000, 0x0000000712000000, 0x0000000712000000|100%| E|CS|TAMS 0x0000000711e00000, 0x0000000711e00000| Complete 
| 144|0x0000000712000000, 0x0000000712200000, 0x0000000712200000|100%| E|CS|TAMS 0x0000000712000000, 0x0000000712000000| Complete 
| 145|0x0000000712200000, 0x0000000712400000, 0x0000000712400000|100%| E|CS|TAMS 0x0000000712200000, 0x0000000712200000| Complete 
| 146|0x0000000712400000, 0x0000000712600000, 0x0000000712600000|100%| E|CS|TAMS 0x0000000712400000, 0x0000000712400000| Complete 
| 147|0x0000000712600000, 0x0000000712800000, 0x0000000712800000|100%| E|CS|TAMS 0x0000000712600000, 0x0000000712600000| Complete 
| 148|0x0000000712800000, 0x0000000712a00000, 0x0000000712a00000|100%| E|CS|TAMS 0x0000000712800000, 0x0000000712800000| Complete 
| 149|0x0000000712a00000, 0x0000000712c00000, 0x0000000712c00000|100%| E|CS|TAMS 0x0000000712a00000, 0x0000000712a00000| Complete 
| 150|0x0000000712c00000, 0x0000000712e00000, 0x0000000712e00000|100%| E|CS|TAMS 0x0000000712c00000, 0x0000000712c00000| Complete 
| 151|0x0000000712e00000, 0x0000000713000000, 0x0000000713000000|100%| E|CS|TAMS 0x0000000712e00000, 0x0000000712e00000| Complete 
| 152|0x0000000713000000, 0x0000000713200000, 0x0000000713200000|100%| E|CS|TAMS 0x0000000713000000, 0x0000000713000000| Complete 
| 153|0x0000000713200000, 0x0000000713400000, 0x0000000713400000|100%| E|CS|TAMS 0x0000000713200000, 0x0000000713200000| Complete 
| 154|0x0000000713400000, 0x0000000713600000, 0x0000000713600000|100%| E|CS|TAMS 0x0000000713400000, 0x0000000713400000| Complete 
| 155|0x0000000713600000, 0x0000000713800000, 0x0000000713800000|100%| E|CS|TAMS 0x0000000713600000, 0x0000000713600000| Complete 
| 156|0x0000000713800000, 0x0000000713a00000, 0x0000000713a00000|100%| E|CS|TAMS 0x0000000713800000, 0x0000000713800000| Complete 
| 157|0x0000000713a00000, 0x0000000713c00000, 0x0000000713c00000|100%| E|CS|TAMS 0x0000000713a00000, 0x0000000713a00000| Complete 
| 158|0x0000000713c00000, 0x0000000713e00000, 0x0000000713e00000|100%| E|CS|TAMS 0x0000000713c00000, 0x0000000713c00000| Complete 
| 159|0x0000000713e00000, 0x0000000713ec1110, 0x0000000714000000| 37%| S|CS|TAMS 0x0000000713e00000, 0x0000000713e00000| Complete 
| 160|0x0000000714000000, 0x0000000714200000, 0x0000000714200000|100%| E|CS|TAMS 0x0000000714000000, 0x0000000714000000| Complete 
| 161|0x0000000714200000, 0x0000000714400000, 0x0000000714400000|100%| E|CS|TAMS 0x0000000714200000, 0x0000000714200000| Complete 
| 162|0x0000000714400000, 0x0000000714600000, 0x0000000714600000|100%| E|CS|TAMS 0x0000000714400000, 0x0000000714400000| Complete 
| 163|0x0000000714600000, 0x0000000714800000, 0x0000000714800000|100%| E|CS|TAMS 0x0000000714600000, 0x0000000714600000| Complete 
| 164|0x0000000714800000, 0x0000000714a00000, 0x0000000714a00000|100%| E|CS|TAMS 0x0000000714800000, 0x0000000714800000| Complete 
| 165|0x0000000714a00000, 0x0000000714c00000, 0x0000000714c00000|100%| E|CS|TAMS 0x0000000714a00000, 0x0000000714a00000| Complete 
| 166|0x0000000714c00000, 0x0000000714e00000, 0x0000000714e00000|100%| E|CS|TAMS 0x0000000714c00000, 0x0000000714c00000| Complete 
| 167|0x0000000714e00000, 0x0000000715000000, 0x0000000715000000|100%| E|CS|TAMS 0x0000000714e00000, 0x0000000714e00000| Complete 
| 168|0x0000000715000000, 0x0000000715200000, 0x0000000715200000|100%| E|CS|TAMS 0x0000000715000000, 0x0000000715000000| Complete 
| 169|0x0000000715200000, 0x0000000715400000, 0x0000000715400000|100%| E|CS|TAMS 0x0000000715200000, 0x0000000715200000| Complete 
| 170|0x0000000715400000, 0x0000000715600000, 0x0000000715600000|100%| E|CS|TAMS 0x0000000715400000, 0x0000000715400000| Complete 
| 171|0x0000000715600000, 0x0000000715800000, 0x0000000715800000|100%| E|CS|TAMS 0x0000000715600000, 0x0000000715600000| Complete 
| 172|0x0000000715800000, 0x0000000715a00000, 0x0000000715a00000|100%| E|CS|TAMS 0x0000000715800000, 0x0000000715800000| Complete 
| 173|0x0000000715a00000, 0x0000000715c00000, 0x0000000715c00000|100%| E|CS|TAMS 0x0000000715a00000, 0x0000000715a00000| Complete 
| 174|0x0000000715c00000, 0x0000000715e00000, 0x0000000715e00000|100%| E|CS|TAMS 0x0000000715c00000, 0x0000000715c00000| Complete 
| 175|0x0000000715e00000, 0x0000000716000000, 0x0000000716000000|100%| E|CS|TAMS 0x0000000715e00000, 0x0000000715e00000| Complete 
| 176|0x0000000716000000, 0x0000000716200000, 0x0000000716200000|100%| E|CS|TAMS 0x0000000716000000, 0x0000000716000000| Complete 
| 177|0x0000000716200000, 0x0000000716400000, 0x0000000716400000|100%| E|CS|TAMS 0x0000000716200000, 0x0000000716200000| Complete 
| 178|0x0000000716400000, 0x0000000716600000, 0x0000000716600000|100%| E|CS|TAMS 0x0000000716400000, 0x0000000716400000| Complete 
| 179|0x0000000716600000, 0x0000000716800000, 0x0000000716800000|100%| E|CS|TAMS 0x0000000716600000, 0x0000000716600000| Complete 
| 180|0x0000000716800000, 0x0000000716a00000, 0x0000000716a00000|100%| E|CS|TAMS 0x0000000716800000, 0x0000000716800000| Complete 
| 181|0x0000000716a00000, 0x0000000716c00000, 0x0000000716c00000|100%| E|CS|TAMS 0x0000000716a00000, 0x0000000716a00000| Complete 
| 182|0x0000000716c00000, 0x0000000716e00000, 0x0000000716e00000|100%| E|CS|TAMS 0x0000000716c00000, 0x0000000716c00000| Complete 
| 183|0x0000000716e00000, 0x0000000717000000, 0x0000000717000000|100%| E|CS|TAMS 0x0000000716e00000, 0x0000000716e00000| Complete 
| 184|0x0000000717000000, 0x0000000717200000, 0x0000000717200000|100%| E|CS|TAMS 0x0000000717000000, 0x0000000717000000| Complete 
| 185|0x0000000717200000, 0x0000000717400000, 0x0000000717400000|100%| E|CS|TAMS 0x0000000717200000, 0x0000000717200000| Complete 
| 186|0x0000000717400000, 0x0000000717600000, 0x0000000717600000|100%| E|CS|TAMS 0x0000000717400000, 0x0000000717400000| Complete 
| 187|0x0000000717600000, 0x0000000717800000, 0x0000000717800000|100%| E|CS|TAMS 0x0000000717600000, 0x0000000717600000| Complete 
| 188|0x0000000717800000, 0x0000000717a00000, 0x0000000717a00000|100%| E|CS|TAMS 0x0000000717800000, 0x0000000717800000| Complete 
| 189|0x0000000717a00000, 0x0000000717c00000, 0x0000000717c00000|100%| E|CS|TAMS 0x0000000717a00000, 0x0000000717a00000| Complete 
| 190|0x0000000717c00000, 0x0000000717e00000, 0x0000000717e00000|100%| E|CS|TAMS 0x0000000717c00000, 0x0000000717c00000| Complete 
| 191|0x0000000717e00000, 0x0000000718000000, 0x0000000718000000|100%| E|CS|TAMS 0x0000000717e00000, 0x0000000717e00000| Complete 
| 196|0x0000000718800000, 0x0000000718a00000, 0x0000000718a00000|100%| E|CS|TAMS 0x0000000718800000, 0x0000000718800000| Complete 
| 197|0x0000000718a00000, 0x0000000718c00000, 0x0000000718c00000|100%| E|CS|TAMS 0x0000000718a00000, 0x0000000718a00000| Complete 
| 198|0x0000000718c00000, 0x0000000718e00000, 0x0000000718e00000|100%| E|CS|TAMS 0x0000000718c00000, 0x0000000718c00000| Complete 
| 199|0x0000000718e00000, 0x0000000719000000, 0x0000000719000000|100%| E|CS|TAMS 0x0000000718e00000, 0x0000000718e00000| Complete 
| 200|0x0000000719000000, 0x0000000719200000, 0x0000000719200000|100%| E|CS|TAMS 0x0000000719000000, 0x0000000719000000| Complete 
| 201|0x0000000719200000, 0x0000000719400000, 0x0000000719400000|100%| E|CS|TAMS 0x0000000719200000, 0x0000000719200000| Complete 
| 202|0x0000000719400000, 0x0000000719600000, 0x0000000719600000|100%| E|  |TAMS 0x0000000719400000, 0x0000000719400000| Complete 
| 203|0x0000000719600000, 0x0000000719800000, 0x0000000719800000|100%| E|CS|TAMS 0x0000000719600000, 0x0000000719600000| Complete 
| 204|0x0000000719800000, 0x0000000719a00000, 0x0000000719a00000|100%| E|CS|TAMS 0x0000000719800000, 0x0000000719800000| Complete 
| 205|0x0000000719a00000, 0x0000000719c00000, 0x0000000719c00000|100%| E|CS|TAMS 0x0000000719a00000, 0x0000000719a00000| Complete 
| 206|0x0000000719c00000, 0x0000000719e00000, 0x0000000719e00000|100%| E|CS|TAMS 0x0000000719c00000, 0x0000000719c00000| Complete 
| 207|0x0000000719e00000, 0x000000071a000000, 0x000000071a000000|100%| E|CS|TAMS 0x0000000719e00000, 0x0000000719e00000| Complete 
| 208|0x000000071a000000, 0x000000071a200000, 0x000000071a200000|100%| E|CS|TAMS 0x000000071a000000, 0x000000071a000000| Complete 
|2046|0x00000007ffc00000, 0x00000007ffd78000, 0x00000007ffe00000| 73%|OA|  |TAMS 0x00000007ffd78000, 0x00000007ffc00000| Untracked 
|2047|0x00000007ffe00000, 0x00000007ffe80000, 0x0000000800000000| 25%|CA|  |TAMS 0x00000007ffe00000, 0x00000007ffe00000| Untracked 

Card table byte_map: [0x000000011b714000,0x000000011bf14000] _byte_map_base: 0x0000000117f14000

Marking Bits (Prev, Next): (CMBitMap*) 0x000000015283c610, (CMBitMap*) 0x000000015283c650
 Prev Bits: [0x000000011c714000, 0x0000000120714000)
 Next Bits: [0x0000000120714000, 0x0000000124714000)

Polling page: 0x0000000102480000

Metaspace:

Usage:
  Non-class:     47.42 MB used.
      Class:      5.77 MB used.
       Both:     53.19 MB used.

Virtual space:
  Non-class space:       64.00 MB reserved,      47.62 MB ( 74%) committed,  1 nodes.
      Class space:        1.00 GB reserved,       5.94 MB ( <1%) committed,  1 nodes.
             Both:        1.06 GB reserved,      53.56 MB (  5%) committed. 

Chunk freelists:
   Non-Class:  174.00 KB
       Class:  2.07 MB
        Both:  2.24 MB

MaxMetaspaceSize: unlimited
CompressedClassSpaceSize: 1.00 GB
Initial GC threshold: 21.00 MB
Current GC threshold: 88.38 MB
CDS: on
MetaspaceReclaimPolicy: balanced
 - commit_granule_bytes: 65536.
 - commit_granule_words: 8192.
 - virtual_space_node_default_size: 8388608.
 - enlarge_chunks_in_place: 1.
 - new_chunks_are_fully_committed: 0.
 - uncommit_free_chunks: 1.
 - use_allocation_guard: 0.


Internal statistics:

num_allocs_failed_limit: 6.
num_arena_births: 464.
num_arena_deaths: 0.
num_vsnodes_births: 2.
num_vsnodes_deaths: 0.
num_space_committed: 857.
num_space_uncommitted: 0.
num_chunks_returned_to_freelist: 6.
num_chunks_taken_from_freelist: 1973.
num_chunk_merges: 6.
num_chunk_splits: 1482.
num_chunks_enlarged: 1250.
num_inconsistent_stats: 0.

CodeHeap 'non-profiled nmethods': size=120032Kb used=4519Kb max_used=4519Kb free=115512Kb
 bounds [0x00000001141dc000, 0x000000011464c000, 0x000000011b714000]
CodeHeap 'profiled nmethods': size=120016Kb used=18143Kb max_used=18143Kb free=101873Kb
 bounds [0x000000010c714000, 0x000000010d8d4000, 0x0000000113c48000]
CodeHeap 'non-nmethods': size=5712Kb used=1393Kb max_used=1532Kb free=4318Kb
 bounds [0x0000000113c48000, 0x0000000113eb8000, 0x00000001141dc000]
 total_blobs=9054 nmethods=8344 adapters=624
 compilation: enabled
              stopped_count=0, restarted_count=0
 full_count=0

Compilation events (20 events):
Event: 301.759 Thread 0x0000000142816a00 10832       4       java.util.regex.Pattern::compile (537 bytes)
Event: 301.776 Thread 0x0000000142816a00 nmethod 10832 0x0000000114636f10 code [0x00000001146373c0, 0x00000001146395a0]
Event: 302.778 Thread 0x0000000142816a00 10833       4       java.net.URI$Parser::checkChars (44 bytes)
Event: 302.782 Thread 0x0000000142816a00 nmethod 10833 0x000000011463a310 code [0x000000011463a500, 0x000000011463a800]
Event: 302.785 Thread 0x0000000142816a00 10834       4       java.util.Arrays::fill (21 bytes)
Event: 302.789 Thread 0x0000000142816a00 nmethod 10834 0x000000011463ab10 code [0x000000011463acc0, 0x000000011463b130]
Event: 302.857 Thread 0x0000000142816a00 10835       4       java.util.Arrays::fill (21 bytes)
Event: 302.861 Thread 0x0000000142816a00 nmethod 10835 0x000000011463b210 code [0x000000011463b3c0, 0x000000011463b890]
Event: 302.871 Thread 0x0000000142816a00 10836       4       java.util.zip.ZipFile::getZipEntry (322 bytes)
Event: 302.879 Thread 0x0000000142816a00 nmethod 10836 0x000000011463ba10 code [0x000000011463bc80, 0x000000011463c7c0]
Event: 302.884 Thread 0x0000000142816a00 10837       4       io.netty.buffer.PooledByteBuf::init (16 bytes)
Event: 302.890 Thread 0x0000000142816a00 nmethod 10837 0x000000011463ce90 code [0x000000011463d100, 0x000000011463db20]
Event: 303.965 Thread 0x0000000142816a00 10838       4       io.netty.buffer.PoolArena::allocate (75 bytes)
Event: 303.986 Thread 0x000000014280d200 10840       3       java.lang.Boolean::valueOf (17 bytes)
Event: 303.986 Thread 0x000000014280d200 nmethod 10840 0x000000010d8ca510 code [0x000000010d8ca700, 0x000000010d8ca908]
Event: 303.994 Thread 0x0000000142816a00 nmethod 10838 0x000000011463e110 code [0x000000011463e640, 0x0000000114641310]
Event: 303.994 Thread 0x0000000142816a00 10839       4       io.netty.buffer.PoolArena::free (84 bytes)
Event: 304.006 Thread 0x0000000142816a00 nmethod 10839 0x0000000114642e10 code [0x0000000114643240, 0x0000000114644b40]
Event: 311.243 Thread 0x000000014280d200 10841   !   3       io.netty.util.HashedWheelTimer$HashedWheelTimeout::expire (76 bytes)
Event: 311.244 Thread 0x000000014280d200 nmethod 10841 0x000000010d8caa10 code [0x000000010d8cad40, 0x000000010d8cb7b8]

GC Heap History (20 events):
Event: 2.308 GC heap before
{Heap before GC invocations=7 (full 0):
 garbage-first heap   total 182272K, used 129980K [0x0000000700000000, 0x0000000800000000)
  region size 2048K, 38 young (77824K), 1 survivors (2048K)
 Metaspace       used 33855K, committed 34176K, reserved 1114112K
  class space    used 3573K, committed 3712K, reserved 1048576K
}
Event: 2.311 GC heap after
{Heap after GC invocations=8 (full 0):
 garbage-first heap   total 182272K, used 61066K [0x0000000700000000, 0x0000000800000000)
  region size 2048K, 5 young (10240K), 5 survivors (10240K)
 Metaspace       used 33855K, committed 34176K, reserved 1114112K
  class space    used 3573K, committed 3712K, reserved 1048576K
}
Event: 2.442 GC heap before
{Heap before GC invocations=8 (full 0):
 garbage-first heap   total 182272K, used 85642K [0x0000000700000000, 0x0000000800000000)
  region size 2048K, 18 young (36864K), 5 survivors (10240K)
 Metaspace       used 35805K, committed 36096K, reserved 1114112K
  class space    used 3831K, committed 3968K, reserved 1048576K
}
Event: 2.448 GC heap after
{Heap after GC invocations=9 (full 0):
 garbage-first heap   total 182272K, used 64204K [0x0000000700000000, 0x0000000800000000)
  region size 2048K, 2 young (4096K), 2 survivors (4096K)
 Metaspace       used 35805K, committed 36096K, reserved 1114112K
  class space    used 3831K, committed 3968K, reserved 1048576K
}
Event: 4.249 GC heap before
{Heap before GC invocations=10 (full 0):
 garbage-first heap   total 182272K, used 142028K [0x0000000700000000, 0x0000000800000000)
  region size 2048K, 37 young (75776K), 2 survivors (4096K)
 Metaspace       used 40017K, committed 40320K, reserved 1114112K
  class space    used 4456K, committed 4608K, reserved 1048576K
}
Event: 4.255 GC heap after
{Heap after GC invocations=11 (full 0):
 garbage-first heap   total 182272K, used 75816K [0x0000000700000000, 0x0000000800000000)
  region size 2048K, 5 young (10240K), 5 survivors (10240K)
 Metaspace       used 40017K, committed 40320K, reserved 1114112K
  class space    used 4456K, committed 4608K, reserved 1048576K
}
Event: 4.264 GC heap before
{Heap before GC invocations=11 (full 0):
 garbage-first heap   total 182272K, used 77864K [0x0000000700000000, 0x0000000800000000)
  region size 2048K, 6 young (12288K), 5 survivors (10240K)
 Metaspace       used 40081K, committed 40448K, reserved 1114112K
  class space    used 4463K, committed 4672K, reserved 1048576K
}
Event: 4.271 GC heap after
{Heap after GC invocations=12 (full 0):
 garbage-first heap   total 182272K, used 76157K [0x0000000700000000, 0x0000000800000000)
  region size 2048K, 1 young (2048K), 1 survivors (2048K)
 Metaspace       used 40081K, committed 40448K, reserved 1114112K
  class space    used 4463K, committed 4672K, reserved 1048576K
}
Event: 5.203 GC heap before
{Heap before GC invocations=12 (full 0):
 garbage-first heap   total 182272K, used 137597K [0x0000000700000000, 0x0000000800000000)
  region size 2048K, 32 young (65536K), 1 survivors (2048K)
 Metaspace       used 42405K, committed 42752K, reserved 1114112K
  class space    used 4721K, committed 4864K, reserved 1048576K
}
Event: 5.216 GC heap after
{Heap after GC invocations=13 (full 0):
 garbage-first heap   total 182272K, used 81627K [0x0000000700000000, 0x0000000800000000)
  region size 2048K, 4 young (8192K), 4 survivors (8192K)
 Metaspace       used 42405K, committed 42752K, reserved 1114112K
  class space    used 4721K, committed 4864K, reserved 1048576K
}
Event: 5.733 GC heap before
{Heap before GC invocations=13 (full 0):
 garbage-first heap   total 182272K, used 138971K [0x0000000700000000, 0x0000000800000000)
  region size 2048K, 32 young (65536K), 4 survivors (8192K)
 Metaspace       used 45899K, committed 46208K, reserved 1114112K
  class space    used 5140K, committed 5312K, reserved 1048576K
}
Event: 5.740 GC heap after
{Heap after GC invocations=14 (full 0):
 garbage-first heap   total 182272K, used 89261K [0x0000000700000000, 0x0000000800000000)
  region size 2048K, 4 young (8192K), 4 survivors (8192K)
 Metaspace       used 45899K, committed 46208K, reserved 1114112K
  class space    used 5140K, committed 5312K, reserved 1048576K
}
Event: 5.959 GC heap before
{Heap before GC invocations=14 (full 0):
 garbage-first heap   total 182272K, used 140461K [0x0000000700000000, 0x0000000800000000)
  region size 2048K, 29 young (59392K), 4 survivors (8192K)
 Metaspace       used 48034K, committed 48448K, reserved 1114112K
  class space    used 5408K, committed 5632K, reserved 1048576K
}
Event: 5.971 GC heap after
{Heap after GC invocations=15 (full 0):
 garbage-first heap   total 432128K, used 95832K [0x0000000700000000, 0x0000000800000000)
  region size 2048K, 4 young (8192K), 4 survivors (8192K)
 Metaspace       used 48034K, committed 48448K, reserved 1114112K
  class space    used 5408K, committed 5632K, reserved 1048576K
}
Event: 114.357 GC heap before
{Heap before GC invocations=16 (full 0):
 garbage-first heap   total 423936K, used 337496K [0x0000000700000000, 0x0000000800000000)
  region size 2048K, 117 young (239616K), 4 survivors (8192K)
 Metaspace       used 53528K, committed 53888K, reserved 1114112K
  class space    used 5880K, committed 6080K, reserved 1048576K
}
Event: 114.407 GC heap after
{Heap after GC invocations=17 (full 0):
 garbage-first heap   total 423936K, used 116889K [0x0000000700000000, 0x0000000800000000)
  region size 2048K, 8 young (16384K), 8 survivors (16384K)
 Metaspace       used 53528K, committed 53888K, reserved 1114112K
  class space    used 5880K, committed 6080K, reserved 1048576K
}
Event: 115.537 GC heap before
{Heap before GC invocations=17 (full 0):
 garbage-first heap   total 423936K, used 120985K [0x0000000700000000, 0x0000000800000000)
  region size 2048K, 10 young (20480K), 8 survivors (16384K)
 Metaspace       used 53540K, committed 53888K, reserved 1114112K
  class space    used 5880K, committed 6080K, reserved 1048576K
}
Event: 115.544 GC heap after
{Heap after GC invocations=18 (full 0):
 garbage-first heap   total 423936K, used 117521K [0x0000000700000000, 0x0000000800000000)
  region size 2048K, 2 young (4096K), 2 survivors (4096K)
 Metaspace       used 53540K, committed 53888K, reserved 1114112K
  class space    used 5880K, committed 6080K, reserved 1048576K
}
Event: 164.812 GC heap before
{Heap before GC invocations=18 (full 0):
 garbage-first heap   total 423936K, used 201489K [0x0000000700000000, 0x0000000800000000)
  region size 2048K, 45 young (92160K), 2 survivors (4096K)
 Metaspace       used 53847K, committed 54272K, reserved 1114112K
  class space    used 5889K, committed 6080K, reserved 1048576K
}
Event: 164.815 GC heap after
{Heap after GC invocations=19 (full 0):
 garbage-first heap   total 423936K, used 115942K [0x0000000700000000, 0x0000000800000000)
  region size 2048K, 1 young (2048K), 1 survivors (2048K)
 Metaspace       used 53847K, committed 54272K, reserved 1114112K
  class space    used 5889K, committed 6080K, reserved 1048576K
}

Dll operation events (11 events):
Event: 0.007 Loaded shared library /opt/homebrew/Cellar/openjdk/19/libexec/openjdk.jdk/Contents/Home/lib/libjava.dylib
Event: 0.049 Loaded shared library /opt/homebrew/Cellar/openjdk/19/libexec/openjdk.jdk/Contents/Home/lib/libzip.dylib
Event: 0.051 Loaded shared library /opt/homebrew/Cellar/openjdk/19/libexec/openjdk.jdk/Contents/Home/lib/libinstrument.dylib
Event: 0.055 Loaded shared library /opt/homebrew/Cellar/openjdk/19/libexec/openjdk.jdk/Contents/Home/lib/libnio.dylib
Event: 0.056 Loaded shared library /opt/homebrew/Cellar/openjdk/19/libexec/openjdk.jdk/Contents/Home/lib/libzip.dylib
Event: 0.143 Loaded shared library /opt/homebrew/Cellar/openjdk/19/libexec/openjdk.jdk/Contents/Home/lib/libjimage.dylib
Event: 0.418 Loaded shared library /opt/homebrew/Cellar/openjdk/19/libexec/openjdk.jdk/Contents/Home/lib/libmanagement.dylib
Event: 0.424 Loaded shared library /opt/homebrew/Cellar/openjdk/19/libexec/openjdk.jdk/Contents/Home/lib/libmanagement_ext.dylib
Event: 0.662 Loaded shared library /opt/homebrew/Cellar/openjdk/19/libexec/openjdk.jdk/Contents/Home/lib/libverify.dylib
Event: 1.417 Loaded shared library /opt/homebrew/Cellar/openjdk/19/libexec/openjdk.jdk/Contents/Home/lib/libnet.dylib
Event: 1.978 Loaded shared library /opt/homebrew/Cellar/openjdk/19/libexec/openjdk.jdk/Contents/Home/lib/libextnet.dylib

Deoptimization events (20 events):
Event: 302.833 Thread 0x000000015280e600 Uncommon trap: trap_request=0xffffff76 fr.pc=0x000000011463aeb4 relative=0x00000000000001f4
Event: 302.834 Thread 0x000000015280e600 Uncommon trap: reason=predicate action=maybe_recompile pc=0x000000011463aeb4 method=java.util.Arrays.fill([Ljava/lang/Object;Ljava/lang/Object;)V @ 7 c2
Event: 302.834 Thread 0x000000015280e600 DEOPT PACKING pc=0x000000011463aeb4 sp=0x000000016dd902a0
Event: 302.834 Thread 0x000000015280e600 DEOPT UNPACKING pc=0x0000000113c9721c sp=0x000000016dd90220 mode 2
Event: 302.865 Thread 0x000000015280e600 Uncommon trap: trap_request=0xffffffd6 fr.pc=0x000000011463b7d0 relative=0x0000000000000410
Event: 302.865 Thread 0x000000015280e600 Uncommon trap: reason=array_check action=maybe_recompile pc=0x000000011463b7d0 method=java.util.Arrays.fill([Ljava/lang/Object;Ljava/lang/Object;)V @ 13 c2
Event: 302.865 Thread 0x000000015280e600 DEOPT PACKING pc=0x000000011463b7d0 sp=0x000000016dd90290
Event: 302.865 Thread 0x000000015280e600 DEOPT UNPACKING pc=0x0000000113c9721c sp=0x000000016dd90230 mode 2
Event: 302.873 Thread 0x000000015280e600 Uncommon trap: trap_request=0xffffffd6 fr.pc=0x000000011463b7d0 relative=0x0000000000000410
Event: 302.873 Thread 0x000000015280e600 Uncommon trap: reason=array_check action=maybe_recompile pc=0x000000011463b7d0 method=java.util.Arrays.fill([Ljava/lang/Object;Ljava/lang/Object;)V @ 13 c2
Event: 302.873 Thread 0x000000015280e600 DEOPT PACKING pc=0x000000011463b7d0 sp=0x000000016dd902d0
Event: 302.873 Thread 0x000000015280e600 DEOPT UNPACKING pc=0x0000000113c9721c sp=0x000000016dd90270 mode 2
Event: 302.879 Thread 0x000000015280e600 Uncommon trap: trap_request=0xffffffd6 fr.pc=0x000000011463b7d0 relative=0x0000000000000410
Event: 302.879 Thread 0x000000015280e600 Uncommon trap: reason=array_check action=maybe_recompile pc=0x000000011463b7d0 method=java.util.Arrays.fill([Ljava/lang/Object;Ljava/lang/Object;)V @ 13 c2
Event: 302.879 Thread 0x000000015280e600 DEOPT PACKING pc=0x000000011463b7d0 sp=0x000000016dd90310
Event: 302.879 Thread 0x000000015280e600 DEOPT UNPACKING pc=0x0000000113c9721c sp=0x000000016dd902b0 mode 2
Event: 302.884 Thread 0x000000015280e600 Uncommon trap: trap_request=0xffffffd6 fr.pc=0x000000011463b7d0 relative=0x0000000000000410
Event: 302.884 Thread 0x000000015280e600 Uncommon trap: reason=array_check action=maybe_recompile pc=0x000000011463b7d0 method=java.util.Arrays.fill([Ljava/lang/Object;Ljava/lang/Object;)V @ 13 c2
Event: 302.884 Thread 0x000000015280e600 DEOPT PACKING pc=0x000000011463b7d0 sp=0x000000016dd90540
Event: 302.884 Thread 0x000000015280e600 DEOPT UNPACKING pc=0x0000000113c9721c sp=0x000000016dd904e0 mode 2

Classes loaded (20 events):
Event: 213.571 Loading class java/nio/file/TempFileHelper$PosixPermissions
Event: 213.571 Loading class java/nio/file/TempFileHelper$PosixPermissions done
Event: 213.571 Loading class java/nio/file/attribute/PosixFilePermission
Event: 213.571 Loading class java/nio/file/attribute/PosixFilePermission done
Event: 213.572 Loading class java/nio/file/attribute/PosixFilePermissions
Event: 213.572 Loading class java/nio/file/attribute/PosixFilePermissions done
Event: 213.572 Loading class java/nio/file/attribute/PosixFilePermissions$1
Event: 213.572 Loading class java/nio/file/attribute/PosixFilePermissions$1 done
Event: 213.572 Loading class sun/nio/fs/UnixFileModeAttribute$1
Event: 213.572 Loading class sun/nio/fs/UnixFileModeAttribute$1 done
Event: 213.572 Loading class sun/nio/fs/UnixChannelFactory$1
Event: 213.572 Loading class sun/nio/fs/UnixChannelFactory$1 done
Event: 213.572 Loading class java/io/DeleteOnExitHook
Event: 213.572 Loading class java/io/DeleteOnExitHook done
Event: 213.572 Loading class java/io/DeleteOnExitHook$1
Event: 213.572 Loading class java/io/DeleteOnExitHook$1 done
Event: 213.572 Loading class sun/nio/ch/ChannelOutputStream
Event: 213.572 Loading class sun/nio/ch/ChannelOutputStream done
Event: 213.574 Loading class sun/nio/ch/SocketOutputStream
Event: 213.574 Loading class sun/nio/ch/SocketOutputStream done

Classes unloaded (0 events):
No events

Classes redefined (0 events):
No events

Internal exceptions (20 events):
Event: 213.652 Thread 0x000000015280e600 Exception <a 'java/lang/ArrayIndexOutOfBoundsException'{0x000000071764e680}: Index 9 out of bounds for length 9> (0x000000071764e680) 
thrown [src/hotspot/share/interpreter/interpreterRuntime.cpp, line 432]
Event: 213.652 Thread 0x000000015280e600 Exception <a 'java/lang/ArrayIndexOutOfBoundsException'{0x0000000717655898}> (0x0000000717655898) 
thrown [src/hotspot/share/runtime/sharedRuntime.cpp, line 630]
Event: 213.652 Thread 0x000000015280e600 Exception <a 'java/lang/ArrayIndexOutOfBoundsException'{0x0000000717655e70}> (0x0000000717655e70) 
thrown [src/hotspot/share/runtime/sharedRuntime.cpp, line 630]
Event: 213.652 Thread 0x000000015280e600 Exception <a 'java/lang/ArrayIndexOutOfBoundsException'{0x0000000717656448}: Index 7 out of bounds for length 7> (0x0000000717656448) 
thrown [src/hotspot/share/interpreter/interpreterRuntime.cpp, line 432]
Event: 213.656 Thread 0x000000015280e600 Exception <a 'sun/nio/fs/UnixException'{0x00000007176c6328}> (0x00000007176c6328) 
thrown [src/hotspot/share/prims/jni.cpp, line 517]
Event: 213.738 Thread 0x000000015280e600 Exception <a 'sun/nio/fs/UnixException'{0x00000007177f8728}> (0x00000007177f8728) 
thrown [src/hotspot/share/prims/jni.cpp, line 517]
Event: 213.758 Thread 0x000000015280e600 Exception <a 'sun/nio/fs/UnixException'{0x0000000717514460}> (0x0000000717514460) 
thrown [src/hotspot/share/prims/jni.cpp, line 517]
Event: 215.863 Thread 0x0000000132811400 Exception <a 'java/net/ConnectException'{0x00000007175f64c0}> (0x00000007175f64c0) 
thrown [src/hotspot/share/prims/jni.cpp, line 517]
Event: 215.878 Thread 0x000000015280e600 Exception <a 'java/lang/NullPointerException'{0x000000071751c4c8}> (0x000000071751c4c8) 
thrown [src/hotspot/share/interpreter/linkResolver.cpp, line 1458]
Event: 215.878 Thread 0x000000015280e600 Exception <a 'sun/nio/fs/UnixException'{0x000000071751d890}> (0x000000071751d890) 
thrown [src/hotspot/share/prims/jni.cpp, line 517]
Event: 215.895 Thread 0x0000000132811400 Exception <a 'java/net/ConnectException'{0x00000007175f7518}> (0x00000007175f7518) 
thrown [src/hotspot/share/prims/jni.cpp, line 517]
Event: 216.861 Thread 0x000000015280e600 Exception <a 'sun/nio/fs/UnixException'{0x0000000716a3f3f0}> (0x0000000716a3f3f0) 
thrown [src/hotspot/share/prims/jni.cpp, line 517]
Event: 264.746 Thread 0x000000015280e600 Exception <a 'sun/nio/fs/UnixException'{0x0000000714bda150}> (0x0000000714bda150) 
thrown [src/hotspot/share/prims/jni.cpp, line 517]
Event: 264.854 Thread 0x000000015280e600 Exception <a 'sun/nio/fs/UnixException'{0x000000071498eb60}> (0x000000071498eb60) 
thrown [src/hotspot/share/prims/jni.cpp, line 517]
Event: 264.855 Thread 0x000000015280e600 Exception <a 'sun/nio/fs/UnixException'{0x00000007149b2f40}> (0x00000007149b2f40) 
thrown [src/hotspot/share/prims/jni.cpp, line 517]
Event: 266.964 Thread 0x0000000132811400 Exception <a 'java/net/ConnectException'{0x0000000716f9e310}> (0x0000000716f9e310) 
thrown [src/hotspot/share/prims/jni.cpp, line 517]
Event: 266.971 Thread 0x000000015280e600 Exception <a 'java/lang/NullPointerException'{0x00000007149b7fe8}> (0x00000007149b7fe8) 
thrown [src/hotspot/share/interpreter/linkResolver.cpp, line 1458]
Event: 266.971 Thread 0x000000015280e600 Exception <a 'sun/nio/fs/UnixException'{0x00000007149b8e78}> (0x00000007149b8e78) 
thrown [src/hotspot/share/prims/jni.cpp, line 517]
Event: 266.992 Thread 0x0000000132811400 Exception <a 'java/net/ConnectException'{0x0000000716f9f368}> (0x0000000716f9f368) 
thrown [src/hotspot/share/prims/jni.cpp, line 517]
Event: 267.855 Thread 0x000000015280e600 Exception <a 'sun/nio/fs/UnixException'{0x00000007142eb510}> (0x00000007142eb510) 
thrown [src/hotspot/share/prims/jni.cpp, line 517]

VM Operations (20 events):
Event: 285.285 Executing VM operation: Cleanup
Event: 285.289 Executing VM operation: Cleanup done
Event: 290.309 Executing VM operation: Cleanup
Event: 290.311 Executing VM operation: Cleanup done
Event: 291.316 Executing VM operation: Cleanup
Event: 291.316 Executing VM operation: Cleanup done
Event: 292.317 Executing VM operation: Cleanup
Event: 292.317 Executing VM operation: Cleanup done
Event: 293.321 Executing VM operation: Cleanup
Event: 293.322 Executing VM operation: Cleanup done
Event: 295.331 Executing VM operation: Cleanup
Event: 295.332 Executing VM operation: Cleanup done
Event: 296.336 Executing VM operation: Cleanup
Event: 296.336 Executing VM operation: Cleanup done
Event: 299.342 Executing VM operation: Cleanup
Event: 299.342 Executing VM operation: Cleanup done
Event: 301.352 Executing VM operation: Cleanup
Event: 301.356 Executing VM operation: Cleanup done
Event: 303.365 Executing VM operation: Cleanup
Event: 303.365 Executing VM operation: Cleanup done

Events (20 events):
Event: 266.971 Protecting memory [0x000000017d1e4000,0x000000017d1f0000] with protection modes 3
Event: 266.971 Thread 0x0000000130039a00 Thread exited: 0x0000000130039a00
Event: 266.976 Thread 0x0000000152f46e00 Thread added: 0x0000000152f46e00
Event: 266.976 Protecting memory [0x000000017947c000,0x0000000179488000] with protection modes 0
Event: 266.991 Thread 0x0000000137d43c00 Thread added: 0x0000000137d43c00
Event: 266.991 Protecting memory [0x000000017a6e8000,0x000000017a6f4000] with protection modes 0
Event: 266.991 Thread 0x0000000152ed2000 Thread added: 0x0000000152ed2000
Event: 266.991 Protecting memory [0x000000017a8f4000,0x000000017a900000] with protection modes 0
Event: 266.992 Thread 0x0000000140145e00 Thread added: 0x0000000140145e00
Event: 266.992 Protecting memory [0x000000017ab00000,0x000000017ab0c000] with protection modes 0
Event: 266.996 Thread 0x0000000142a5bc00 Thread added: 0x0000000142a5bc00
Event: 266.996 Protecting memory [0x000000017ad0c000,0x000000017ad18000] with protection modes 0
Event: 266.996 Thread 0x0000000133163c00 Thread added: 0x0000000133163c00
Event: 266.996 Protecting memory [0x000000017cdcc000,0x000000017cdd8000] with protection modes 0
Event: 267.017 Thread 0x0000000132c91c00 Thread added: 0x0000000132c91c00
Event: 267.017 Protecting memory [0x000000017d1e4000,0x000000017d1f0000] with protection modes 0
Event: 267.724 Protecting memory [0x000000017947c000,0x0000000179488000] with protection modes 3
Event: 267.725 Thread 0x0000000152f46e00 Thread exited: 0x0000000152f46e00
Event: 271.956 Protecting memory [0x000000017d3f0000,0x000000017d3fc000] with protection modes 3
Event: 271.956 Thread 0x0000000137dc8000 Thread exited: 0x0000000137dc8000


Dynamic libraries:
0x0000000102430000 	/opt/homebrew/Cellar/openjdk/19/libexec/openjdk.jdk/Contents/Home/lib/libjli.dylib
0x00000001b5075000 	/usr/lib/libz.1.dylib
0x00000001b512c000 	/usr/lib/libSystem.B.dylib
0x00000001b5126000 	/usr/lib/system/libcache.dylib
0x00000001b50e4000 	/usr/lib/system/libcommonCrypto.dylib
0x00000001b510d000 	/usr/lib/system/libcompiler_rt.dylib
0x00000001b5104000 	/usr/lib/system/libcopyfile.dylib
0x00000001aa34b000 	/usr/lib/system/libcorecrypto.dylib
0x00000001aa400000 	/usr/lib/system/libdispatch.dylib
0x00000001aa5ce000 	/usr/lib/system/libdyld.dylib
0x00000001b511c000 	/usr/lib/system/libkeymgr.dylib
0x00000001b50bf000 	/usr/lib/system/libmacho.dylib
0x00000001b47af000 	/usr/lib/system/libquarantine.dylib
0x00000001b5119000 	/usr/lib/system/libremovefile.dylib
0x00000001af746000 	/usr/lib/system/libsystem_asl.dylib
0x00000001aa2ed000 	/usr/lib/system/libsystem_blocks.dylib
0x00000001aa488000 	/usr/lib/system/libsystem_c.dylib
0x00000001b5111000 	/usr/lib/system/libsystem_collections.dylib
0x00000001b3c44000 	/usr/lib/system/libsystem_configuration.dylib
0x00000001b2e9e000 	/usr/lib/system/libsystem_containermanager.dylib
0x00000001b4e1c000 	/usr/lib/system/libsystem_coreservices.dylib
0x00000001accff000 	/usr/lib/system/libsystem_darwin.dylib
0x00000001b511d000 	/usr/lib/system/libsystem_dnssd.dylib
0x00000001aa485000 	/usr/lib/system/libsystem_featureflags.dylib
0x00000001aa5e3000 	/usr/lib/system/libsystem_info.dylib
0x00000001b5087000 	/usr/lib/system/libsystem_m.dylib
0x00000001aa3d5000 	/usr/lib/system/libsystem_malloc.dylib
0x00000001af6d4000 	/usr/lib/system/libsystem_networkextension.dylib
0x00000001ad158000 	/usr/lib/system/libsystem_notify.dylib
0x00000001bb481000 	/usr/lib/system/libsystem_product_info_filter.dylib
0x00000001b3c49000 	/usr/lib/system/libsystem_sandbox.dylib
0x00000001b5116000 	/usr/lib/system/libsystem_secinit.dylib
0x00000001aa589000 	/usr/lib/system/libsystem_kernel.dylib
0x00000001aa5db000 	/usr/lib/system/libsystem_platform.dylib
0x00000001aa5c1000 	/usr/lib/system/libsystem_pthread.dylib
0x00000001b0eaa000 	/usr/lib/system/libsystem_symptoms.dylib
0x00000001aa331000 	/usr/lib/system/libsystem_trace.dylib
0x00000001b50f1000 	/usr/lib/system/libunwind.dylib
0x00000001aa2ef000 	/usr/lib/system/libxpc.dylib
0x00000001aa571000 	/usr/lib/libc++abi.dylib
0x00000001aa447000 	/usr/lib/libobjc.A.dylib
0x00000001b50fc000 	/usr/lib/liboah.dylib
0x00000001aa50a000 	/usr/lib/libc++.1.dylib
0x00000001c0faf000 	/System/Library/Frameworks/Cocoa.framework/Versions/A/Cocoa
0x00000001ad1b9000 	/System/Library/Frameworks/AppKit.framework/Versions/C/AppKit
0x00000001b06d0000 	/System/Library/Frameworks/CoreData.framework/Versions/A/CoreData
0x00000001ab514000 	/System/Library/Frameworks/Foundation.framework/Versions/C/Foundation
0x00000001ae072000 	/System/Library/PrivateFrameworks/UIFoundation.framework/Versions/A/UIFoundation
0x00000001bb17b000 	/System/Library/PrivateFrameworks/RemoteViewServices.framework/Versions/A/RemoteViewServices
0x00000001b35ec000 	/System/Library/PrivateFrameworks/XCTTargetBootstrap.framework/Versions/A/XCTTargetBootstrap
0x00000001b6e6c000 	/System/Library/PrivateFrameworks/InternationalSupport.framework/Versions/A/InternationalSupport
0x00000001b6ef5000 	/System/Library/PrivateFrameworks/UserActivity.framework/Versions/A/UserActivity
0x00000001b6363000 	/usr/lib/libspindump.dylib
0x00000001ae2e3000 	/System/Library/Frameworks/UniformTypeIdentifiers.framework/Versions/A/UniformTypeIdentifiers
0x00000001b1b34000 	/usr/lib/libapp_launch_measurement.dylib
0x00000001b105c000 	/System/Library/PrivateFrameworks/CoreAnalytics.framework/Versions/A/CoreAnalytics
0x00000001b1b37000 	/System/Library/PrivateFrameworks/CoreAutoLayout.framework/Versions/A/CoreAutoLayout
0x00000001b2edb000 	/System/Library/Frameworks/Metal.framework/Versions/A/Metal
0x00000001b3c54000 	/usr/lib/liblangid.dylib
0x00000001b35f1000 	/System/Library/PrivateFrameworks/CoreSVG.framework/Versions/A/CoreSVG
0x00000001af77a000 	/System/Library/PrivateFrameworks/SkyLight.framework/Versions/A/SkyLight
0x00000001afb56000 	/System/Library/Frameworks/CoreGraphics.framework/Versions/A/CoreGraphics
0x00000001bb847000 	/System/Library/Frameworks/Accelerate.framework/Versions/A/Accelerate
0x00000001b5dda000 	/System/Library/PrivateFrameworks/IconServices.framework/Versions/A/IconServices
0x00000001b2ebd000 	/System/Library/Frameworks/IOSurface.framework/Versions/A/IOSurface
0x00000001b108d000 	/usr/lib/libDiagnosticMessagesClient.dylib
0x00000001bed4c000 	/System/Library/Frameworks/ApplicationServices.framework/Versions/A/ApplicationServices
0x00000001b35d4000 	/System/Library/PrivateFrameworks/DFRFoundation.framework/Versions/A/DFRFoundation
0x00000001aca49000 	/usr/lib/libicucore.A.dylib
0x00000001b7d1a000 	/System/Library/Frameworks/AudioToolbox.framework/Versions/A/AudioToolbox
0x00000001b6e78000 	/System/Library/PrivateFrameworks/DataDetectorsCore.framework/Versions/A/DataDetectorsCore
0x00000001cd898000 	/System/Library/PrivateFrameworks/TextInput.framework/Versions/A/TextInput
0x00000001af6ef000 	/usr/lib/libMobileGestalt.dylib
0x00000001b32a0000 	/System/Library/Frameworks/Carbon.framework/Versions/A/Frameworks/HIToolbox.framework/Versions/A/HIToolbox
0x00000001b150d000 	/System/Library/Frameworks/QuartzCore.framework/Versions/A/QuartzCore
0x00000001ac6ca000 	/System/Library/Frameworks/Security.framework/Versions/A/Security
0x00000001bb1bb000 	/System/Library/Frameworks/Carbon.framework/Versions/A/Frameworks/SpeechRecognition.framework/Versions/A/SpeechRecognition
0x00000001b1889000 	/System/Library/PrivateFrameworks/CoreUI.framework/Versions/A/CoreUI
0x00000001abfa6000 	/System/Library/Frameworks/CoreAudio.framework/Versions/A/CoreAudio
0x00000001b1181000 	/System/Library/Frameworks/DiskArbitration.framework/Versions/A/DiskArbitration
0x00000001b676d000 	/System/Library/PrivateFrameworks/MultitouchSupport.framework/Versions/A/MultitouchSupport
0x00000001af6ed000 	/usr/lib/libenergytrace.dylib
0x00000001ad081000 	/System/Library/Frameworks/IOKit.framework/Versions/A/IOKit
0x00000001bb5aa000 	/System/Library/Frameworks/CoreServices.framework/Versions/A/CoreServices
0x00000001b1ac4000 	/System/Library/PrivateFrameworks/PerformanceAnalysis.framework/Versions/A/PerformanceAnalysis
0x000000020bd43000 	/System/Library/Frameworks/OpenGL.framework/Versions/A/OpenGL
0x00000001b46c7000 	/System/Library/PrivateFrameworks/MobileKeyBag.framework/Versions/A/MobileKeyBag
0x00000001b0164000 	/System/Library/Frameworks/ColorSync.framework/Versions/A/ColorSync
0x00000001aa610000 	/System/Library/Frameworks/CoreFoundation.framework/Versions/A/CoreFoundation
0x00000001b3870000 	/System/Library/Frameworks/CoreImage.framework/Versions/A/CoreImage
0x00000001abdca000 	/System/Library/Frameworks/CoreText.framework/Versions/A/CoreText
0x00000001b3621000 	/System/Library/Frameworks/ImageIO.framework/Versions/A/ImageIO
0x00000001b5132000 	/System/Library/PrivateFrameworks/SoftLinking.framework/Versions/A/SoftLinking
0x00000001b1b82000 	/usr/lib/libxml2.2.dylib
0x00000001b53cb000 	/usr/lib/libcompression.dylib
0x00000001b6dc8000 	/System/Library/PrivateFrameworks/TextureIO.framework/Versions/A/TextureIO
0x00000001b5af3000 	/usr/lib/libate.dylib
0x00000001b59b8000 	/usr/lib/liblzma.5.dylib
0x00000001ab207000 	/System/Library/Frameworks/SystemConfiguration.framework/Versions/A/SystemConfiguration
0x00000001b512e000 	/usr/lib/libfakelink.dylib
0x00000001af21f000 	/System/Library/Frameworks/CFNetwork.framework/Versions/A/CFNetwork
0x00000001b5274000 	/usr/lib/libarchive.2.dylib
0x00000001b3c50000 	/System/Library/PrivateFrameworks/AppleSystemInfo.framework/Versions/A/AppleSystemInfo
0x00000001b47da000 	/usr/lib/libbsm.0.dylib
0x00000001ae78c000 	/usr/lib/libnetwork.dylib
0x00000001b50c8000 	/usr/lib/system/libkxld.dylib
0x00000001b43f4000 	/System/Library/PrivateFrameworks/IOMobileFramebuffer.framework/Versions/A/IOMobileFramebuffer
0x000000022a12d000 	/usr/lib/libCoreEntitlements.dylib
0x00000001b4dfe000 	/System/Library/PrivateFrameworks/AppleFSCompression.framework/Versions/A/AppleFSCompression
0x00000001b47c2000 	/usr/lib/libcoretls.dylib
0x00000001b59d1000 	/usr/lib/libcoretls_cfhelpers.dylib
0x00000001b53c6000 	/usr/lib/libpam.2.dylib
0x00000001b0ac0000 	/usr/lib/libsqlite3.dylib
0x00000001b5a3a000 	/usr/lib/libxar.1.dylib
0x00000001b4e0f000 	/usr/lib/libbz2.1.0.dylib
0x00000001b5133000 	/usr/lib/libpcap.A.dylib
0x00000001b0ea1000 	/usr/lib/libdns_services.dylib
0x00000001b5399000 	/usr/lib/libapple_nghttp2.dylib
0x00000001b5170000 	/usr/lib/libiconv.2.dylib
0x00000001b50be000 	/usr/lib/libcharset.1.dylib
0x00000001b1b00000 	/System/Library/Frameworks/CoreServices.framework/Versions/A/Frameworks/FSEvents.framework/Versions/A/FSEvents
0x00000001acd0a000 	/System/Library/Frameworks/CoreServices.framework/Versions/A/Frameworks/CarbonCore.framework/Versions/A/CarbonCore
0x00000001b10e1000 	/System/Library/Frameworks/CoreServices.framework/Versions/A/Frameworks/Metadata.framework/Versions/A/Metadata
0x00000001b4e22000 	/System/Library/Frameworks/CoreServices.framework/Versions/A/Frameworks/OSServices.framework/Versions/A/OSServices
0x00000001b52fa000 	/System/Library/Frameworks/CoreServices.framework/Versions/A/Frameworks/SearchKit.framework/Versions/A/SearchKit
0x00000001b0e2f000 	/System/Library/Frameworks/CoreServices.framework/Versions/A/Frameworks/AE.framework/Versions/A/AE
0x00000001aab57000 	/System/Library/Frameworks/CoreServices.framework/Versions/A/Frameworks/LaunchServices.framework/Versions/A/LaunchServices
0x00000001b5961000 	/System/Library/Frameworks/CoreServices.framework/Versions/A/Frameworks/DictionaryServices.framework/Versions/A/DictionaryServices
0x00000001b1b0d000 	/System/Library/Frameworks/CoreServices.framework/Versions/A/Frameworks/SharedFileList.framework/Versions/A/SharedFileList
0x00000001b47b2000 	/usr/lib/libCheckFix.dylib
0x00000001af75e000 	/System/Library/PrivateFrameworks/TCC.framework/Versions/A/TCC
0x00000001b3c56000 	/System/Library/PrivateFrameworks/CoreNLP.framework/Versions/A/CoreNLP
0x00000001b1090000 	/System/Library/PrivateFrameworks/MetadataUtilities.framework/Versions/A/MetadataUtilities
0x00000001ab2c1000 	/usr/lib/libmecabra.dylib
0x00000001b47eb000 	/usr/lib/libmecab.dylib
0x00000001ab28d000 	/usr/lib/libCRFSuite.dylib
0x00000001b4848000 	/usr/lib/libgermantok.dylib
0x00000001b5372000 	/usr/lib/libThaiTokenizer.dylib
0x00000001b1189000 	/System/Library/Frameworks/Accelerate.framework/Versions/A/Frameworks/vImage.framework/Versions/A/vImage
0x00000001bb581000 	/System/Library/Frameworks/Accelerate.framework/Versions/A/Frameworks/vecLib.framework/Versions/A/vecLib
0x00000001b5a7f000 	/System/Library/Frameworks/Accelerate.framework/Versions/A/Frameworks/vecLib.framework/Versions/A/libvMisc.dylib
0x00000001b42fb000 	/System/Library/Frameworks/Accelerate.framework/Versions/A/Frameworks/vecLib.framework/Versions/A/libvDSP.dylib
0x00000001aaee2000 	/System/Library/Frameworks/Accelerate.framework/Versions/A/Frameworks/vecLib.framework/Versions/A/libBLAS.dylib
0x00000001b549c000 	/System/Library/Frameworks/Accelerate.framework/Versions/A/Frameworks/vecLib.framework/Versions/A/libLAPACK.dylib
0x00000001b484b000 	/System/Library/Frameworks/Accelerate.framework/Versions/A/Frameworks/vecLib.framework/Versions/A/libLinearAlgebra.dylib
0x00000001b53b1000 	/System/Library/Frameworks/Accelerate.framework/Versions/A/Frameworks/vecLib.framework/Versions/A/libSparseBLAS.dylib
0x00000001b5497000 	/System/Library/Frameworks/Accelerate.framework/Versions/A/Frameworks/vecLib.framework/Versions/A/libQuadrature.dylib
0x00000001b3d4f000 	/System/Library/Frameworks/Accelerate.framework/Versions/A/Frameworks/vecLib.framework/Versions/A/libBNNS.dylib
0x00000001ab1a0000 	/System/Library/Frameworks/Accelerate.framework/Versions/A/Frameworks/vecLib.framework/Versions/A/libSparse.dylib
0x00000001b3d47000 	/System/Library/PrivateFrameworks/LinguisticData.framework/Versions/A/LinguisticData
0x00000001ab158000 	/System/Library/PrivateFrameworks/Lexicon.framework/Versions/A/Lexicon
0x00000001b5a77000 	/usr/lib/libChineseTokenizer.dylib
0x00000001ab906000 	/System/Library/PrivateFrameworks/LanguageModeling.framework/Versions/A/LanguageModeling
0x00000001b5374000 	/System/Library/PrivateFrameworks/AppleSauce.framework/Versions/A/AppleSauce
0x00000001b43e1000 	/System/Library/PrivateFrameworks/CoreEmoji.framework/Versions/A/CoreEmoji
0x00000001b5262000 	/usr/lib/libcmph.dylib
0x00000001b1ae0000 	/System/Library/Frameworks/OpenDirectory.framework/Versions/A/Frameworks/CFOpenDirectory.framework/Versions/A/CFOpenDirectory
0x00000001b1ad0000 	/System/Library/Frameworks/OpenDirectory.framework/Versions/A/OpenDirectory
0x00000001b59d3000 	/System/Library/PrivateFrameworks/APFS.framework/Versions/A/APFS
0x00000001b4702000 	/System/Library/Frameworks/SecurityFoundation.framework/Versions/A/SecurityFoundation
0x00000001b5a49000 	/usr/lib/libutil.dylib
0x00000001ad043000 	/System/Library/PrivateFrameworks/CoreServicesStore.framework/Versions/A/CoreServicesStore
0x00000001b5a4d000 	/usr/lib/libxslt.1.dylib
0x00000001b4796000 	/System/Library/PrivateFrameworks/BackgroundTaskManagement.framework/Versions/A/BackgroundTaskManagement
0x00000001b6ce9000 	/System/Library/Frameworks/ImageIO.framework/Versions/A/Resources/libRadiance.dylib
0x00000001b6cf2000 	/System/Library/Frameworks/ImageIO.framework/Versions/A/Resources/libJPEG.dylib
0x00000001b6c45000 	/System/Library/Frameworks/ImageIO.framework/Versions/A/Resources/libPng.dylib
0x00000001b6c67000 	/System/Library/Frameworks/ImageIO.framework/Versions/A/Resources/libTIFF.dylib
0x00000001b6d4d000 	/System/Library/Frameworks/ImageIO.framework/Versions/A/Resources/libGIF.dylib
0x00000001b667d000 	/System/Library/Frameworks/ImageIO.framework/Versions/A/Resources/libJP2.dylib
0x00000001b5d9f000 	/usr/lib/libexpat.1.dylib
0x00000001b6638000 	/System/Library/PrivateFrameworks/AppleJPEG.framework/Versions/A/AppleJPEG
0x00000001b315c000 	/System/Library/PrivateFrameworks/FontServices.framework/libFontParser.dylib
0x00000001b0dd4000 	/System/Library/PrivateFrameworks/RunningBoardServices.framework/Versions/A/RunningBoardServices
0x00000001c1686000 	/System/Library/PrivateFrameworks/IOSurfaceAccelerator.framework/Versions/A/IOSurfaceAccelerator
0x00000001b6769000 	/System/Library/PrivateFrameworks/WatchdogClient.framework/Versions/A/WatchdogClient
0x00000001aba06000 	/System/Library/Frameworks/CoreDisplay.framework/Versions/A/CoreDisplay
0x00000001b3046000 	/System/Library/Frameworks/CoreMedia.framework/Versions/A/CoreMedia
0x00000001b2ed1000 	/System/Library/PrivateFrameworks/IOAccelerator.framework/Versions/A/IOAccelerator
0x00000001b1c70000 	/System/Library/Frameworks/CoreVideo.framework/Versions/A/CoreVideo
0x00000001b53c4000 	/System/Library/Frameworks/MetalPerformanceShaders.framework/Versions/A/MetalPerformanceShaders
0x00000001b67a8000 	/System/Library/Frameworks/VideoToolbox.framework/Versions/A/VideoToolbox
0x00000001b0d18000 	/System/Library/PrivateFrameworks/BaseBoard.framework/Versions/A/BaseBoard
0x00000001b0aa6000 	/System/Library/PrivateFrameworks/ProtocolBuffer.framework/Versions/A/ProtocolBuffer
0x00000001b6ce4000 	/System/Library/PrivateFrameworks/GPUWrangler.framework/Versions/A/GPUWrangler
0x00000001b6cc4000 	/System/Library/PrivateFrameworks/IOPresentment.framework/Versions/A/IOPresentment
0x00000001b6cec000 	/System/Library/PrivateFrameworks/DSExternalDisplay.framework/Versions/A/DSExternalDisplay
0x000000020bd36000 	/System/Library/Frameworks/OpenGL.framework/Versions/A/Libraries/libCoreFSCache.dylib
0x0000000216c00000 	/System/Library/PrivateFrameworks/GPUCompiler.framework/Versions/31001/Libraries/libGPUCompilerUtils.dylib
0x00000001b6d52000 	/System/Library/PrivateFrameworks/CMCaptureCore.framework/Versions/A/CMCaptureCore
0x00000001b6350000 	/System/Library/PrivateFrameworks/AppServerSupport.framework/Versions/A/AppServerSupport
0x00000001b85d8000 	/System/Library/PrivateFrameworks/perfdata.framework/Versions/A/perfdata
0x00000001abb26000 	/System/Library/PrivateFrameworks/AudioToolboxCore.framework/Versions/A/AudioToolboxCore
0x00000001b301f000 	/System/Library/PrivateFrameworks/caulk.framework/Versions/A/caulk
0x00000001b7ecd000 	/usr/lib/libAudioStatistics.dylib
0x00000001c9eeb000 	/System/Library/PrivateFrameworks/SystemPolicy.framework/Versions/A/SystemPolicy
0x00000001b8139000 	/usr/lib/libSMC.dylib
0x00000001c0e8d000 	/System/Library/Frameworks/CoreMIDI.framework/Versions/A/CoreMIDI
0x00000001b6c13000 	/usr/lib/libAudioToolboxUtility.dylib
0x00000001c604e000 	/System/Library/PrivateFrameworks/OSAServicesClient.framework/Versions/A/OSAServicesClient
0x00000001b85e5000 	/usr/lib/libperfcheck.dylib
0x00000001caa0a000 	/usr/lib/libmis.dylib
0x000000020bd98000 	/System/Library/Frameworks/OpenGL.framework/Versions/A/Libraries/libGLU.dylib
0x000000020bd57000 	/System/Library/Frameworks/OpenGL.framework/Versions/A/Libraries/libGFXShared.dylib
0x000000020bf44000 	/System/Library/Frameworks/OpenGL.framework/Versions/A/Libraries/libGL.dylib
0x000000020bd60000 	/System/Library/Frameworks/OpenGL.framework/Versions/A/Libraries/libGLImage.dylib
0x000000020bd54000 	/System/Library/Frameworks/OpenGL.framework/Versions/A/Libraries/libCVMSPluginSupport.dylib
0x000000020bd3d000 	/System/Library/Frameworks/OpenGL.framework/Versions/A/Libraries/libCoreVMClient.dylib
0x00000001b3bd0000 	/System/Library/Frameworks/MetalPerformanceShaders.framework/Versions/A/Frameworks/MPSCore.framework/Versions/A/MPSCore
0x00000001b4d71000 	/System/Library/Frameworks/MetalPerformanceShaders.framework/Versions/A/Frameworks/MPSImage.framework/Versions/A/MPSImage
0x00000001b4860000 	/System/Library/Frameworks/MetalPerformanceShaders.framework/Versions/A/Frameworks/MPSNeuralNetwork.framework/Versions/A/MPSNeuralNetwork
0x00000001b4c99000 	/System/Library/Frameworks/MetalPerformanceShaders.framework/Versions/A/Frameworks/MPSMatrix.framework/Versions/A/MPSMatrix
0x00000001b4a72000 	/System/Library/Frameworks/MetalPerformanceShaders.framework/Versions/A/Frameworks/MPSRayIntersector.framework/Versions/A/MPSRayIntersector
0x00000001b4cca000 	/System/Library/Frameworks/MetalPerformanceShaders.framework/Versions/A/Frameworks/MPSNDArray.framework/Versions/A/MPSNDArray
0x000000020e83f000 	/System/Library/Frameworks/MetalPerformanceShaders.framework/Versions/A/Frameworks/MPSFunctions.framework/Versions/A/MPSFunctions
0x00000001aadb8000 	/System/Library/PrivateFrameworks/MetalTools.framework/Versions/A/MetalTools
0x00000001b3c4e000 	/System/Library/PrivateFrameworks/AggregateDictionary.framework/Versions/A/AggregateDictionary
0x00000001b5b84000 	/usr/lib/libIOReport.dylib
0x00000001bfea6000 	/System/Library/PrivateFrameworks/ASEProcessing.framework/Versions/A/ASEProcessing
0x00000001b5ef9000 	/System/Library/PrivateFrameworks/FaceCore.framework/Versions/A/FaceCore
0x00000001b5eeb000 	/System/Library/PrivateFrameworks/GraphVisualizer.framework/Versions/A/GraphVisualizer
0x0000000216b17000 	/System/Library/PrivateFrameworks/FontServices.framework/Versions/A/FontServices
0x00000001b630c000 	/System/Library/PrivateFrameworks/OTSVG.framework/Versions/A/OTSVG
0x00000001b1839000 	/System/Library/Frameworks/ApplicationServices.framework/Versions/A/Frameworks/ATS.framework/Versions/A/Resources/libFontRegistry.dylib
0x00000001b6359000 	/System/Library/PrivateFrameworks/FontServices.framework/libhvf.dylib
0x0000000216b18000 	/System/Library/PrivateFrameworks/FontServices.framework/libXTFontStaticRegistryData.dylib
0x000000020c0e5000 	/System/Library/Frameworks/OpenCL.framework/Versions/A/OpenCL
0x00000001b5d53000 	/System/Library/PrivateFrameworks/AppleVA.framework/Versions/A/AppleVA
0x00000001b7ef5000 	/System/Library/Frameworks/ApplicationServices.framework/Versions/A/Frameworks/ATS.framework/Versions/A/ATS
0x00000001b0263000 	/System/Library/Frameworks/ApplicationServices.framework/Versions/A/Frameworks/HIServices.framework/Versions/A/HIServices
0x00000001b6d5c000 	/System/Library/Frameworks/ApplicationServices.framework/Versions/A/Frameworks/PrintCore.framework/Versions/A/PrintCore
0x00000001b828c000 	/System/Library/Frameworks/ApplicationServices.framework/Versions/A/Frameworks/QD.framework/Versions/A/QD
0x00000001b8284000 	/System/Library/Frameworks/ApplicationServices.framework/Versions/A/Frameworks/ColorSyncLegacy.framework/Versions/A/ColorSyncLegacy
0x00000001b7ee1000 	/System/Library/Frameworks/ApplicationServices.framework/Versions/A/Frameworks/SpeechSynthesis.framework/Versions/A/SpeechSynthesis
0x00000001b6d1d000 	/System/Library/Frameworks/ApplicationServices.framework/Versions/A/Frameworks/ATSUI.framework/Versions/A/ATSUI
0x00000001b8219000 	/usr/lib/libcups.2.dylib
0x00000001b85f3000 	/System/Library/Frameworks/Kerberos.framework/Versions/A/Kerberos
0x00000001b8604000 	/System/Library/Frameworks/GSS.framework/Versions/A/GSS
0x00000001b7f65000 	/usr/lib/libresolv.9.dylib
0x00000001b6368000 	/System/Library/PrivateFrameworks/Heimdal.framework/Versions/A/Heimdal
0x00000001bf0dc000 	/System/Library/Frameworks/Kerberos.framework/Versions/A/Libraries/libHeimdalProxy.dylib
0x00000001b0eb3000 	/System/Library/Frameworks/Network.framework/Versions/A/Network
0x00000001b5dba000 	/usr/lib/libheimdal-asn1.dylib
0x00000001b8654000 	/System/Library/PrivateFrameworks/CommonAuth.framework/Versions/A/CommonAuth
0x00000001b7e5b000 	/System/Library/PrivateFrameworks/AudioSession.framework/Versions/A/AudioSession
0x00000001b5e4c000 	/System/Library/PrivateFrameworks/MediaExperience.framework/Versions/A/MediaExperience
0x00000001b7ce0000 	/System/Library/PrivateFrameworks/AudioSession.framework/libSessionUtility.dylib
0x00000001b8298000 	/System/Library/PrivateFrameworks/AudioResourceArbitration.framework/Versions/A/AudioResourceArbitration
0x00000001bc45e000 	/System/Library/PrivateFrameworks/PowerLog.framework/Versions/A/PowerLog
0x00000001b5dc4000 	/System/Library/PrivateFrameworks/IconFoundation.framework/Versions/A/IconFoundation
0x00000001bb1a7000 	/System/Library/PrivateFrameworks/SpeechRecognitionCore.framework/Versions/A/SpeechRecognitionCore
0x0000000103678000 	/opt/homebrew/Cellar/openjdk/19/libexec/openjdk.jdk/Contents/Home/lib/server/libjvm.dylib
0x0000000102494000 	/opt/homebrew/Cellar/openjdk/19/libexec/openjdk.jdk/Contents/Home/lib/libjimage.dylib
0x00000001024c4000 	/opt/homebrew/Cellar/openjdk/19/libexec/openjdk.jdk/Contents/Home/lib/libinstrument.dylib
0x0000000102514000 	/opt/homebrew/Cellar/openjdk/19/libexec/openjdk.jdk/Contents/Home/lib/libjava.dylib
0x00000001024f8000 	/opt/homebrew/Cellar/openjdk/19/libexec/openjdk.jdk/Contents/Home/lib/libzip.dylib
0x00000001030ac000 	/opt/homebrew/Cellar/openjdk/19/libexec/openjdk.jdk/Contents/Home/lib/libnio.dylib
0x00000001030cc000 	/opt/homebrew/Cellar/openjdk/19/libexec/openjdk.jdk/Contents/Home/lib/libnet.dylib
0x0000000102674000 	/opt/homebrew/Cellar/openjdk/19/libexec/openjdk.jdk/Contents/Home/lib/libmanagement.dylib
0x0000000102688000 	/opt/homebrew/Cellar/openjdk/19/libexec/openjdk.jdk/Contents/Home/lib/libmanagement_ext.dylib
0x0000000103200000 	/opt/homebrew/Cellar/openjdk/19/libexec/openjdk.jdk/Contents/Home/lib/libverify.dylib
0x00000001030ec000 	/opt/homebrew/Cellar/openjdk/19/libexec/openjdk.jdk/Contents/Home/lib/libextnet.dylib


VM Arguments:
jvm_args: -javaagent:/Users/ngan.dang/.m2/repository/org/aspectj/aspectjweaver/1.9.9.1/aspectjweaver-1.9.9.1.jar 
java_command: /Users/ngan.dang/Testing/mini-app-center/target/surefire/surefirebooter-20221025171754921_3.jar /Users/ngan.dang/Testing/mini-app-center/target/surefire 2022-10-25T17-17-54_779-jvmRun1 surefire-20221025171754921_1tmp surefire_0-20221025171754921_2tmp
java_class_path (initial): /Users/ngan.dang/Testing/mini-app-center/target/surefire/surefirebooter-20221025171754921_3.jar
Launcher Type: SUN_STANDARD

[Global flags]
     intx CICompilerCount                          = 4                                         {product} {ergonomic}
     uint ConcGCThreads                            = 2                                         {product} {ergonomic}
     uint G1ConcRefinementThreads                  = 8                                         {product} {ergonomic}
   size_t G1HeapRegionSize                         = 2097152                                   {product} {ergonomic}
    uintx GCDrainStackTargetSize                   = 64                                        {product} {ergonomic}
   size_t InitialHeapSize                          = 268435456                                 {product} {ergonomic}
   size_t MarkStackSize                            = 4194304                                   {product} {ergonomic}
   size_t MaxHeapSize                              = 4294967296                                {product} {ergonomic}
   size_t MaxNewSize                               = 2575302656                                {product} {ergonomic}
   size_t MinHeapDeltaBytes                        = 2097152                                   {product} {ergonomic}
   size_t MinHeapSize                              = 8388608                                   {product} {ergonomic}
    uintx NonNMethodCodeHeapSize                   = 5839564                                {pd product} {ergonomic}
    uintx NonProfiledCodeHeapSize                  = 122909338                              {pd product} {ergonomic}
    uintx ProfiledCodeHeapSize                     = 122909338                              {pd product} {ergonomic}
    uintx ReservedCodeCacheSize                    = 251658240                              {pd product} {ergonomic}
     bool SegmentedCodeCache                       = true                                      {product} {ergonomic}
   size_t SoftMaxHeapSize                          = 4294967296                             {manageable} {ergonomic}
     bool UseCompressedClassPointers               = true                           {product lp64_product} {ergonomic}
     bool UseCompressedOops                        = true                           {product lp64_product} {ergonomic}
     bool UseG1GC                                  = true                                      {product} {ergonomic}
     bool UseNUMA                                  = false                                     {product} {ergonomic}
     bool UseNUMAInterleaving                      = false                                     {product} {ergonomic}

Logging:
Log output configuration:
 #0: stdout all=warning uptime,level,tags foldmultilines=false
 #1: stderr all=off uptime,level,tags foldmultilines=false

Environment Variables:
JAVA_HOME=/opt/homebrew/opt/openjdk/libexec/openjdk.jdk/Contents/Home
PATH=/var/folders/57/zjxg7xzj2gd4ffg7zjyr804m0000gp/T/yarn--1666688569823-0.4315542551291811:/Users/ngan.dang/Testing/mini-app-center/report-tracking/be-report-tracking/node_modules/.bin:/Users/ngan.dang/.config/yarn/link/node_modules/.bin:/usr/local/libexec/lib/node_modules/npm/bin/node-gyp-bin:/usr/local/lib/node_modules/npm/bin/node-gyp-bin:/usr/local/bin/node_modules/npm/bin/node-gyp-bin:/opt/homebrew/bin:/opt/homebrew/sbin:/usr/local/bin:/usr/bin:/bin:/usr/sbin:/sbin:/Library/Apple/usr/bin
SHELL=/bin/zsh
LC_CTYPE=UTF-8
TERM=xterm-256color
TMPDIR=/var/folders/57/zjxg7xzj2gd4ffg7zjyr804m0000gp/T/

Active Locale:
LC_ALL=C/UTF-8/C/C/C/C
LC_COLLATE=C
LC_CTYPE=UTF-8
LC_MESSAGES=C
LC_MONETARY=C
LC_NUMERIC=C
LC_TIME=C

Signal Handlers:
   SIGSEGV: _ZL13crash_handleriP9__siginfoPv in libjvm.dylib, mask=11100110000111110111111111111111, flags=SA_RESTART|SA_SIGINFO
    SIGBUS: _ZL13crash_handleriP9__siginfoPv in libjvm.dylib, mask=11100110000111110111111111111111, flags=SA_RESTART|SA_SIGINFO
    SIGFPE: _ZL13crash_handleriP9__siginfoPv in libjvm.dylib, mask=11100110000111110111111111111111, flags=SA_RESTART|SA_SIGINFO
   SIGPIPE: _ZL17javaSignalHandleriP9__siginfoPv in libjvm.dylib, mask=11100110000111110111111111111111, flags=SA_RESTART|SA_SIGINFO
   SIGXFSZ: _ZL17javaSignalHandleriP9__siginfoPv in libjvm.dylib, mask=11100110000111110111111111111111, flags=SA_RESTART|SA_SIGINFO
    SIGILL: _ZL13crash_handleriP9__siginfoPv in libjvm.dylib, mask=11100110000111110111111111111111, flags=SA_RESTART|SA_SIGINFO
   SIGUSR2: _ZL10SR_handleriP9__siginfoP17__darwin_ucontext in libjvm.dylib, mask=00100000000000000000000000000000, flags=SA_RESTART|SA_SIGINFO
    SIGHUP: _ZL11UserHandleriPvS_ in libjvm.dylib, mask=11100110000111110111111111111111, flags=SA_RESTART|SA_SIGINFO
    SIGINT: _ZL11UserHandleriPvS_ in libjvm.dylib, mask=11100110000111110111111111111111, flags=SA_RESTART|SA_SIGINFO
   SIGTERM: _ZL11UserHandleriPvS_ in libjvm.dylib, mask=11100110000111110111111111111111, flags=SA_RESTART|SA_SIGINFO
   SIGQUIT: _ZL11UserHandleriPvS_ in libjvm.dylib, mask=11100110000111110111111111111111, flags=SA_RESTART|SA_SIGINFO
   SIGTRAP: _ZL13crash_handleriP9__siginfoPv in libjvm.dylib, mask=11100110000111110111111111111111, flags=SA_RESTART|SA_SIGINFO


---------------  S Y S T E M  ---------------

OS:
uname: Darwin 21.6.0 Darwin Kernel Version 21.6.0: Wed Aug 10 14:28:35 PDT 2022; root:xnu-8020.141.5~2/RELEASE_ARM64_T8101 arm64
OS uptime: 12 days 7:20 hours
rlimit (soft/hard): STACK 8176k/65520k , CORE 0k/infinity , NPROC 2666/4000 , NOFILE 10240/infinity , AS infinity/infinity , CPU infinity/infinity , DATA infinity/infinity , FSIZE infinity/infinity , MEMLOCK infinity/infinity , RSS infinity/infinity
load average: 6.28 5.46 4.27

CPU: total 8 (initial active 8) 0x61:0x0:0x1b588bb3:0, fp, simd, aes, pmull, crc32, lse

Memory: 16k page, physical 16777216k(67536k free), swap 13631488k(810944k free)

vm_info: OpenJDK 64-Bit Server VM (19) for bsd-aarch64 JRE (19), built on 2022-08-12T20:24:53Z by "brew" with clang Apple LLVM 14.0.0 (clang-1400.0.29.102)

END.
